{"/home/david/Private/hub/common/pub-keystore/Gruntfile.js":{"path":"/home/david/Private/hub/common/pub-keystore/Gruntfile.js","s":{"1":1,"2":1,"3":1,"4":1,"5":1,"6":1,"7":1,"8":1,"9":1,"10":1,"11":1,"12":1},"b":{},"f":{"1":1},"fnMap":{"1":{"name":"(anonymous_1)","line":4,"loc":{"start":{"line":4,"column":17},"end":{"line":5,"column":0}}}},"statementMap":{"1":{"start":{"line":4,"column":0},"end":{"line":69,"column":2}},"2":{"start":{"line":6,"column":4},"end":{"line":56,"column":7}},"3":{"start":{"line":58,"column":4},"end":{"line":58,"column":39}},"4":{"start":{"line":59,"column":4},"end":{"line":59,"column":43}},"5":{"start":{"line":60,"column":4},"end":{"line":60,"column":39}},"6":{"start":{"line":61,"column":4},"end":{"line":61,"column":37}},"7":{"start":{"line":63,"column":4},"end":{"line":63,"column":45}},"8":{"start":{"line":64,"column":4},"end":{"line":64,"column":52}},"9":{"start":{"line":65,"column":4},"end":{"line":65,"column":41}},"10":{"start":{"line":66,"column":4},"end":{"line":66,"column":71}},"11":{"start":{"line":67,"column":4},"end":{"line":67,"column":54}},"12":{"start":{"line":68,"column":4},"end":{"line":68,"column":59}}},"branchMap":{}},"/home/david/Private/hub/common/pub-keystore/index.js":{"path":"/home/david/Private/hub/common/pub-keystore/index.js","s":{"1":1,"2":1,"3":1228,"4":1228,"5":1228,"6":1228,"7":580,"8":580,"9":0,"10":580,"11":648},"b":{"1":[1228,0],"2":[580,648],"3":[0,580],"4":[580,0]},"f":{"1":1228,"2":1228,"3":580},"fnMap":{"1":{"name":"(anonymous_1)","line":6,"loc":{"start":{"line":6,"column":17},"end":{"line":7,"column":0}}},"2":{"name":"(anonymous_2)","line":8,"loc":{"start":{"line":8,"column":58},"end":{"line":9,"column":4}}},"3":{"name":"(anonymous_3)","line":16,"loc":{"start":{"line":16,"column":33},"end":{"line":17,"column":16}}}},"statementMap":{"1":{"start":{"line":4,"column":0},"end":{"line":4,"column":27}},"2":{"start":{"line":6,"column":0},"end":{"line":32,"column":2}},"3":{"start":{"line":8,"column":4},"end":{"line":31,"column":7}},"4":{"start":{"line":10,"column":8},"end":{"line":28,"column":9}},"5":{"start":{"line":12,"column":12},"end":{"line":12,"column":40}},"6":{"start":{"line":14,"column":12},"end":{"line":27,"column":13}},"7":{"start":{"line":16,"column":16},"end":{"line":26,"column":19}},"8":{"start":{"line":18,"column":20},"end":{"line":25,"column":21}},"9":{"start":{"line":20,"column":24},"end":{"line":20,"column":37}},"10":{"start":{"line":24,"column":24},"end":{"line":24,"column":36}},"11":{"start":{"line":30,"column":8},"end":{"line":30,"column":20}}},"branchMap":{"1":{"line":10,"type":"if","locations":[{"start":{"line":10,"column":8},"end":{"line":10,"column":8}},{"start":{"line":10,"column":8},"end":{"line":10,"column":8}}]},"2":{"line":14,"type":"if","locations":[{"start":{"line":14,"column":12},"end":{"line":14,"column":12}},{"start":{"line":14,"column":12},"end":{"line":14,"column":12}}]},"3":{"line":18,"type":"if","locations":[{"start":{"line":18,"column":20},"end":{"line":18,"column":20}},{"start":{"line":18,"column":20},"end":{"line":18,"column":20}}]},"4":{"line":18,"type":"binary-expr","locations":[{"start":{"line":18,"column":24},"end":{"line":18,"column":27}},{"start":{"line":18,"column":32},"end":{"line":18,"column":59}}]}}},"/home/david/Private/hub/common/pub-keystore/pouchdb/index.js":{"path":"/home/david/Private/hub/common/pub-keystore/pouchdb/index.js","s":{"1":1,"2":1,"3":364,"4":364,"5":364,"6":364,"7":364,"8":364,"9":364,"10":364,"11":715,"12":364,"13":364,"14":1,"15":364,"16":254,"17":110,"18":110,"19":0,"20":110,"21":110,"22":271,"23":0,"24":271,"25":271,"26":271,"27":271,"28":271,"29":271,"30":271,"31":271,"32":271,"33":110,"34":0,"35":0,"36":0,"37":0,"38":0,"39":0,"40":0,"41":110,"42":110,"43":110,"44":1,"45":218,"46":218,"47":0,"48":218,"49":218,"50":109,"51":0,"52":218,"53":218,"54":0,"55":0,"56":0,"57":0,"58":218,"59":364,"60":146,"61":218,"62":0,"63":218,"64":1,"65":1,"66":327,"67":327,"68":218,"69":218,"70":109,"71":109,"72":109,"73":0,"74":327,"75":0,"76":327,"77":327,"78":1,"79":327,"80":327,"81":327,"82":0,"83":1,"84":327,"85":0,"86":327,"87":327,"88":327,"89":8,"90":8,"91":0,"92":327,"93":1,"94":327,"95":1,"96":1,"97":326,"98":327,"99":327,"100":1,"101":0,"102":0,"103":0,"104":0,"105":0,"106":0,"107":0,"108":0,"109":1,"110":705,"111":8,"112":697,"113":697,"114":0,"115":697,"116":276,"117":421,"118":421,"119":1,"120":572,"121":8,"122":564,"123":564,"124":144,"125":420,"126":1,"127":440,"128":8,"129":432,"130":432,"131":12,"132":420,"133":1,"134":96,"135":0,"136":96,"137":96,"138":0,"139":96,"140":96,"141":516,"142":516,"143":420,"144":96,"145":1,"146":274,"147":0,"148":274,"149":274,"150":274,"151":1,"152":273,"153":273,"154":88,"155":0,"156":185,"157":273,"158":0,"159":273,"160":273,"161":0,"162":0,"163":0,"164":0,"165":273,"166":1,"167":176,"168":0,"169":176,"170":176,"171":176,"172":88,"173":88,"174":0,"175":88,"176":1,"177":388,"178":388,"179":388,"180":388,"181":218,"182":218,"183":388,"184":0,"185":0,"186":0,"187":388,"188":110,"189":110,"190":388,"191":1,"192":364,"193":0,"194":364,"195":364,"196":364,"197":24,"198":340,"199":340,"200":0,"201":340,"202":340,"203":1,"204":164,"205":0,"206":164,"207":164,"208":164,"209":0,"210":164,"211":1,"212":24,"213":0,"214":24,"215":24,"216":24,"217":0,"218":24,"219":24,"220":0,"221":24,"222":24,"223":1,"224":73,"225":1,"226":73,"227":1,"228":364,"229":364,"230":364,"231":0,"232":364,"233":364,"234":0,"235":364,"236":364,"237":0,"238":364},"b":{"1":[254,110],"2":[0,110],"3":[0,271],"4":[271,0],"5":[271,0],"6":[0,0],"7":[0,0],"8":[110,0],"9":[0,218],"10":[0,218],"11":[146,218],"12":[0,218],"13":[218,109],"14":[109,109],"15":[109,109],"16":[0,109],"17":[109,0],"18":[0,327],"19":[0,327],"20":[0,327],"21":[327,0],"22":[8,0],"23":[1,326],"24":[1,1],"25":[0,0],"26":[0,0],"27":[8,697],"28":[0,697],"29":[276,421],"30":[8,564],"31":[144,420],"32":[144,0],"33":[8,432],"34":[12,420],"35":[12,0],"36":[0,96],"37":[0,96],"38":[420,96],"39":[0,274],"40":[1,273],"41":[88,185],"42":[0,88],"43":[0,273],"44":[0,273],"45":[0,0],"46":[0,176],"47":[88,88],"48":[88,0],"49":[0,88],"50":[218,170],"51":[0,388],"52":[388,0],"53":[110,278],"54":[364,0],"55":[24,340],"56":[0,340],"57":[340,1,1],"58":[0,164],"59":[0,164],"60":[164,152],"61":[24,0],"62":[0,24],"63":[0,24],"64":[24,0,0],"65":[73,1],"66":[364,220],"67":[364,148],"68":[146,218],"69":[218,146],"70":[0,364],"71":[364,363],"72":[0,364],"73":[364,362],"74":[0,364]},"f":{"1":364,"2":715,"3":364,"4":110,"5":271,"6":0,"7":218,"8":218,"9":109,"10":0,"11":327,"12":109,"13":327,"14":327,"15":327,"16":327,"17":8,"18":327,"19":1,"20":327,"21":0,"22":0,"23":705,"24":697,"25":572,"26":564,"27":440,"28":432,"29":96,"30":96,"31":274,"32":274,"33":273,"34":0,"35":176,"36":176,"37":388,"38":388,"39":364,"40":0,"41":364,"42":340,"43":164,"44":164,"45":24,"46":0,"47":24,"48":24,"49":73,"50":1,"51":364,"52":364,"53":364,"54":364},"fnMap":{"1":{"name":"PubKeyStorePouchDB","line":15,"loc":{"start":{"line":15,"column":0},"end":{"line":16,"column":0}}},"2":{"name":"(anonymous_2)","line":25,"loc":{"start":{"line":25,"column":40},"end":{"line":25,"column":57}}},"3":{"name":"do_changes","line":31,"loc":{"start":{"line":31,"column":4},"end":{"line":32,"column":4}}},"4":{"name":"(anonymous_4)","line":35,"loc":{"start":{"line":35,"column":16},"end":{"line":36,"column":8}}},"5":{"name":"(anonymous_5)","line":45,"loc":{"start":{"line":45,"column":35},"end":{"line":46,"column":12}}},"6":{"name":"(anonymous_6)","line":73,"loc":{"start":{"line":73,"column":34},"end":{"line":74,"column":12}}},"7":{"name":"after_replicate","line":98,"loc":{"start":{"line":98,"column":4},"end":{"line":99,"column":4}}},"8":{"name":"(anonymous_8)","line":100,"loc":{"start":{"line":100,"column":19},"end":{"line":101,"column":8}}},"9":{"name":"(anonymous_9)","line":108,"loc":{"start":{"line":108,"column":38},"end":{"line":108,"column":50}}},"10":{"name":"(anonymous_10)","line":120,"loc":{"start":{"line":120,"column":35},"end":{"line":121,"column":16}}},"11":{"name":"(anonymous_11)","line":146,"loc":{"start":{"line":146,"column":41},"end":{"line":147,"column":0}}},"12":{"name":"(anonymous_12)","line":158,"loc":{"start":{"line":158,"column":19},"end":{"line":159,"column":8}}},"13":{"name":"(anonymous_13)","line":172,"loc":{"start":{"line":172,"column":31},"end":{"line":173,"column":4}}},"14":{"name":"(anonymous_14)","line":178,"loc":{"start":{"line":178,"column":42},"end":{"line":179,"column":0}}},"15":{"name":"(anonymous_15)","line":182,"loc":{"start":{"line":182,"column":43},"end":{"line":183,"column":4}}},"16":{"name":"done","line":189,"loc":{"start":{"line":189,"column":8},"end":{"line":190,"column":8}}},"17":{"name":"(anonymous_17)","line":201,"loc":{"start":{"line":201,"column":35},"end":{"line":202,"column":12}}},"18":{"name":"done2","line":214,"loc":{"start":{"line":214,"column":8},"end":{"line":215,"column":8}}},"19":{"name":"(anonymous_19)","line":218,"loc":{"start":{"line":218,"column":37},"end":{"line":219,"column":16}}},"20":{"name":"(anonymous_20)","line":229,"loc":{"start":{"line":229,"column":28},"end":{"line":229,"column":40}}},"21":{"name":"(anonymous_21)","line":233,"loc":{"start":{"line":233,"column":52},"end":{"line":234,"column":0}}},"22":{"name":"(anonymous_22)","line":249,"loc":{"start":{"line":249,"column":15},"end":{"line":250,"column":4}}},"23":{"name":"(anonymous_23)","line":255,"loc":{"start":{"line":255,"column":56},"end":{"line":256,"column":0}}},"24":{"name":"(anonymous_24)","line":262,"loc":{"start":{"line":262,"column":8},"end":{"line":263,"column":8}}},"25":{"name":"(anonymous_25)","line":271,"loc":{"start":{"line":271,"column":50},"end":{"line":272,"column":0}}},"26":{"name":"(anonymous_26)","line":275,"loc":{"start":{"line":275,"column":22},"end":{"line":276,"column":4}}},"27":{"name":"(anonymous_27)","line":282,"loc":{"start":{"line":282,"column":45},"end":{"line":283,"column":0}}},"28":{"name":"(anonymous_28)","line":286,"loc":{"start":{"line":286,"column":22},"end":{"line":287,"column":4}}},"29":{"name":"(anonymous_29)","line":293,"loc":{"start":{"line":293,"column":40},"end":{"line":294,"column":0}}},"30":{"name":"(anonymous_30)","line":297,"loc":{"start":{"line":297,"column":21},"end":{"line":298,"column":4}}},"31":{"name":"(anonymous_31)","line":317,"loc":{"start":{"line":317,"column":43},"end":{"line":318,"column":0}}},"32":{"name":"(anonymous_32)","line":330,"loc":{"start":{"line":330,"column":40},"end":{"line":331,"column":4}}},"33":{"name":"(anonymous_33)","line":347,"loc":{"start":{"line":347,"column":25},"end":{"line":348,"column":8}}},"34":{"name":"(anonymous_34)","line":355,"loc":{"start":{"line":355,"column":38},"end":{"line":356,"column":20}}},"35":{"name":"(anonymous_35)","line":369,"loc":{"start":{"line":369,"column":46},"end":{"line":370,"column":0}}},"36":{"name":"(anonymous_36)","line":375,"loc":{"start":{"line":375,"column":22},"end":{"line":376,"column":4}}},"37":{"name":"(anonymous_37)","line":383,"loc":{"start":{"line":383,"column":37},"end":{"line":384,"column":0}}},"38":{"name":"(anonymous_38)","line":389,"loc":{"start":{"line":389,"column":31},"end":{"line":390,"column":4}}},"39":{"name":"(anonymous_39)","line":414,"loc":{"start":{"line":414,"column":37},"end":{"line":415,"column":0}}},"40":{"name":"(anonymous_40)","line":416,"loc":{"start":{"line":416,"column":15},"end":{"line":416,"column":27}}},"41":{"name":"(anonymous_41)","line":420,"loc":{"start":{"line":420,"column":15},"end":{"line":421,"column":4}}},"42":{"name":"(anonymous_42)","line":424,"loc":{"start":{"line":424,"column":22},"end":{"line":425,"column":8}}},"43":{"name":"(anonymous_43)","line":438,"loc":{"start":{"line":438,"column":38},"end":{"line":439,"column":0}}},"44":{"name":"(anonymous_44)","line":451,"loc":{"start":{"line":451,"column":31},"end":{"line":452,"column":4}}},"45":{"name":"(anonymous_45)","line":458,"loc":{"start":{"line":458,"column":39},"end":{"line":459,"column":0}}},"46":{"name":"(anonymous_46)","line":460,"loc":{"start":{"line":460,"column":15},"end":{"line":460,"column":27}}},"47":{"name":"(anonymous_47)","line":464,"loc":{"start":{"line":464,"column":15},"end":{"line":465,"column":4}}},"48":{"name":"(anonymous_48)","line":468,"loc":{"start":{"line":468,"column":24},"end":{"line":469,"column":8}}},"49":{"name":"(anonymous_49)","line":482,"loc":{"start":{"line":482,"column":38},"end":{"line":483,"column":0}}},"50":{"name":"(anonymous_50)","line":484,"loc":{"start":{"line":484,"column":15},"end":{"line":484,"column":27}}},"51":{"name":"(anonymous_51)","line":488,"loc":{"start":{"line":488,"column":17},"end":{"line":489,"column":0}}},"52":{"name":"(anonymous_52)","line":498,"loc":{"start":{"line":498,"column":21},"end":{"line":499,"column":4}}},"53":{"name":"(anonymous_53)","line":506,"loc":{"start":{"line":506,"column":8},"end":{"line":507,"column":8}}},"54":{"name":"(anonymous_54)","line":511,"loc":{"start":{"line":511,"column":12},"end":{"line":512,"column":12}}}},"statementMap":{"1":{"start":{"line":4,"column":0},"end":{"line":13,"column":33}},"2":{"start":{"line":15,"column":0},"end":{"line":142,"column":1}},"3":{"start":{"line":17,"column":4},"end":{"line":17,"column":35}},"4":{"start":{"line":19,"column":4},"end":{"line":19,"column":26}},"5":{"start":{"line":20,"column":4},"end":{"line":20,"column":27}},"6":{"start":{"line":21,"column":4},"end":{"line":21,"column":33}},"7":{"start":{"line":22,"column":4},"end":{"line":22,"column":31}},"8":{"start":{"line":23,"column":4},"end":{"line":23,"column":36}},"9":{"start":{"line":24,"column":4},"end":{"line":24,"column":18}},"10":{"start":{"line":25,"column":4},"end":{"line":25,"column":72}},"11":{"start":{"line":25,"column":59},"end":{"line":25,"column":65}},"12":{"start":{"line":26,"column":4},"end":{"line":26,"column":27}},"13":{"start":{"line":28,"column":4},"end":{"line":29,"column":28}},"14":{"start":{"line":31,"column":4},"end":{"line":96,"column":5}},"15":{"start":{"line":33,"column":8},"end":{"line":33,"column":56}},"16":{"start":{"line":33,"column":33},"end":{"line":33,"column":54}},"17":{"start":{"line":35,"column":8},"end":{"line":95,"column":11}},"18":{"start":{"line":37,"column":12},"end":{"line":37,"column":40}},"19":{"start":{"line":37,"column":23},"end":{"line":37,"column":38}},"20":{"start":{"line":39,"column":12},"end":{"line":43,"column":15}},"21":{"start":{"line":45,"column":12},"end":{"line":71,"column":15}},"22":{"start":{"line":47,"column":16},"end":{"line":50,"column":17}},"23":{"start":{"line":49,"column":20},"end":{"line":49,"column":27}},"24":{"start":{"line":52,"column":16},"end":{"line":55,"column":17}},"25":{"start":{"line":54,"column":20},"end":{"line":54,"column":59}},"26":{"start":{"line":57,"column":16},"end":{"line":57,"column":65}},"27":{"start":{"line":59,"column":16},"end":{"line":68,"column":17}},"28":{"start":{"line":61,"column":20},"end":{"line":61,"column":38}},"29":{"start":{"line":62,"column":20},"end":{"line":62,"column":36}},"30":{"start":{"line":64,"column":20},"end":{"line":67,"column":21}},"31":{"start":{"line":66,"column":24},"end":{"line":66,"column":35}},"32":{"start":{"line":70,"column":16},"end":{"line":70,"column":67}},"33":{"start":{"line":73,"column":12},"end":{"line":88,"column":15}},"34":{"start":{"line":75,"column":16},"end":{"line":75,"column":43}},"35":{"start":{"line":75,"column":34},"end":{"line":75,"column":41}},"36":{"start":{"line":77,"column":16},"end":{"line":77,"column":38}},"37":{"start":{"line":79,"column":16},"end":{"line":87,"column":17}},"38":{"start":{"line":81,"column":20},"end":{"line":81,"column":43}},"39":{"start":{"line":85,"column":20},"end":{"line":85,"column":39}},"40":{"start":{"line":86,"column":20},"end":{"line":86,"column":33}},"41":{"start":{"line":90,"column":12},"end":{"line":94,"column":13}},"42":{"start":{"line":92,"column":16},"end":{"line":92,"column":35}},"43":{"start":{"line":93,"column":16},"end":{"line":93,"column":30}},"44":{"start":{"line":98,"column":4},"end":{"line":129,"column":5}},"45":{"start":{"line":100,"column":8},"end":{"line":128,"column":11}},"46":{"start":{"line":102,"column":12},"end":{"line":102,"column":40}},"47":{"start":{"line":102,"column":23},"end":{"line":102,"column":38}},"48":{"start":{"line":104,"column":12},"end":{"line":113,"column":13}},"49":{"start":{"line":106,"column":16},"end":{"line":108,"column":72}},"50":{"start":{"line":108,"column":52},"end":{"line":108,"column":68}},"51":{"start":{"line":112,"column":16},"end":{"line":112,"column":30}},"52":{"start":{"line":115,"column":12},"end":{"line":115,"column":46}},"53":{"start":{"line":117,"column":12},"end":{"line":125,"column":13}},"54":{"start":{"line":119,"column":16},"end":{"line":119,"column":31}},"55":{"start":{"line":120,"column":16},"end":{"line":123,"column":18}},"56":{"start":{"line":122,"column":20},"end":{"line":122,"column":36}},"57":{"start":{"line":124,"column":16},"end":{"line":124,"column":50}},"58":{"start":{"line":127,"column":12},"end":{"line":127,"column":26}},"59":{"start":{"line":131,"column":4},"end":{"line":134,"column":5}},"60":{"start":{"line":133,"column":8},"end":{"line":133,"column":30}},"61":{"start":{"line":136,"column":4},"end":{"line":139,"column":5}},"62":{"start":{"line":138,"column":8},"end":{"line":138,"column":33}},"63":{"start":{"line":141,"column":4},"end":{"line":141,"column":35}},"64":{"start":{"line":144,"column":0},"end":{"line":144,"column":55}},"65":{"start":{"line":146,"column":0},"end":{"line":176,"column":2}},"66":{"start":{"line":148,"column":4},"end":{"line":148,"column":19}},"67":{"start":{"line":150,"column":4},"end":{"line":165,"column":5}},"68":{"start":{"line":152,"column":8},"end":{"line":152,"column":18}},"69":{"start":{"line":153,"column":8},"end":{"line":153,"column":18}},"70":{"start":{"line":157,"column":8},"end":{"line":157,"column":26}},"71":{"start":{"line":158,"column":8},"end":{"line":164,"column":10}},"72":{"start":{"line":160,"column":12},"end":{"line":163,"column":13}},"73":{"start":{"line":162,"column":16},"end":{"line":162,"column":46}},"74":{"start":{"line":167,"column":4},"end":{"line":170,"column":5}},"75":{"start":{"line":169,"column":8},"end":{"line":169,"column":41}},"76":{"start":{"line":172,"column":4},"end":{"line":175,"column":11}},"77":{"start":{"line":174,"column":8},"end":{"line":174,"column":33}},"78":{"start":{"line":178,"column":0},"end":{"line":231,"column":2}},"79":{"start":{"line":180,"column":4},"end":{"line":180,"column":19}},"80":{"start":{"line":182,"column":4},"end":{"line":230,"column":7}},"81":{"start":{"line":184,"column":8},"end":{"line":187,"column":9}},"82":{"start":{"line":186,"column":12},"end":{"line":186,"column":59}},"83":{"start":{"line":189,"column":8},"end":{"line":212,"column":9}},"84":{"start":{"line":191,"column":12},"end":{"line":194,"column":13}},"85":{"start":{"line":193,"column":16},"end":{"line":193,"column":63}},"86":{"start":{"line":196,"column":12},"end":{"line":199,"column":13}},"87":{"start":{"line":198,"column":16},"end":{"line":198,"column":66}},"88":{"start":{"line":201,"column":12},"end":{"line":209,"column":15}},"89":{"start":{"line":203,"column":16},"end":{"line":206,"column":17}},"90":{"start":{"line":205,"column":20},"end":{"line":205,"column":45}},"91":{"start":{"line":208,"column":16},"end":{"line":208,"column":21}},"92":{"start":{"line":211,"column":12},"end":{"line":211,"column":17}},"93":{"start":{"line":214,"column":8},"end":{"line":225,"column":9}},"94":{"start":{"line":216,"column":12},"end":{"line":222,"column":13}},"95":{"start":{"line":218,"column":16},"end":{"line":221,"column":19}},"96":{"start":{"line":220,"column":20},"end":{"line":220,"column":38}},"97":{"start":{"line":224,"column":12},"end":{"line":224,"column":22}},"98":{"start":{"line":227,"column":8},"end":{"line":229,"column":54}},"99":{"start":{"line":229,"column":42},"end":{"line":229,"column":50}},"100":{"start":{"line":233,"column":0},"end":{"line":253,"column":2}},"101":{"start":{"line":235,"column":4},"end":{"line":238,"column":5}},"102":{"start":{"line":237,"column":8},"end":{"line":237,"column":38}},"103":{"start":{"line":240,"column":4},"end":{"line":240,"column":38}},"104":{"start":{"line":242,"column":4},"end":{"line":245,"column":5}},"105":{"start":{"line":244,"column":8},"end":{"line":244,"column":23}},"106":{"start":{"line":247,"column":4},"end":{"line":247,"column":19}},"107":{"start":{"line":249,"column":4},"end":{"line":252,"column":36}},"108":{"start":{"line":251,"column":8},"end":{"line":251,"column":33}},"109":{"start":{"line":255,"column":0},"end":{"line":269,"column":2}},"110":{"start":{"line":257,"column":4},"end":{"line":257,"column":56}},"111":{"start":{"line":257,"column":21},"end":{"line":257,"column":54}},"112":{"start":{"line":259,"column":4},"end":{"line":268,"column":11}},"113":{"start":{"line":264,"column":12},"end":{"line":264,"column":40}},"114":{"start":{"line":264,"column":23},"end":{"line":264,"column":38}},"115":{"start":{"line":265,"column":12},"end":{"line":265,"column":70}},"116":{"start":{"line":265,"column":46},"end":{"line":265,"column":68}},"117":{"start":{"line":266,"column":12},"end":{"line":266,"column":39}},"118":{"start":{"line":267,"column":12},"end":{"line":267,"column":63}},"119":{"start":{"line":271,"column":0},"end":{"line":280,"column":2}},"120":{"start":{"line":273,"column":4},"end":{"line":273,"column":56}},"121":{"start":{"line":273,"column":21},"end":{"line":273,"column":54}},"122":{"start":{"line":275,"column":4},"end":{"line":279,"column":7}},"123":{"start":{"line":277,"column":8},"end":{"line":277,"column":76}},"124":{"start":{"line":277,"column":19},"end":{"line":277,"column":74}},"125":{"start":{"line":278,"column":8},"end":{"line":278,"column":55}},"126":{"start":{"line":282,"column":0},"end":{"line":291,"column":2}},"127":{"start":{"line":284,"column":4},"end":{"line":284,"column":56}},"128":{"start":{"line":284,"column":21},"end":{"line":284,"column":54}},"129":{"start":{"line":286,"column":4},"end":{"line":290,"column":7}},"130":{"start":{"line":288,"column":8},"end":{"line":288,"column":76}},"131":{"start":{"line":288,"column":19},"end":{"line":288,"column":74}},"132":{"start":{"line":289,"column":8},"end":{"line":289,"column":42}},"133":{"start":{"line":293,"column":0},"end":{"line":315,"column":2}},"134":{"start":{"line":295,"column":4},"end":{"line":295,"column":56}},"135":{"start":{"line":295,"column":21},"end":{"line":295,"column":54}},"136":{"start":{"line":297,"column":4},"end":{"line":314,"column":7}},"137":{"start":{"line":299,"column":8},"end":{"line":299,"column":36}},"138":{"start":{"line":299,"column":19},"end":{"line":299,"column":34}},"139":{"start":{"line":301,"column":8},"end":{"line":301,"column":30}},"140":{"start":{"line":303,"column":8},"end":{"line":311,"column":9}},"141":{"start":{"line":305,"column":12},"end":{"line":305,"column":34}},"142":{"start":{"line":307,"column":12},"end":{"line":310,"column":13}},"143":{"start":{"line":309,"column":16},"end":{"line":309,"column":31}},"144":{"start":{"line":313,"column":8},"end":{"line":313,"column":23}},"145":{"start":{"line":317,"column":0},"end":{"line":367,"column":2}},"146":{"start":{"line":319,"column":4},"end":{"line":319,"column":56}},"147":{"start":{"line":319,"column":21},"end":{"line":319,"column":54}},"148":{"start":{"line":321,"column":4},"end":{"line":323,"column":67}},"149":{"start":{"line":330,"column":4},"end":{"line":366,"column":7}},"150":{"start":{"line":332,"column":8},"end":{"line":332,"column":36}},"151":{"start":{"line":332,"column":19},"end":{"line":332,"column":34}},"152":{"start":{"line":334,"column":8},"end":{"line":334,"column":30}},"153":{"start":{"line":336,"column":8},"end":{"line":343,"column":9}},"154":{"start":{"line":338,"column":12},"end":{"line":338,"column":68}},"155":{"start":{"line":338,"column":45},"end":{"line":338,"column":66}},"156":{"start":{"line":342,"column":12},"end":{"line":342,"column":37}},"157":{"start":{"line":345,"column":8},"end":{"line":345,"column":59}},"158":{"start":{"line":345,"column":24},"end":{"line":345,"column":57}},"159":{"start":{"line":347,"column":8},"end":{"line":365,"column":11}},"160":{"start":{"line":351,"column":12},"end":{"line":362,"column":13}},"161":{"start":{"line":353,"column":16},"end":{"line":359,"column":17}},"162":{"start":{"line":355,"column":20},"end":{"line":358,"column":52}},"163":{"start":{"line":357,"column":24},"end":{"line":357,"column":58}},"164":{"start":{"line":361,"column":16},"end":{"line":361,"column":31}},"165":{"start":{"line":364,"column":12},"end":{"line":364,"column":41}},"166":{"start":{"line":369,"column":0},"end":{"line":381,"column":2}},"167":{"start":{"line":371,"column":4},"end":{"line":371,"column":56}},"168":{"start":{"line":371,"column":21},"end":{"line":371,"column":54}},"169":{"start":{"line":373,"column":4},"end":{"line":373,"column":19}},"170":{"start":{"line":375,"column":4},"end":{"line":380,"column":7}},"171":{"start":{"line":377,"column":8},"end":{"line":377,"column":70}},"172":{"start":{"line":377,"column":19},"end":{"line":377,"column":68}},"173":{"start":{"line":378,"column":8},"end":{"line":378,"column":59}},"174":{"start":{"line":378,"column":24},"end":{"line":378,"column":57}},"175":{"start":{"line":379,"column":8},"end":{"line":379,"column":32}},"176":{"start":{"line":383,"column":0},"end":{"line":412,"column":2}},"177":{"start":{"line":385,"column":4},"end":{"line":385,"column":19}},"178":{"start":{"line":387,"column":4},"end":{"line":387,"column":26}},"179":{"start":{"line":389,"column":4},"end":{"line":411,"column":11}},"180":{"start":{"line":391,"column":8},"end":{"line":395,"column":9}},"181":{"start":{"line":393,"column":12},"end":{"line":393,"column":31}},"182":{"start":{"line":394,"column":12},"end":{"line":394,"column":30}},"183":{"start":{"line":397,"column":8},"end":{"line":402,"column":9}},"184":{"start":{"line":399,"column":12},"end":{"line":399,"column":63}},"185":{"start":{"line":400,"column":12},"end":{"line":400,"column":28}},"186":{"start":{"line":401,"column":12},"end":{"line":401,"column":36}},"187":{"start":{"line":404,"column":8},"end":{"line":408,"column":9}},"188":{"start":{"line":406,"column":12},"end":{"line":406,"column":31}},"189":{"start":{"line":407,"column":12},"end":{"line":407,"column":29}},"190":{"start":{"line":410,"column":8},"end":{"line":410,"column":13}},"191":{"start":{"line":414,"column":0},"end":{"line":436,"column":2}},"192":{"start":{"line":416,"column":4},"end":{"line":416,"column":49}},"193":{"start":{"line":416,"column":29},"end":{"line":416,"column":46}},"194":{"start":{"line":418,"column":4},"end":{"line":418,"column":19}},"195":{"start":{"line":420,"column":4},"end":{"line":435,"column":7}},"196":{"start":{"line":422,"column":8},"end":{"line":422,"column":59}},"197":{"start":{"line":422,"column":24},"end":{"line":422,"column":57}},"198":{"start":{"line":424,"column":8},"end":{"line":434,"column":11}},"199":{"start":{"line":426,"column":12},"end":{"line":431,"column":13}},"200":{"start":{"line":430,"column":16},"end":{"line":430,"column":31}},"201":{"start":{"line":432,"column":12},"end":{"line":432,"column":27}},"202":{"start":{"line":433,"column":12},"end":{"line":433,"column":17}},"203":{"start":{"line":438,"column":0},"end":{"line":456,"column":2}},"204":{"start":{"line":440,"column":4},"end":{"line":440,"column":56}},"205":{"start":{"line":440,"column":21},"end":{"line":440,"column":54}},"206":{"start":{"line":442,"column":4},"end":{"line":449,"column":6}},"207":{"start":{"line":451,"column":4},"end":{"line":455,"column":7}},"208":{"start":{"line":453,"column":8},"end":{"line":453,"column":65}},"209":{"start":{"line":453,"column":48},"end":{"line":453,"column":63}},"210":{"start":{"line":454,"column":8},"end":{"line":454,"column":13}},"211":{"start":{"line":458,"column":0},"end":{"line":480,"column":2}},"212":{"start":{"line":460,"column":4},"end":{"line":460,"column":49}},"213":{"start":{"line":460,"column":29},"end":{"line":460,"column":46}},"214":{"start":{"line":462,"column":4},"end":{"line":462,"column":19}},"215":{"start":{"line":464,"column":4},"end":{"line":479,"column":7}},"216":{"start":{"line":466,"column":8},"end":{"line":466,"column":59}},"217":{"start":{"line":466,"column":24},"end":{"line":466,"column":57}},"218":{"start":{"line":468,"column":8},"end":{"line":478,"column":11}},"219":{"start":{"line":470,"column":12},"end":{"line":475,"column":13}},"220":{"start":{"line":474,"column":16},"end":{"line":474,"column":31}},"221":{"start":{"line":476,"column":12},"end":{"line":476,"column":27}},"222":{"start":{"line":477,"column":12},"end":{"line":477,"column":17}},"223":{"start":{"line":482,"column":0},"end":{"line":486,"column":2}},"224":{"start":{"line":484,"column":4},"end":{"line":484,"column":49}},"225":{"start":{"line":484,"column":29},"end":{"line":484,"column":46}},"226":{"start":{"line":485,"column":4},"end":{"line":485,"column":33}},"227":{"start":{"line":488,"column":0},"end":{"line":518,"column":2}},"228":{"start":{"line":490,"column":4},"end":{"line":496,"column":85}},"229":{"start":{"line":498,"column":4},"end":{"line":517,"column":7}},"230":{"start":{"line":500,"column":8},"end":{"line":500,"column":63}},"231":{"start":{"line":500,"column":46},"end":{"line":500,"column":61}},"232":{"start":{"line":504,"column":8},"end":{"line":516,"column":11}},"233":{"start":{"line":508,"column":12},"end":{"line":508,"column":67}},"234":{"start":{"line":508,"column":50},"end":{"line":508,"column":65}},"235":{"start":{"line":510,"column":12},"end":{"line":515,"column":15}},"236":{"start":{"line":513,"column":16},"end":{"line":513,"column":44}},"237":{"start":{"line":513,"column":27},"end":{"line":513,"column":42}},"238":{"start":{"line":514,"column":16},"end":{"line":514,"column":106}}},"branchMap":{"1":{"line":33,"type":"if","locations":[{"start":{"line":33,"column":8},"end":{"line":33,"column":8}},{"start":{"line":33,"column":8},"end":{"line":33,"column":8}}]},"2":{"line":37,"type":"if","locations":[{"start":{"line":37,"column":12},"end":{"line":37,"column":12}},{"start":{"line":37,"column":12},"end":{"line":37,"column":12}}]},"3":{"line":47,"type":"if","locations":[{"start":{"line":47,"column":16},"end":{"line":47,"column":16}},{"start":{"line":47,"column":16},"end":{"line":47,"column":16}}]},"4":{"line":52,"type":"if","locations":[{"start":{"line":52,"column":16},"end":{"line":52,"column":16}},{"start":{"line":52,"column":16},"end":{"line":52,"column":16}}]},"5":{"line":64,"type":"if","locations":[{"start":{"line":64,"column":20},"end":{"line":64,"column":20}},{"start":{"line":64,"column":20},"end":{"line":64,"column":20}}]},"6":{"line":75,"type":"if","locations":[{"start":{"line":75,"column":16},"end":{"line":75,"column":16}},{"start":{"line":75,"column":16},"end":{"line":75,"column":16}}]},"7":{"line":79,"type":"if","locations":[{"start":{"line":79,"column":16},"end":{"line":79,"column":16}},{"start":{"line":79,"column":16},"end":{"line":79,"column":16}}]},"8":{"line":90,"type":"if","locations":[{"start":{"line":90,"column":12},"end":{"line":90,"column":12}},{"start":{"line":90,"column":12},"end":{"line":90,"column":12}}]},"9":{"line":102,"type":"if","locations":[{"start":{"line":102,"column":12},"end":{"line":102,"column":12}},{"start":{"line":102,"column":12},"end":{"line":102,"column":12}}]},"10":{"line":117,"type":"if","locations":[{"start":{"line":117,"column":12},"end":{"line":117,"column":12}},{"start":{"line":117,"column":12},"end":{"line":117,"column":12}}]},"11":{"line":131,"type":"if","locations":[{"start":{"line":131,"column":4},"end":{"line":131,"column":4}},{"start":{"line":131,"column":4},"end":{"line":131,"column":4}}]},"12":{"line":136,"type":"if","locations":[{"start":{"line":136,"column":4},"end":{"line":136,"column":4}},{"start":{"line":136,"column":4},"end":{"line":136,"column":4}}]},"13":{"line":150,"type":"if","locations":[{"start":{"line":150,"column":4},"end":{"line":150,"column":4}},{"start":{"line":150,"column":4},"end":{"line":150,"column":4}}]},"14":{"line":157,"type":"binary-expr","locations":[{"start":{"line":157,"column":15},"end":{"line":157,"column":19}},{"start":{"line":157,"column":23},"end":{"line":157,"column":25}}]},"15":{"line":158,"type":"binary-expr","locations":[{"start":{"line":158,"column":13},"end":{"line":158,"column":15}},{"start":{"line":158,"column":19},"end":{"line":164,"column":9}}]},"16":{"line":160,"type":"if","locations":[{"start":{"line":160,"column":12},"end":{"line":160,"column":12}},{"start":{"line":160,"column":12},"end":{"line":160,"column":12}}]},"17":{"line":160,"type":"binary-expr","locations":[{"start":{"line":160,"column":16},"end":{"line":160,"column":19}},{"start":{"line":160,"column":23},"end":{"line":160,"column":42}}]},"18":{"line":167,"type":"if","locations":[{"start":{"line":167,"column":4},"end":{"line":167,"column":4}},{"start":{"line":167,"column":4},"end":{"line":167,"column":4}}]},"19":{"line":184,"type":"if","locations":[{"start":{"line":184,"column":8},"end":{"line":184,"column":8}},{"start":{"line":184,"column":8},"end":{"line":184,"column":8}}]},"20":{"line":191,"type":"if","locations":[{"start":{"line":191,"column":12},"end":{"line":191,"column":12}},{"start":{"line":191,"column":12},"end":{"line":191,"column":12}}]},"21":{"line":196,"type":"if","locations":[{"start":{"line":196,"column":12},"end":{"line":196,"column":12}},{"start":{"line":196,"column":12},"end":{"line":196,"column":12}}]},"22":{"line":203,"type":"if","locations":[{"start":{"line":203,"column":16},"end":{"line":203,"column":16}},{"start":{"line":203,"column":16},"end":{"line":203,"column":16}}]},"23":{"line":216,"type":"if","locations":[{"start":{"line":216,"column":12},"end":{"line":216,"column":12}},{"start":{"line":216,"column":12},"end":{"line":216,"column":12}}]},"24":{"line":220,"type":"binary-expr","locations":[{"start":{"line":220,"column":25},"end":{"line":220,"column":28}},{"start":{"line":220,"column":32},"end":{"line":220,"column":36}}]},"25":{"line":235,"type":"if","locations":[{"start":{"line":235,"column":4},"end":{"line":235,"column":4}},{"start":{"line":235,"column":4},"end":{"line":235,"column":4}}]},"26":{"line":242,"type":"if","locations":[{"start":{"line":242,"column":4},"end":{"line":242,"column":4}},{"start":{"line":242,"column":4},"end":{"line":242,"column":4}}]},"27":{"line":257,"type":"if","locations":[{"start":{"line":257,"column":4},"end":{"line":257,"column":4}},{"start":{"line":257,"column":4},"end":{"line":257,"column":4}}]},"28":{"line":264,"type":"if","locations":[{"start":{"line":264,"column":12},"end":{"line":264,"column":12}},{"start":{"line":264,"column":12},"end":{"line":264,"column":12}}]},"29":{"line":265,"type":"if","locations":[{"start":{"line":265,"column":12},"end":{"line":265,"column":12}},{"start":{"line":265,"column":12},"end":{"line":265,"column":12}}]},"30":{"line":273,"type":"if","locations":[{"start":{"line":273,"column":4},"end":{"line":273,"column":4}},{"start":{"line":273,"column":4},"end":{"line":273,"column":4}}]},"31":{"line":277,"type":"if","locations":[{"start":{"line":277,"column":8},"end":{"line":277,"column":8}},{"start":{"line":277,"column":8},"end":{"line":277,"column":8}}]},"32":{"line":277,"type":"cond-expr","locations":[{"start":{"line":277,"column":56},"end":{"line":277,"column":60}},{"start":{"line":277,"column":63},"end":{"line":277,"column":66}}]},"33":{"line":284,"type":"if","locations":[{"start":{"line":284,"column":4},"end":{"line":284,"column":4}},{"start":{"line":284,"column":4},"end":{"line":284,"column":4}}]},"34":{"line":288,"type":"if","locations":[{"start":{"line":288,"column":8},"end":{"line":288,"column":8}},{"start":{"line":288,"column":8},"end":{"line":288,"column":8}}]},"35":{"line":288,"type":"cond-expr","locations":[{"start":{"line":288,"column":56},"end":{"line":288,"column":60}},{"start":{"line":288,"column":63},"end":{"line":288,"column":66}}]},"36":{"line":295,"type":"if","locations":[{"start":{"line":295,"column":4},"end":{"line":295,"column":4}},{"start":{"line":295,"column":4},"end":{"line":295,"column":4}}]},"37":{"line":299,"type":"if","locations":[{"start":{"line":299,"column":8},"end":{"line":299,"column":8}},{"start":{"line":299,"column":8},"end":{"line":299,"column":8}}]},"38":{"line":307,"type":"if","locations":[{"start":{"line":307,"column":12},"end":{"line":307,"column":12}},{"start":{"line":307,"column":12},"end":{"line":307,"column":12}}]},"39":{"line":319,"type":"if","locations":[{"start":{"line":319,"column":4},"end":{"line":319,"column":4}},{"start":{"line":319,"column":4},"end":{"line":319,"column":4}}]},"40":{"line":332,"type":"if","locations":[{"start":{"line":332,"column":8},"end":{"line":332,"column":8}},{"start":{"line":332,"column":8},"end":{"line":332,"column":8}}]},"41":{"line":336,"type":"if","locations":[{"start":{"line":336,"column":8},"end":{"line":336,"column":8}},{"start":{"line":336,"column":8},"end":{"line":336,"column":8}}]},"42":{"line":338,"type":"if","locations":[{"start":{"line":338,"column":12},"end":{"line":338,"column":12}},{"start":{"line":338,"column":12},"end":{"line":338,"column":12}}]},"43":{"line":345,"type":"if","locations":[{"start":{"line":345,"column":8},"end":{"line":345,"column":8}},{"start":{"line":345,"column":8},"end":{"line":345,"column":8}}]},"44":{"line":351,"type":"if","locations":[{"start":{"line":351,"column":12},"end":{"line":351,"column":12}},{"start":{"line":351,"column":12},"end":{"line":351,"column":12}}]},"45":{"line":353,"type":"if","locations":[{"start":{"line":353,"column":16},"end":{"line":353,"column":16}},{"start":{"line":353,"column":16},"end":{"line":353,"column":16}}]},"46":{"line":371,"type":"if","locations":[{"start":{"line":371,"column":4},"end":{"line":371,"column":4}},{"start":{"line":371,"column":4},"end":{"line":371,"column":4}}]},"47":{"line":377,"type":"if","locations":[{"start":{"line":377,"column":8},"end":{"line":377,"column":8}},{"start":{"line":377,"column":8},"end":{"line":377,"column":8}}]},"48":{"line":377,"type":"cond-expr","locations":[{"start":{"line":377,"column":56},"end":{"line":377,"column":60}},{"start":{"line":377,"column":63},"end":{"line":377,"column":66}}]},"49":{"line":378,"type":"if","locations":[{"start":{"line":378,"column":8},"end":{"line":378,"column":8}},{"start":{"line":378,"column":8},"end":{"line":378,"column":8}}]},"50":{"line":391,"type":"if","locations":[{"start":{"line":391,"column":8},"end":{"line":391,"column":8}},{"start":{"line":391,"column":8},"end":{"line":391,"column":8}}]},"51":{"line":397,"type":"if","locations":[{"start":{"line":397,"column":8},"end":{"line":397,"column":8}},{"start":{"line":397,"column":8},"end":{"line":397,"column":8}}]},"52":{"line":397,"type":"binary-expr","locations":[{"start":{"line":397,"column":12},"end":{"line":397,"column":20}},{"start":{"line":397,"column":24},"end":{"line":397,"column":40}}]},"53":{"line":404,"type":"if","locations":[{"start":{"line":404,"column":8},"end":{"line":404,"column":8}},{"start":{"line":404,"column":8},"end":{"line":404,"column":8}}]},"54":{"line":416,"type":"binary-expr","locations":[{"start":{"line":416,"column":9},"end":{"line":416,"column":11}},{"start":{"line":416,"column":15},"end":{"line":416,"column":48}}]},"55":{"line":422,"type":"if","locations":[{"start":{"line":422,"column":8},"end":{"line":422,"column":8}},{"start":{"line":422,"column":8},"end":{"line":422,"column":8}}]},"56":{"line":426,"type":"if","locations":[{"start":{"line":426,"column":12},"end":{"line":426,"column":12}},{"start":{"line":426,"column":12},"end":{"line":426,"column":12}}]},"57":{"line":426,"type":"binary-expr","locations":[{"start":{"line":426,"column":16},"end":{"line":426,"column":19}},{"start":{"line":427,"column":17},"end":{"line":427,"column":52}},{"start":{"line":428,"column":17},"end":{"line":428,"column":51}}]},"58":{"line":440,"type":"if","locations":[{"start":{"line":440,"column":4},"end":{"line":440,"column":4}},{"start":{"line":440,"column":4},"end":{"line":440,"column":4}}]},"59":{"line":453,"type":"if","locations":[{"start":{"line":453,"column":8},"end":{"line":453,"column":8}},{"start":{"line":453,"column":8},"end":{"line":453,"column":8}}]},"60":{"line":453,"type":"binary-expr","locations":[{"start":{"line":453,"column":12},"end":{"line":453,"column":15}},{"start":{"line":453,"column":20},"end":{"line":453,"column":43}}]},"61":{"line":460,"type":"binary-expr","locations":[{"start":{"line":460,"column":9},"end":{"line":460,"column":11}},{"start":{"line":460,"column":15},"end":{"line":460,"column":48}}]},"62":{"line":466,"type":"if","locations":[{"start":{"line":466,"column":8},"end":{"line":466,"column":8}},{"start":{"line":466,"column":8},"end":{"line":466,"column":8}}]},"63":{"line":470,"type":"if","locations":[{"start":{"line":470,"column":12},"end":{"line":470,"column":12}},{"start":{"line":470,"column":12},"end":{"line":470,"column":12}}]},"64":{"line":470,"type":"binary-expr","locations":[{"start":{"line":470,"column":16},"end":{"line":470,"column":19}},{"start":{"line":471,"column":17},"end":{"line":471,"column":52}},{"start":{"line":472,"column":17},"end":{"line":472,"column":51}}]},"65":{"line":484,"type":"binary-expr","locations":[{"start":{"line":484,"column":9},"end":{"line":484,"column":11}},{"start":{"line":484,"column":15},"end":{"line":484,"column":48}}]},"66":{"line":490,"type":"binary-expr","locations":[{"start":{"line":490,"column":18},"end":{"line":490,"column":32}},{"start":{"line":490,"column":36},"end":{"line":490,"column":46}}]},"67":{"line":491,"type":"binary-expr","locations":[{"start":{"line":491,"column":17},"end":{"line":491,"column":30}},{"start":{"line":491,"column":34},"end":{"line":491,"column":72}}]},"68":{"line":494,"type":"cond-expr","locations":[{"start":{"line":495,"column":28},"end":{"line":495,"column":35}},{"start":{"line":496,"column":28},"end":{"line":496,"column":84}}]},"69":{"line":496,"type":"binary-expr","locations":[{"start":{"line":496,"column":52},"end":{"line":496,"column":70}},{"start":{"line":496,"column":74},"end":{"line":496,"column":83}}]},"70":{"line":500,"type":"if","locations":[{"start":{"line":500,"column":8},"end":{"line":500,"column":8}},{"start":{"line":500,"column":8},"end":{"line":500,"column":8}}]},"71":{"line":500,"type":"binary-expr","locations":[{"start":{"line":500,"column":12},"end":{"line":500,"column":15}},{"start":{"line":500,"column":20},"end":{"line":500,"column":41}}]},"72":{"line":508,"type":"if","locations":[{"start":{"line":508,"column":12},"end":{"line":508,"column":12}},{"start":{"line":508,"column":12},"end":{"line":508,"column":12}}]},"73":{"line":508,"type":"binary-expr","locations":[{"start":{"line":508,"column":16},"end":{"line":508,"column":19}},{"start":{"line":508,"column":24},"end":{"line":508,"column":45}}]},"74":{"line":513,"type":"if","locations":[{"start":{"line":513,"column":16},"end":{"line":513,"column":16}},{"start":{"line":513,"column":16},"end":{"line":513,"column":16}}]}}},"/home/david/Private/hub/common/pub-keystore/couchdb/index.js":{"path":"/home/david/Private/hub/common/pub-keystore/couchdb/index.js","s":{"1":1,"2":1,"3":864,"4":1,"5":797,"6":864,"7":323,"8":1,"9":864,"10":864,"11":864,"12":432,"13":864,"14":864,"15":864,"16":864,"17":864,"18":216,"19":2634,"20":2634,"21":2634,"22":864,"23":864,"24":864,"25":648,"26":216,"27":216,"28":676,"29":48,"30":628,"31":628,"32":628,"33":628,"34":628,"35":628,"36":628,"37":628,"38":628,"39":216,"40":216,"41":216,"42":228,"43":216,"44":12,"45":12,"46":12,"47":0,"48":12,"49":12,"50":12,"51":12,"52":0,"53":0,"54":216,"55":216,"56":216,"57":216,"58":1,"59":1,"60":1416,"61":24,"62":1392,"63":1392,"64":0,"65":1392,"66":552,"67":840,"68":840,"69":1,"70":192,"71":0,"72":192,"73":192,"74":24,"75":168,"76":168,"77":1176,"78":1176,"79":840,"80":168,"81":1,"82":888,"83":24,"84":864,"85":864,"86":24,"87":840,"88":1,"89":1152,"90":24,"91":1128,"92":1128,"93":288,"94":840,"95":1,"96":720,"97":0,"98":720,"99":720,"100":720,"101":0,"102":720,"103":720,"104":176,"105":0,"106":544,"107":720,"108":0,"109":720,"110":720,"111":88,"112":88,"113":88,"114":0,"115":632,"116":1,"117":352,"118":0,"119":352,"120":352,"121":352,"122":176,"123":176,"124":0,"125":176,"126":1,"127":900,"128":216,"129":216,"130":216,"131":900,"132":216,"133":216,"134":0,"135":0,"136":216,"137":216,"138":900,"139":1,"140":900,"141":36,"142":864,"143":864,"144":864,"145":1,"146":864,"147":0,"148":864,"149":864,"150":864,"151":1,"152":480,"153":0,"154":480,"155":480,"156":480,"157":0,"158":480,"159":0,"160":480,"161":480,"162":0,"163":480,"164":0,"165":480,"166":480,"167":0,"168":480,"169":0,"170":480,"171":1,"172":36,"173":0,"174":36,"175":36,"176":36,"177":0,"178":36,"179":36,"180":0,"181":36,"182":36,"183":1,"184":144,"185":144,"186":1,"187":0,"188":0,"189":0,"190":0,"191":0,"192":1,"193":864},"b":{"1":[432,432],"2":[864,648],"3":[864,648],"4":[216,648],"5":[864,576],"6":[648,216],"7":[48,628],"8":[628,0],"9":[628,0],"10":[216,12],"11":[12,0],"12":[0,12],"13":[12,0],"14":[12,0],"15":[216,0],"16":[24,1392],"17":[0,1392],"18":[552,840],"19":[0,192],"20":[24,168],"21":[840,336],"22":[24,864],"23":[24,840],"24":[24,0],"25":[24,1128],"26":[288,840],"27":[288,0],"28":[0,720],"29":[0,720],"30":[176,544],"31":[0,176],"32":[0,720],"33":[88,632],"34":[88,0],"35":[0,352],"36":[176,176],"37":[176,0],"38":[0,176],"39":[216,684],"40":[216,684],"41":[900,216],"42":[0,216],"43":[36,864],"44":[864,0],"45":[0,480],"46":[0,480],"47":[480,456],"48":[0,480],"49":[0,480],"50":[480,148],"51":[0,480],"52":[0,480],"53":[480,148],"54":[0,480],"55":[36,0],"56":[0,36],"57":[0,36],"58":[36,12,12,12],"59":[144,0],"60":[0,0]},"f":{"1":864,"2":797,"3":864,"4":2634,"5":676,"6":216,"7":228,"8":216,"9":1416,"10":1392,"11":192,"12":192,"13":888,"14":864,"15":1152,"16":1128,"17":720,"18":720,"19":720,"20":88,"21":352,"22":352,"23":900,"24":0,"25":900,"26":864,"27":0,"28":864,"29":480,"30":480,"31":480,"32":480,"33":36,"34":0,"35":36,"36":36,"37":144,"38":0,"39":0,"40":864},"fnMap":{"1":{"name":"(anonymous_1)","line":11,"loc":{"start":{"line":11,"column":36},"end":{"line":12,"column":0}}},"2":{"name":"end","line":15,"loc":{"start":{"line":15,"column":4},"end":{"line":16,"column":4}}},"3":{"name":"PubKeyStoreCouchDB","line":26,"loc":{"start":{"line":26,"column":0},"end":{"line":27,"column":0}}},"4":{"name":"(anonymous_4)","line":49,"loc":{"start":{"line":49,"column":29},"end":{"line":50,"column":8}}},"5":{"name":"(anonymous_5)","line":71,"loc":{"start":{"line":71,"column":28},"end":{"line":72,"column":4}}},"6":{"name":"(anonymous_6)","line":99,"loc":{"start":{"line":99,"column":27},"end":{"line":100,"column":4}}},"7":{"name":"(anonymous_7)","line":104,"loc":{"start":{"line":104,"column":27},"end":{"line":105,"column":4}}},"8":{"name":"(anonymous_8)","line":135,"loc":{"start":{"line":135,"column":29},"end":{"line":136,"column":4}}},"9":{"name":"(anonymous_9)","line":147,"loc":{"start":{"line":147,"column":56},"end":{"line":148,"column":0}}},"10":{"name":"(anonymous_10)","line":154,"loc":{"start":{"line":154,"column":7},"end":{"line":155,"column":4}}},"11":{"name":"(anonymous_11)","line":163,"loc":{"start":{"line":163,"column":40},"end":{"line":164,"column":0}}},"12":{"name":"(anonymous_12)","line":167,"loc":{"start":{"line":167,"column":17},"end":{"line":168,"column":4}}},"13":{"name":"(anonymous_13)","line":187,"loc":{"start":{"line":187,"column":45},"end":{"line":188,"column":0}}},"14":{"name":"(anonymous_14)","line":191,"loc":{"start":{"line":191,"column":22},"end":{"line":192,"column":4}}},"15":{"name":"(anonymous_15)","line":198,"loc":{"start":{"line":198,"column":50},"end":{"line":199,"column":0}}},"16":{"name":"(anonymous_16)","line":202,"loc":{"start":{"line":202,"column":22},"end":{"line":203,"column":4}}},"17":{"name":"(anonymous_17)","line":209,"loc":{"start":{"line":209,"column":43},"end":{"line":210,"column":0}}},"18":{"name":"(anonymous_18)","line":222,"loc":{"start":{"line":222,"column":36},"end":{"line":223,"column":4}}},"19":{"name":"(anonymous_19)","line":239,"loc":{"start":{"line":239,"column":31},"end":{"line":240,"column":8}}},"20":{"name":"(anonymous_20)","line":247,"loc":{"start":{"line":247,"column":38},"end":{"line":248,"column":20}}},"21":{"name":"(anonymous_21)","line":261,"loc":{"start":{"line":261,"column":46},"end":{"line":262,"column":0}}},"22":{"name":"(anonymous_22)","line":267,"loc":{"start":{"line":267,"column":22},"end":{"line":268,"column":4}}},"23":{"name":"(anonymous_23)","line":275,"loc":{"start":{"line":275,"column":37},"end":{"line":276,"column":0}}},"24":{"name":"(anonymous_24)","line":289,"loc":{"start":{"line":289,"column":45},"end":{"line":289,"column":57}}},"25":{"name":"(anonymous_25)","line":298,"loc":{"start":{"line":298,"column":43},"end":{"line":299,"column":0}}},"26":{"name":"(anonymous_26)","line":308,"loc":{"start":{"line":308,"column":37},"end":{"line":309,"column":0}}},"27":{"name":"(anonymous_27)","line":310,"loc":{"start":{"line":310,"column":15},"end":{"line":310,"column":27}}},"28":{"name":"(anonymous_28)","line":314,"loc":{"start":{"line":314,"column":15},"end":{"line":315,"column":4}}},"29":{"name":"(anonymous_29)","line":320,"loc":{"start":{"line":320,"column":38},"end":{"line":321,"column":0}}},"30":{"name":"(anonymous_30)","line":326,"loc":{"start":{"line":326,"column":20},"end":{"line":327,"column":4}}},"31":{"name":"(anonymous_31)","line":336,"loc":{"start":{"line":336,"column":11},"end":{"line":337,"column":8}}},"32":{"name":"(anonymous_32)","line":348,"loc":{"start":{"line":348,"column":15},"end":{"line":349,"column":12}}},"33":{"name":"(anonymous_33)","line":359,"loc":{"start":{"line":359,"column":39},"end":{"line":360,"column":0}}},"34":{"name":"(anonymous_34)","line":361,"loc":{"start":{"line":361,"column":15},"end":{"line":361,"column":27}}},"35":{"name":"(anonymous_35)","line":365,"loc":{"start":{"line":365,"column":15},"end":{"line":366,"column":4}}},"36":{"name":"(anonymous_36)","line":372,"loc":{"start":{"line":372,"column":24},"end":{"line":373,"column":8}}},"37":{"name":"(anonymous_37)","line":387,"loc":{"start":{"line":387,"column":38},"end":{"line":388,"column":0}}},"38":{"name":"(anonymous_38)","line":392,"loc":{"start":{"line":392,"column":41},"end":{"line":393,"column":0}}},"39":{"name":"(anonymous_39)","line":399,"loc":{"start":{"line":399,"column":28},"end":{"line":400,"column":4}}},"40":{"name":"(anonymous_40)","line":407,"loc":{"start":{"line":407,"column":17},"end":{"line":408,"column":0}}}},"statementMap":{"1":{"start":{"line":4,"column":0},"end":{"line":8,"column":33}},"2":{"start":{"line":11,"column":0},"end":{"line":24,"column":2}},"3":{"start":{"line":13,"column":4},"end":{"line":13,"column":13}},"4":{"start":{"line":15,"column":4},"end":{"line":18,"column":5}},"5":{"start":{"line":17,"column":8},"end":{"line":17,"column":21}},"6":{"start":{"line":20,"column":4},"end":{"line":23,"column":5}},"7":{"start":{"line":22,"column":8},"end":{"line":22,"column":46}},"8":{"start":{"line":26,"column":0},"end":{"line":143,"column":1}},"9":{"start":{"line":28,"column":4},"end":{"line":28,"column":35}},"10":{"start":{"line":30,"column":4},"end":{"line":33,"column":28}},"11":{"start":{"line":35,"column":4},"end":{"line":38,"column":5}},"12":{"start":{"line":37,"column":8},"end":{"line":37,"column":72}},"13":{"start":{"line":40,"column":4},"end":{"line":40,"column":56}},"14":{"start":{"line":41,"column":4},"end":{"line":41,"column":42}},"15":{"start":{"line":42,"column":4},"end":{"line":43,"column":71}},"16":{"start":{"line":45,"column":4},"end":{"line":45,"column":38}},"17":{"start":{"line":47,"column":4},"end":{"line":55,"column":5}},"18":{"start":{"line":49,"column":8},"end":{"line":54,"column":10}},"19":{"start":{"line":51,"column":12},"end":{"line":51,"column":37}},"20":{"start":{"line":52,"column":12},"end":{"line":52,"column":46}},"21":{"start":{"line":53,"column":12},"end":{"line":53,"column":62}},"22":{"start":{"line":57,"column":4},"end":{"line":57,"column":48}},"23":{"start":{"line":58,"column":4},"end":{"line":58,"column":49}},"24":{"start":{"line":60,"column":4},"end":{"line":63,"column":5}},"25":{"start":{"line":62,"column":8},"end":{"line":62,"column":30}},"26":{"start":{"line":65,"column":4},"end":{"line":69,"column":7}},"27":{"start":{"line":71,"column":4},"end":{"line":97,"column":7}},"28":{"start":{"line":73,"column":8},"end":{"line":76,"column":9}},"29":{"start":{"line":75,"column":12},"end":{"line":75,"column":19}},"30":{"start":{"line":78,"column":8},"end":{"line":81,"column":9}},"31":{"start":{"line":80,"column":12},"end":{"line":80,"column":51}},"32":{"start":{"line":83,"column":8},"end":{"line":83,"column":57}},"33":{"start":{"line":85,"column":8},"end":{"line":94,"column":9}},"34":{"start":{"line":87,"column":12},"end":{"line":87,"column":30}},"35":{"start":{"line":88,"column":12},"end":{"line":88,"column":28}},"36":{"start":{"line":90,"column":12},"end":{"line":93,"column":13}},"37":{"start":{"line":92,"column":16},"end":{"line":92,"column":27}},"38":{"start":{"line":96,"column":8},"end":{"line":96,"column":59}},"39":{"start":{"line":99,"column":4},"end":{"line":102,"column":7}},"40":{"start":{"line":101,"column":8},"end":{"line":101,"column":25}},"41":{"start":{"line":104,"column":4},"end":{"line":133,"column":7}},"42":{"start":{"line":106,"column":8},"end":{"line":106,"column":35}},"43":{"start":{"line":106,"column":26},"end":{"line":106,"column":33}},"44":{"start":{"line":108,"column":8},"end":{"line":108,"column":30}},"45":{"start":{"line":110,"column":8},"end":{"line":122,"column":9}},"46":{"start":{"line":112,"column":12},"end":{"line":121,"column":13}},"47":{"start":{"line":115,"column":16},"end":{"line":115,"column":42}},"48":{"start":{"line":117,"column":17},"end":{"line":121,"column":13}},"49":{"start":{"line":120,"column":16},"end":{"line":120,"column":40}},"50":{"start":{"line":124,"column":8},"end":{"line":132,"column":9}},"51":{"start":{"line":126,"column":12},"end":{"line":126,"column":35}},"52":{"start":{"line":130,"column":12},"end":{"line":130,"column":31}},"53":{"start":{"line":131,"column":12},"end":{"line":131,"column":25}},"54":{"start":{"line":135,"column":4},"end":{"line":142,"column":7}},"55":{"start":{"line":137,"column":8},"end":{"line":141,"column":9}},"56":{"start":{"line":139,"column":12},"end":{"line":139,"column":31}},"57":{"start":{"line":140,"column":12},"end":{"line":140,"column":26}},"58":{"start":{"line":145,"column":0},"end":{"line":145,"column":55}},"59":{"start":{"line":147,"column":0},"end":{"line":161,"column":2}},"60":{"start":{"line":149,"column":4},"end":{"line":149,"column":56}},"61":{"start":{"line":149,"column":21},"end":{"line":149,"column":54}},"62":{"start":{"line":151,"column":4},"end":{"line":160,"column":7}},"63":{"start":{"line":156,"column":8},"end":{"line":156,"column":36}},"64":{"start":{"line":156,"column":19},"end":{"line":156,"column":34}},"65":{"start":{"line":157,"column":8},"end":{"line":157,"column":56}},"66":{"start":{"line":157,"column":32},"end":{"line":157,"column":54}},"67":{"start":{"line":158,"column":8},"end":{"line":158,"column":26}},"68":{"start":{"line":159,"column":8},"end":{"line":159,"column":62}},"69":{"start":{"line":163,"column":0},"end":{"line":185,"column":2}},"70":{"start":{"line":165,"column":4},"end":{"line":165,"column":56}},"71":{"start":{"line":165,"column":21},"end":{"line":165,"column":54}},"72":{"start":{"line":167,"column":4},"end":{"line":184,"column":7}},"73":{"start":{"line":169,"column":8},"end":{"line":169,"column":36}},"74":{"start":{"line":169,"column":19},"end":{"line":169,"column":34}},"75":{"start":{"line":171,"column":8},"end":{"line":171,"column":30}},"76":{"start":{"line":173,"column":8},"end":{"line":181,"column":9}},"77":{"start":{"line":175,"column":12},"end":{"line":175,"column":29}},"78":{"start":{"line":177,"column":12},"end":{"line":180,"column":13}},"79":{"start":{"line":179,"column":16},"end":{"line":179,"column":31}},"80":{"start":{"line":183,"column":8},"end":{"line":183,"column":23}},"81":{"start":{"line":187,"column":0},"end":{"line":196,"column":2}},"82":{"start":{"line":189,"column":4},"end":{"line":189,"column":56}},"83":{"start":{"line":189,"column":21},"end":{"line":189,"column":54}},"84":{"start":{"line":191,"column":4},"end":{"line":195,"column":7}},"85":{"start":{"line":193,"column":8},"end":{"line":193,"column":77}},"86":{"start":{"line":193,"column":19},"end":{"line":193,"column":75}},"87":{"start":{"line":194,"column":8},"end":{"line":194,"column":42}},"88":{"start":{"line":198,"column":0},"end":{"line":207,"column":2}},"89":{"start":{"line":200,"column":4},"end":{"line":200,"column":56}},"90":{"start":{"line":200,"column":21},"end":{"line":200,"column":54}},"91":{"start":{"line":202,"column":4},"end":{"line":206,"column":7}},"92":{"start":{"line":204,"column":8},"end":{"line":204,"column":77}},"93":{"start":{"line":204,"column":19},"end":{"line":204,"column":75}},"94":{"start":{"line":205,"column":8},"end":{"line":205,"column":55}},"95":{"start":{"line":209,"column":0},"end":{"line":259,"column":2}},"96":{"start":{"line":211,"column":4},"end":{"line":211,"column":56}},"97":{"start":{"line":211,"column":21},"end":{"line":211,"column":54}},"98":{"start":{"line":213,"column":4},"end":{"line":215,"column":57}},"99":{"start":{"line":222,"column":4},"end":{"line":258,"column":7}},"100":{"start":{"line":224,"column":8},"end":{"line":224,"column":36}},"101":{"start":{"line":224,"column":19},"end":{"line":224,"column":34}},"102":{"start":{"line":226,"column":8},"end":{"line":226,"column":30}},"103":{"start":{"line":228,"column":8},"end":{"line":235,"column":9}},"104":{"start":{"line":230,"column":12},"end":{"line":230,"column":68}},"105":{"start":{"line":230,"column":45},"end":{"line":230,"column":66}},"106":{"start":{"line":234,"column":12},"end":{"line":234,"column":37}},"107":{"start":{"line":237,"column":8},"end":{"line":237,"column":59}},"108":{"start":{"line":237,"column":24},"end":{"line":237,"column":57}},"109":{"start":{"line":239,"column":8},"end":{"line":257,"column":11}},"110":{"start":{"line":243,"column":12},"end":{"line":254,"column":13}},"111":{"start":{"line":245,"column":16},"end":{"line":251,"column":17}},"112":{"start":{"line":247,"column":20},"end":{"line":250,"column":52}},"113":{"start":{"line":249,"column":24},"end":{"line":249,"column":58}},"114":{"start":{"line":253,"column":16},"end":{"line":253,"column":31}},"115":{"start":{"line":256,"column":12},"end":{"line":256,"column":41}},"116":{"start":{"line":261,"column":0},"end":{"line":273,"column":2}},"117":{"start":{"line":263,"column":4},"end":{"line":263,"column":56}},"118":{"start":{"line":263,"column":21},"end":{"line":263,"column":54}},"119":{"start":{"line":265,"column":4},"end":{"line":265,"column":19}},"120":{"start":{"line":267,"column":4},"end":{"line":272,"column":7}},"121":{"start":{"line":269,"column":8},"end":{"line":269,"column":71}},"122":{"start":{"line":269,"column":19},"end":{"line":269,"column":69}},"123":{"start":{"line":270,"column":8},"end":{"line":270,"column":59}},"124":{"start":{"line":270,"column":24},"end":{"line":270,"column":57}},"125":{"start":{"line":271,"column":8},"end":{"line":271,"column":42}},"126":{"start":{"line":275,"column":0},"end":{"line":296,"column":2}},"127":{"start":{"line":277,"column":4},"end":{"line":282,"column":5}},"128":{"start":{"line":279,"column":8},"end":{"line":279,"column":30}},"129":{"start":{"line":280,"column":8},"end":{"line":280,"column":26}},"130":{"start":{"line":281,"column":8},"end":{"line":281,"column":20}},"131":{"start":{"line":284,"column":4},"end":{"line":293,"column":5}},"132":{"start":{"line":286,"column":8},"end":{"line":286,"column":28}},"133":{"start":{"line":287,"column":8},"end":{"line":290,"column":9}},"134":{"start":{"line":289,"column":12},"end":{"line":289,"column":81}},"135":{"start":{"line":289,"column":59},"end":{"line":289,"column":76}},"136":{"start":{"line":291,"column":8},"end":{"line":291,"column":58}},"137":{"start":{"line":292,"column":8},"end":{"line":292,"column":27}},"138":{"start":{"line":295,"column":4},"end":{"line":295,"column":9}},"139":{"start":{"line":298,"column":0},"end":{"line":306,"column":2}},"140":{"start":{"line":300,"column":4},"end":{"line":300,"column":58}},"141":{"start":{"line":300,"column":23},"end":{"line":300,"column":56}},"142":{"start":{"line":302,"column":4},"end":{"line":302,"column":23}},"143":{"start":{"line":303,"column":4},"end":{"line":303,"column":22}},"144":{"start":{"line":305,"column":4},"end":{"line":305,"column":9}},"145":{"start":{"line":308,"column":0},"end":{"line":318,"column":2}},"146":{"start":{"line":310,"column":4},"end":{"line":310,"column":49}},"147":{"start":{"line":310,"column":29},"end":{"line":310,"column":46}},"148":{"start":{"line":312,"column":4},"end":{"line":312,"column":19}},"149":{"start":{"line":314,"column":4},"end":{"line":317,"column":7}},"150":{"start":{"line":316,"column":8},"end":{"line":316,"column":28}},"151":{"start":{"line":320,"column":0},"end":{"line":357,"column":2}},"152":{"start":{"line":322,"column":4},"end":{"line":322,"column":56}},"153":{"start":{"line":322,"column":21},"end":{"line":322,"column":54}},"154":{"start":{"line":324,"column":4},"end":{"line":324,"column":19}},"155":{"start":{"line":326,"column":4},"end":{"line":356,"column":7}},"156":{"start":{"line":328,"column":8},"end":{"line":328,"column":69}},"157":{"start":{"line":328,"column":52},"end":{"line":328,"column":67}},"158":{"start":{"line":329,"column":8},"end":{"line":329,"column":59}},"159":{"start":{"line":329,"column":24},"end":{"line":329,"column":57}},"160":{"start":{"line":332,"column":8},"end":{"line":354,"column":11}},"161":{"start":{"line":338,"column":12},"end":{"line":338,"column":70}},"162":{"start":{"line":338,"column":53},"end":{"line":338,"column":68}},"163":{"start":{"line":339,"column":12},"end":{"line":339,"column":63}},"164":{"start":{"line":339,"column":28},"end":{"line":339,"column":61}},"165":{"start":{"line":341,"column":12},"end":{"line":353,"column":15}},"166":{"start":{"line":350,"column":16},"end":{"line":350,"column":74}},"167":{"start":{"line":350,"column":57},"end":{"line":350,"column":72}},"168":{"start":{"line":351,"column":16},"end":{"line":351,"column":67}},"169":{"start":{"line":351,"column":32},"end":{"line":351,"column":65}},"170":{"start":{"line":352,"column":16},"end":{"line":352,"column":21}},"171":{"start":{"line":359,"column":0},"end":{"line":385,"column":2}},"172":{"start":{"line":361,"column":4},"end":{"line":361,"column":49}},"173":{"start":{"line":361,"column":29},"end":{"line":361,"column":46}},"174":{"start":{"line":363,"column":4},"end":{"line":363,"column":19}},"175":{"start":{"line":365,"column":4},"end":{"line":384,"column":7}},"176":{"start":{"line":367,"column":8},"end":{"line":370,"column":9}},"177":{"start":{"line":369,"column":12},"end":{"line":369,"column":39}},"178":{"start":{"line":372,"column":8},"end":{"line":383,"column":11}},"179":{"start":{"line":374,"column":12},"end":{"line":380,"column":13}},"180":{"start":{"line":379,"column":16},"end":{"line":379,"column":31}},"181":{"start":{"line":381,"column":12},"end":{"line":381,"column":27}},"182":{"start":{"line":382,"column":12},"end":{"line":382,"column":32}},"183":{"start":{"line":387,"column":0},"end":{"line":390,"column":2}},"184":{"start":{"line":389,"column":4},"end":{"line":389,"column":21}},"185":{"start":{"line":389,"column":14},"end":{"line":389,"column":19}},"186":{"start":{"line":392,"column":0},"end":{"line":405,"column":2}},"187":{"start":{"line":394,"column":4},"end":{"line":397,"column":5}},"188":{"start":{"line":396,"column":8},"end":{"line":396,"column":18}},"189":{"start":{"line":399,"column":4},"end":{"line":402,"column":7}},"190":{"start":{"line":401,"column":8},"end":{"line":401,"column":13}},"191":{"start":{"line":404,"column":4},"end":{"line":404,"column":9}},"192":{"start":{"line":407,"column":0},"end":{"line":410,"column":2}},"193":{"start":{"line":409,"column":4},"end":{"line":409,"column":46}}},"branchMap":{"1":{"line":35,"type":"if","locations":[{"start":{"line":35,"column":4},"end":{"line":35,"column":4}},{"start":{"line":35,"column":4},"end":{"line":35,"column":4}}]},"2":{"line":40,"type":"binary-expr","locations":[{"start":{"line":40,"column":19},"end":{"line":40,"column":33}},{"start":{"line":40,"column":37},"end":{"line":40,"column":55}}]},"3":{"line":41,"type":"binary-expr","locations":[{"start":{"line":41,"column":19},"end":{"line":41,"column":33}},{"start":{"line":41,"column":37},"end":{"line":41,"column":41}}]},"4":{"line":47,"type":"if","locations":[{"start":{"line":47,"column":4},"end":{"line":47,"column":4}},{"start":{"line":47,"column":4},"end":{"line":47,"column":4}}]},"5":{"line":57,"type":"binary-expr","locations":[{"start":{"line":57,"column":19},"end":{"line":57,"column":33}},{"start":{"line":57,"column":37},"end":{"line":57,"column":47}}]},"6":{"line":60,"type":"if","locations":[{"start":{"line":60,"column":4},"end":{"line":60,"column":4}},{"start":{"line":60,"column":4},"end":{"line":60,"column":4}}]},"7":{"line":73,"type":"if","locations":[{"start":{"line":73,"column":8},"end":{"line":73,"column":8}},{"start":{"line":73,"column":8},"end":{"line":73,"column":8}}]},"8":{"line":78,"type":"if","locations":[{"start":{"line":78,"column":8},"end":{"line":78,"column":8}},{"start":{"line":78,"column":8},"end":{"line":78,"column":8}}]},"9":{"line":90,"type":"if","locations":[{"start":{"line":90,"column":12},"end":{"line":90,"column":12}},{"start":{"line":90,"column":12},"end":{"line":90,"column":12}}]},"10":{"line":106,"type":"if","locations":[{"start":{"line":106,"column":8},"end":{"line":106,"column":8}},{"start":{"line":106,"column":8},"end":{"line":106,"column":8}}]},"11":{"line":110,"type":"if","locations":[{"start":{"line":110,"column":8},"end":{"line":110,"column":8}},{"start":{"line":110,"column":8},"end":{"line":110,"column":8}}]},"12":{"line":112,"type":"if","locations":[{"start":{"line":112,"column":12},"end":{"line":112,"column":12}},{"start":{"line":112,"column":12},"end":{"line":112,"column":12}}]},"13":{"line":117,"type":"if","locations":[{"start":{"line":117,"column":17},"end":{"line":117,"column":17}},{"start":{"line":117,"column":17},"end":{"line":117,"column":17}}]},"14":{"line":124,"type":"if","locations":[{"start":{"line":124,"column":8},"end":{"line":124,"column":8}},{"start":{"line":124,"column":8},"end":{"line":124,"column":8}}]},"15":{"line":137,"type":"if","locations":[{"start":{"line":137,"column":8},"end":{"line":137,"column":8}},{"start":{"line":137,"column":8},"end":{"line":137,"column":8}}]},"16":{"line":149,"type":"if","locations":[{"start":{"line":149,"column":4},"end":{"line":149,"column":4}},{"start":{"line":149,"column":4},"end":{"line":149,"column":4}}]},"17":{"line":156,"type":"if","locations":[{"start":{"line":156,"column":8},"end":{"line":156,"column":8}},{"start":{"line":156,"column":8},"end":{"line":156,"column":8}}]},"18":{"line":157,"type":"if","locations":[{"start":{"line":157,"column":8},"end":{"line":157,"column":8}},{"start":{"line":157,"column":8},"end":{"line":157,"column":8}}]},"19":{"line":165,"type":"if","locations":[{"start":{"line":165,"column":4},"end":{"line":165,"column":4}},{"start":{"line":165,"column":4},"end":{"line":165,"column":4}}]},"20":{"line":169,"type":"if","locations":[{"start":{"line":169,"column":8},"end":{"line":169,"column":8}},{"start":{"line":169,"column":8},"end":{"line":169,"column":8}}]},"21":{"line":177,"type":"if","locations":[{"start":{"line":177,"column":12},"end":{"line":177,"column":12}},{"start":{"line":177,"column":12},"end":{"line":177,"column":12}}]},"22":{"line":189,"type":"if","locations":[{"start":{"line":189,"column":4},"end":{"line":189,"column":4}},{"start":{"line":189,"column":4},"end":{"line":189,"column":4}}]},"23":{"line":193,"type":"if","locations":[{"start":{"line":193,"column":8},"end":{"line":193,"column":8}},{"start":{"line":193,"column":8},"end":{"line":193,"column":8}}]},"24":{"line":193,"type":"cond-expr","locations":[{"start":{"line":193,"column":57},"end":{"line":193,"column":61}},{"start":{"line":193,"column":64},"end":{"line":193,"column":67}}]},"25":{"line":200,"type":"if","locations":[{"start":{"line":200,"column":4},"end":{"line":200,"column":4}},{"start":{"line":200,"column":4},"end":{"line":200,"column":4}}]},"26":{"line":204,"type":"if","locations":[{"start":{"line":204,"column":8},"end":{"line":204,"column":8}},{"start":{"line":204,"column":8},"end":{"line":204,"column":8}}]},"27":{"line":204,"type":"cond-expr","locations":[{"start":{"line":204,"column":57},"end":{"line":204,"column":61}},{"start":{"line":204,"column":64},"end":{"line":204,"column":67}}]},"28":{"line":211,"type":"if","locations":[{"start":{"line":211,"column":4},"end":{"line":211,"column":4}},{"start":{"line":211,"column":4},"end":{"line":211,"column":4}}]},"29":{"line":224,"type":"if","locations":[{"start":{"line":224,"column":8},"end":{"line":224,"column":8}},{"start":{"line":224,"column":8},"end":{"line":224,"column":8}}]},"30":{"line":228,"type":"if","locations":[{"start":{"line":228,"column":8},"end":{"line":228,"column":8}},{"start":{"line":228,"column":8},"end":{"line":228,"column":8}}]},"31":{"line":230,"type":"if","locations":[{"start":{"line":230,"column":12},"end":{"line":230,"column":12}},{"start":{"line":230,"column":12},"end":{"line":230,"column":12}}]},"32":{"line":237,"type":"if","locations":[{"start":{"line":237,"column":8},"end":{"line":237,"column":8}},{"start":{"line":237,"column":8},"end":{"line":237,"column":8}}]},"33":{"line":243,"type":"if","locations":[{"start":{"line":243,"column":12},"end":{"line":243,"column":12}},{"start":{"line":243,"column":12},"end":{"line":243,"column":12}}]},"34":{"line":245,"type":"if","locations":[{"start":{"line":245,"column":16},"end":{"line":245,"column":16}},{"start":{"line":245,"column":16},"end":{"line":245,"column":16}}]},"35":{"line":263,"type":"if","locations":[{"start":{"line":263,"column":4},"end":{"line":263,"column":4}},{"start":{"line":263,"column":4},"end":{"line":263,"column":4}}]},"36":{"line":269,"type":"if","locations":[{"start":{"line":269,"column":8},"end":{"line":269,"column":8}},{"start":{"line":269,"column":8},"end":{"line":269,"column":8}}]},"37":{"line":269,"type":"cond-expr","locations":[{"start":{"line":269,"column":57},"end":{"line":269,"column":61}},{"start":{"line":269,"column":64},"end":{"line":269,"column":67}}]},"38":{"line":270,"type":"if","locations":[{"start":{"line":270,"column":8},"end":{"line":270,"column":8}},{"start":{"line":270,"column":8},"end":{"line":270,"column":8}}]},"39":{"line":277,"type":"if","locations":[{"start":{"line":277,"column":4},"end":{"line":277,"column":4}},{"start":{"line":277,"column":4},"end":{"line":277,"column":4}}]},"40":{"line":284,"type":"if","locations":[{"start":{"line":284,"column":4},"end":{"line":284,"column":4}},{"start":{"line":284,"column":4},"end":{"line":284,"column":4}}]},"41":{"line":284,"type":"binary-expr","locations":[{"start":{"line":284,"column":8},"end":{"line":284,"column":19}},{"start":{"line":284,"column":23},"end":{"line":284,"column":40}}]},"42":{"line":287,"type":"if","locations":[{"start":{"line":287,"column":8},"end":{"line":287,"column":8}},{"start":{"line":287,"column":8},"end":{"line":287,"column":8}}]},"43":{"line":300,"type":"if","locations":[{"start":{"line":300,"column":4},"end":{"line":300,"column":4}},{"start":{"line":300,"column":4},"end":{"line":300,"column":4}}]},"44":{"line":310,"type":"binary-expr","locations":[{"start":{"line":310,"column":9},"end":{"line":310,"column":11}},{"start":{"line":310,"column":15},"end":{"line":310,"column":48}}]},"45":{"line":322,"type":"if","locations":[{"start":{"line":322,"column":4},"end":{"line":322,"column":4}},{"start":{"line":322,"column":4},"end":{"line":322,"column":4}}]},"46":{"line":328,"type":"if","locations":[{"start":{"line":328,"column":8},"end":{"line":328,"column":8}},{"start":{"line":328,"column":8},"end":{"line":328,"column":8}}]},"47":{"line":328,"type":"binary-expr","locations":[{"start":{"line":328,"column":12},"end":{"line":328,"column":15}},{"start":{"line":328,"column":20},"end":{"line":328,"column":47}}]},"48":{"line":329,"type":"if","locations":[{"start":{"line":329,"column":8},"end":{"line":329,"column":8}},{"start":{"line":329,"column":8},"end":{"line":329,"column":8}}]},"49":{"line":338,"type":"if","locations":[{"start":{"line":338,"column":12},"end":{"line":338,"column":12}},{"start":{"line":338,"column":12},"end":{"line":338,"column":12}}]},"50":{"line":338,"type":"binary-expr","locations":[{"start":{"line":338,"column":16},"end":{"line":338,"column":19}},{"start":{"line":338,"column":24},"end":{"line":338,"column":48}}]},"51":{"line":339,"type":"if","locations":[{"start":{"line":339,"column":12},"end":{"line":339,"column":12}},{"start":{"line":339,"column":12},"end":{"line":339,"column":12}}]},"52":{"line":350,"type":"if","locations":[{"start":{"line":350,"column":16},"end":{"line":350,"column":16}},{"start":{"line":350,"column":16},"end":{"line":350,"column":16}}]},"53":{"line":350,"type":"binary-expr","locations":[{"start":{"line":350,"column":20},"end":{"line":350,"column":23}},{"start":{"line":350,"column":28},"end":{"line":350,"column":52}}]},"54":{"line":351,"type":"if","locations":[{"start":{"line":351,"column":16},"end":{"line":351,"column":16}},{"start":{"line":351,"column":16},"end":{"line":351,"column":16}}]},"55":{"line":361,"type":"binary-expr","locations":[{"start":{"line":361,"column":9},"end":{"line":361,"column":11}},{"start":{"line":361,"column":15},"end":{"line":361,"column":48}}]},"56":{"line":367,"type":"if","locations":[{"start":{"line":367,"column":8},"end":{"line":367,"column":8}},{"start":{"line":367,"column":8},"end":{"line":367,"column":8}}]},"57":{"line":374,"type":"if","locations":[{"start":{"line":374,"column":12},"end":{"line":374,"column":12}},{"start":{"line":374,"column":12},"end":{"line":374,"column":12}}]},"58":{"line":374,"type":"binary-expr","locations":[{"start":{"line":374,"column":16},"end":{"line":374,"column":19}},{"start":{"line":375,"column":18},"end":{"line":375,"column":43}},{"start":{"line":376,"column":19},"end":{"line":376,"column":46}},{"start":{"line":377,"column":19},"end":{"line":377,"column":43}}]},"59":{"line":389,"type":"if","locations":[{"start":{"line":389,"column":4},"end":{"line":389,"column":4}},{"start":{"line":389,"column":4},"end":{"line":389,"column":4}}]},"60":{"line":394,"type":"if","locations":[{"start":{"line":394,"column":4},"end":{"line":394,"column":4}},{"start":{"line":394,"column":4},"end":{"line":394,"column":4}}]}}}}