{"/home/david/Private/hub/common/pub-keystore/Gruntfile.js":{"path":"/home/david/Private/hub/common/pub-keystore/Gruntfile.js","s":{"1":1,"2":1,"3":1,"4":1,"5":1,"6":1,"7":1,"8":1,"9":1,"10":1,"11":1,"12":1},"b":{},"f":{"1":1},"fnMap":{"1":{"name":"(anonymous_1)","line":4,"loc":{"start":{"line":4,"column":17},"end":{"line":5,"column":0}}}},"statementMap":{"1":{"start":{"line":4,"column":0},"end":{"line":69,"column":2}},"2":{"start":{"line":6,"column":4},"end":{"line":56,"column":7}},"3":{"start":{"line":58,"column":4},"end":{"line":58,"column":39}},"4":{"start":{"line":59,"column":4},"end":{"line":59,"column":43}},"5":{"start":{"line":60,"column":4},"end":{"line":60,"column":39}},"6":{"start":{"line":61,"column":4},"end":{"line":61,"column":37}},"7":{"start":{"line":63,"column":4},"end":{"line":63,"column":45}},"8":{"start":{"line":64,"column":4},"end":{"line":64,"column":52}},"9":{"start":{"line":65,"column":4},"end":{"line":65,"column":41}},"10":{"start":{"line":66,"column":4},"end":{"line":66,"column":71}},"11":{"start":{"line":67,"column":4},"end":{"line":67,"column":54}},"12":{"start":{"line":68,"column":4},"end":{"line":68,"column":59}}},"branchMap":{}},"/home/david/Private/hub/common/pub-keystore/index.js":{"path":"/home/david/Private/hub/common/pub-keystore/index.js","s":{"1":1,"2":1,"3":1232,"4":1232,"5":1232,"6":1,"7":1231,"8":1231,"9":1231,"10":1231,"11":583,"12":583,"13":38,"14":545,"15":648},"b":{"1":[1231,0],"2":[583,648],"3":[38,545],"4":[583,38]},"f":{"1":1232,"2":1231,"3":583},"fnMap":{"1":{"name":"(anonymous_1)","line":6,"loc":{"start":{"line":6,"column":17},"end":{"line":7,"column":0}}},"2":{"name":"(anonymous_2)","line":19,"loc":{"start":{"line":19,"column":14},"end":{"line":20,"column":4}}},"3":{"name":"(anonymous_3)","line":27,"loc":{"start":{"line":27,"column":33},"end":{"line":28,"column":16}}}},"statementMap":{"1":{"start":{"line":4,"column":0},"end":{"line":4,"column":27}},"2":{"start":{"line":6,"column":0},"end":{"line":43,"column":2}},"3":{"start":{"line":8,"column":4},"end":{"line":8,"column":10}},"4":{"start":{"line":10,"column":4},"end":{"line":17,"column":5}},"5":{"start":{"line":12,"column":8},"end":{"line":12,"column":58}},"6":{"start":{"line":16,"column":8},"end":{"line":16,"column":22}},"7":{"start":{"line":19,"column":4},"end":{"line":42,"column":7}},"8":{"start":{"line":21,"column":8},"end":{"line":39,"column":9}},"9":{"start":{"line":23,"column":12},"end":{"line":23,"column":40}},"10":{"start":{"line":25,"column":12},"end":{"line":38,"column":13}},"11":{"start":{"line":27,"column":16},"end":{"line":37,"column":19}},"12":{"start":{"line":29,"column":20},"end":{"line":36,"column":21}},"13":{"start":{"line":31,"column":24},"end":{"line":31,"column":37}},"14":{"start":{"line":35,"column":24},"end":{"line":35,"column":36}},"15":{"start":{"line":41,"column":8},"end":{"line":41,"column":20}}},"branchMap":{"1":{"line":21,"type":"if","locations":[{"start":{"line":21,"column":8},"end":{"line":21,"column":8}},{"start":{"line":21,"column":8},"end":{"line":21,"column":8}}]},"2":{"line":25,"type":"if","locations":[{"start":{"line":25,"column":12},"end":{"line":25,"column":12}},{"start":{"line":25,"column":12},"end":{"line":25,"column":12}}]},"3":{"line":29,"type":"if","locations":[{"start":{"line":29,"column":20},"end":{"line":29,"column":20}},{"start":{"line":29,"column":20},"end":{"line":29,"column":20}}]},"4":{"line":29,"type":"binary-expr","locations":[{"start":{"line":29,"column":24},"end":{"line":29,"column":27}},{"start":{"line":29,"column":32},"end":{"line":29,"column":59}}]}}},"/home/david/Private/hub/common/pub-keystore/pouchdb/index.js":{"path":"/home/david/Private/hub/common/pub-keystore/pouchdb/index.js","s":{"1":1,"2":1,"3":365,"4":365,"5":365,"6":365,"7":365,"8":365,"9":365,"10":365,"11":717,"12":365,"13":365,"14":1,"15":365,"16":255,"17":110,"18":110,"19":0,"20":110,"21":110,"22":271,"23":0,"24":271,"25":271,"26":271,"27":271,"28":271,"29":271,"30":271,"31":271,"32":271,"33":110,"34":0,"35":0,"36":0,"37":0,"38":0,"39":0,"40":0,"41":110,"42":110,"43":110,"44":1,"45":219,"46":219,"47":0,"48":219,"49":219,"50":109,"51":0,"52":219,"53":219,"54":0,"55":0,"56":0,"57":0,"58":219,"59":365,"60":146,"61":219,"62":0,"63":219,"64":1,"65":1,"66":328,"67":328,"68":219,"69":219,"70":109,"71":109,"72":109,"73":0,"74":328,"75":0,"76":328,"77":328,"78":1,"79":328,"80":328,"81":328,"82":0,"83":1,"84":328,"85":0,"86":328,"87":328,"88":328,"89":8,"90":8,"91":0,"92":328,"93":1,"94":328,"95":2,"96":2,"97":326,"98":328,"99":328,"100":1,"101":0,"102":0,"103":0,"104":0,"105":0,"106":0,"107":0,"108":0,"109":1,"110":706,"111":9,"112":697,"113":697,"114":0,"115":697,"116":276,"117":421,"118":421,"119":1,"120":572,"121":8,"122":564,"123":564,"124":144,"125":420,"126":1,"127":440,"128":8,"129":432,"130":432,"131":12,"132":420,"133":1,"134":96,"135":0,"136":96,"137":96,"138":0,"139":96,"140":96,"141":516,"142":516,"143":420,"144":96,"145":1,"146":274,"147":0,"148":274,"149":274,"150":274,"151":1,"152":273,"153":273,"154":88,"155":0,"156":185,"157":273,"158":0,"159":273,"160":273,"161":0,"162":0,"163":0,"164":0,"165":273,"166":1,"167":176,"168":0,"169":176,"170":176,"171":176,"172":88,"173":88,"174":0,"175":88,"176":1,"177":389,"178":389,"179":389,"180":389,"181":219,"182":219,"183":389,"184":0,"185":0,"186":0,"187":389,"188":110,"189":110,"190":389,"191":1,"192":365,"193":0,"194":365,"195":365,"196":365,"197":24,"198":341,"199":341,"200":0,"201":341,"202":341,"203":1,"204":165,"205":0,"206":165,"207":165,"208":165,"209":0,"210":165,"211":1,"212":24,"213":0,"214":24,"215":24,"216":24,"217":0,"218":24,"219":24,"220":0,"221":24,"222":24,"223":1,"224":73,"225":1,"226":73,"227":1,"228":365,"229":365,"230":365,"231":0,"232":365,"233":365,"234":0,"235":365,"236":365,"237":0,"238":365},"b":{"1":[255,110],"2":[0,110],"3":[0,271],"4":[271,0],"5":[271,0],"6":[0,0],"7":[0,0],"8":[110,0],"9":[0,219],"10":[0,219],"11":[146,219],"12":[0,219],"13":[219,109],"14":[109,109],"15":[109,109],"16":[0,109],"17":[109,0],"18":[0,328],"19":[0,328],"20":[0,328],"21":[328,0],"22":[8,0],"23":[2,326],"24":[2,2],"25":[0,0],"26":[0,0],"27":[9,697],"28":[0,697],"29":[276,421],"30":[8,564],"31":[144,420],"32":[144,0],"33":[8,432],"34":[12,420],"35":[12,0],"36":[0,96],"37":[0,96],"38":[420,96],"39":[0,274],"40":[1,273],"41":[88,185],"42":[0,88],"43":[0,273],"44":[0,273],"45":[0,0],"46":[0,176],"47":[88,88],"48":[88,0],"49":[0,88],"50":[219,170],"51":[0,389],"52":[389,0],"53":[110,279],"54":[365,0],"55":[24,341],"56":[0,341],"57":[341,1,1],"58":[0,165],"59":[0,165],"60":[165,152],"61":[24,0],"62":[0,24],"63":[0,24],"64":[24,0,0],"65":[73,1],"66":[365,220],"67":[365,149],"68":[146,219],"69":[219,147],"70":[0,365],"71":[365,363],"72":[0,365],"73":[365,362],"74":[0,365]},"f":{"1":365,"2":717,"3":365,"4":110,"5":271,"6":0,"7":219,"8":219,"9":109,"10":0,"11":328,"12":109,"13":328,"14":328,"15":328,"16":328,"17":8,"18":328,"19":2,"20":328,"21":0,"22":0,"23":706,"24":697,"25":572,"26":564,"27":440,"28":432,"29":96,"30":96,"31":274,"32":274,"33":273,"34":0,"35":176,"36":176,"37":389,"38":389,"39":365,"40":0,"41":365,"42":341,"43":165,"44":165,"45":24,"46":0,"47":24,"48":24,"49":73,"50":1,"51":365,"52":365,"53":365,"54":365},"fnMap":{"1":{"name":"PubKeyStorePouchDB","line":15,"loc":{"start":{"line":15,"column":0},"end":{"line":16,"column":0}}},"2":{"name":"(anonymous_2)","line":25,"loc":{"start":{"line":25,"column":40},"end":{"line":25,"column":57}}},"3":{"name":"do_changes","line":31,"loc":{"start":{"line":31,"column":4},"end":{"line":32,"column":4}}},"4":{"name":"(anonymous_4)","line":35,"loc":{"start":{"line":35,"column":16},"end":{"line":36,"column":8}}},"5":{"name":"(anonymous_5)","line":45,"loc":{"start":{"line":45,"column":35},"end":{"line":46,"column":12}}},"6":{"name":"(anonymous_6)","line":73,"loc":{"start":{"line":73,"column":34},"end":{"line":74,"column":12}}},"7":{"name":"after_replicate","line":98,"loc":{"start":{"line":98,"column":4},"end":{"line":99,"column":4}}},"8":{"name":"(anonymous_8)","line":100,"loc":{"start":{"line":100,"column":19},"end":{"line":101,"column":8}}},"9":{"name":"(anonymous_9)","line":108,"loc":{"start":{"line":108,"column":38},"end":{"line":108,"column":50}}},"10":{"name":"(anonymous_10)","line":120,"loc":{"start":{"line":120,"column":35},"end":{"line":121,"column":16}}},"11":{"name":"(anonymous_11)","line":146,"loc":{"start":{"line":146,"column":41},"end":{"line":147,"column":0}}},"12":{"name":"(anonymous_12)","line":158,"loc":{"start":{"line":158,"column":19},"end":{"line":159,"column":8}}},"13":{"name":"(anonymous_13)","line":172,"loc":{"start":{"line":172,"column":31},"end":{"line":173,"column":4}}},"14":{"name":"(anonymous_14)","line":178,"loc":{"start":{"line":178,"column":42},"end":{"line":179,"column":0}}},"15":{"name":"(anonymous_15)","line":182,"loc":{"start":{"line":182,"column":43},"end":{"line":183,"column":4}}},"16":{"name":"done","line":189,"loc":{"start":{"line":189,"column":8},"end":{"line":190,"column":8}}},"17":{"name":"(anonymous_17)","line":201,"loc":{"start":{"line":201,"column":35},"end":{"line":202,"column":12}}},"18":{"name":"done2","line":214,"loc":{"start":{"line":214,"column":8},"end":{"line":215,"column":8}}},"19":{"name":"(anonymous_19)","line":218,"loc":{"start":{"line":218,"column":37},"end":{"line":219,"column":16}}},"20":{"name":"(anonymous_20)","line":229,"loc":{"start":{"line":229,"column":28},"end":{"line":229,"column":40}}},"21":{"name":"(anonymous_21)","line":233,"loc":{"start":{"line":233,"column":52},"end":{"line":234,"column":0}}},"22":{"name":"(anonymous_22)","line":249,"loc":{"start":{"line":249,"column":15},"end":{"line":250,"column":4}}},"23":{"name":"(anonymous_23)","line":255,"loc":{"start":{"line":255,"column":56},"end":{"line":256,"column":0}}},"24":{"name":"(anonymous_24)","line":262,"loc":{"start":{"line":262,"column":8},"end":{"line":263,"column":8}}},"25":{"name":"(anonymous_25)","line":271,"loc":{"start":{"line":271,"column":50},"end":{"line":272,"column":0}}},"26":{"name":"(anonymous_26)","line":275,"loc":{"start":{"line":275,"column":22},"end":{"line":276,"column":4}}},"27":{"name":"(anonymous_27)","line":282,"loc":{"start":{"line":282,"column":45},"end":{"line":283,"column":0}}},"28":{"name":"(anonymous_28)","line":286,"loc":{"start":{"line":286,"column":22},"end":{"line":287,"column":4}}},"29":{"name":"(anonymous_29)","line":293,"loc":{"start":{"line":293,"column":40},"end":{"line":294,"column":0}}},"30":{"name":"(anonymous_30)","line":297,"loc":{"start":{"line":297,"column":21},"end":{"line":298,"column":4}}},"31":{"name":"(anonymous_31)","line":317,"loc":{"start":{"line":317,"column":43},"end":{"line":318,"column":0}}},"32":{"name":"(anonymous_32)","line":330,"loc":{"start":{"line":330,"column":40},"end":{"line":331,"column":4}}},"33":{"name":"(anonymous_33)","line":347,"loc":{"start":{"line":347,"column":25},"end":{"line":348,"column":8}}},"34":{"name":"(anonymous_34)","line":355,"loc":{"start":{"line":355,"column":38},"end":{"line":356,"column":20}}},"35":{"name":"(anonymous_35)","line":369,"loc":{"start":{"line":369,"column":46},"end":{"line":370,"column":0}}},"36":{"name":"(anonymous_36)","line":375,"loc":{"start":{"line":375,"column":22},"end":{"line":376,"column":4}}},"37":{"name":"(anonymous_37)","line":383,"loc":{"start":{"line":383,"column":37},"end":{"line":384,"column":0}}},"38":{"name":"(anonymous_38)","line":389,"loc":{"start":{"line":389,"column":31},"end":{"line":390,"column":4}}},"39":{"name":"(anonymous_39)","line":414,"loc":{"start":{"line":414,"column":37},"end":{"line":415,"column":0}}},"40":{"name":"(anonymous_40)","line":416,"loc":{"start":{"line":416,"column":15},"end":{"line":416,"column":27}}},"41":{"name":"(anonymous_41)","line":420,"loc":{"start":{"line":420,"column":15},"end":{"line":421,"column":4}}},"42":{"name":"(anonymous_42)","line":424,"loc":{"start":{"line":424,"column":22},"end":{"line":425,"column":8}}},"43":{"name":"(anonymous_43)","line":438,"loc":{"start":{"line":438,"column":38},"end":{"line":439,"column":0}}},"44":{"name":"(anonymous_44)","line":451,"loc":{"start":{"line":451,"column":31},"end":{"line":452,"column":4}}},"45":{"name":"(anonymous_45)","line":458,"loc":{"start":{"line":458,"column":39},"end":{"line":459,"column":0}}},"46":{"name":"(anonymous_46)","line":460,"loc":{"start":{"line":460,"column":15},"end":{"line":460,"column":27}}},"47":{"name":"(anonymous_47)","line":464,"loc":{"start":{"line":464,"column":15},"end":{"line":465,"column":4}}},"48":{"name":"(anonymous_48)","line":468,"loc":{"start":{"line":468,"column":24},"end":{"line":469,"column":8}}},"49":{"name":"(anonymous_49)","line":482,"loc":{"start":{"line":482,"column":38},"end":{"line":483,"column":0}}},"50":{"name":"(anonymous_50)","line":484,"loc":{"start":{"line":484,"column":15},"end":{"line":484,"column":27}}},"51":{"name":"(anonymous_51)","line":488,"loc":{"start":{"line":488,"column":17},"end":{"line":489,"column":0}}},"52":{"name":"(anonymous_52)","line":498,"loc":{"start":{"line":498,"column":21},"end":{"line":499,"column":4}}},"53":{"name":"(anonymous_53)","line":506,"loc":{"start":{"line":506,"column":8},"end":{"line":507,"column":8}}},"54":{"name":"(anonymous_54)","line":511,"loc":{"start":{"line":511,"column":12},"end":{"line":512,"column":12}}}},"statementMap":{"1":{"start":{"line":4,"column":0},"end":{"line":13,"column":33}},"2":{"start":{"line":15,"column":0},"end":{"line":142,"column":1}},"3":{"start":{"line":17,"column":4},"end":{"line":17,"column":35}},"4":{"start":{"line":19,"column":4},"end":{"line":19,"column":26}},"5":{"start":{"line":20,"column":4},"end":{"line":20,"column":27}},"6":{"start":{"line":21,"column":4},"end":{"line":21,"column":33}},"7":{"start":{"line":22,"column":4},"end":{"line":22,"column":31}},"8":{"start":{"line":23,"column":4},"end":{"line":23,"column":36}},"9":{"start":{"line":24,"column":4},"end":{"line":24,"column":18}},"10":{"start":{"line":25,"column":4},"end":{"line":25,"column":72}},"11":{"start":{"line":25,"column":59},"end":{"line":25,"column":65}},"12":{"start":{"line":26,"column":4},"end":{"line":26,"column":27}},"13":{"start":{"line":28,"column":4},"end":{"line":29,"column":28}},"14":{"start":{"line":31,"column":4},"end":{"line":96,"column":5}},"15":{"start":{"line":33,"column":8},"end":{"line":33,"column":56}},"16":{"start":{"line":33,"column":33},"end":{"line":33,"column":54}},"17":{"start":{"line":35,"column":8},"end":{"line":95,"column":11}},"18":{"start":{"line":37,"column":12},"end":{"line":37,"column":40}},"19":{"start":{"line":37,"column":23},"end":{"line":37,"column":38}},"20":{"start":{"line":39,"column":12},"end":{"line":43,"column":15}},"21":{"start":{"line":45,"column":12},"end":{"line":71,"column":15}},"22":{"start":{"line":47,"column":16},"end":{"line":50,"column":17}},"23":{"start":{"line":49,"column":20},"end":{"line":49,"column":27}},"24":{"start":{"line":52,"column":16},"end":{"line":55,"column":17}},"25":{"start":{"line":54,"column":20},"end":{"line":54,"column":59}},"26":{"start":{"line":57,"column":16},"end":{"line":57,"column":65}},"27":{"start":{"line":59,"column":16},"end":{"line":68,"column":17}},"28":{"start":{"line":61,"column":20},"end":{"line":61,"column":38}},"29":{"start":{"line":62,"column":20},"end":{"line":62,"column":36}},"30":{"start":{"line":64,"column":20},"end":{"line":67,"column":21}},"31":{"start":{"line":66,"column":24},"end":{"line":66,"column":35}},"32":{"start":{"line":70,"column":16},"end":{"line":70,"column":69}},"33":{"start":{"line":73,"column":12},"end":{"line":88,"column":15}},"34":{"start":{"line":75,"column":16},"end":{"line":75,"column":43}},"35":{"start":{"line":75,"column":34},"end":{"line":75,"column":41}},"36":{"start":{"line":77,"column":16},"end":{"line":77,"column":38}},"37":{"start":{"line":79,"column":16},"end":{"line":87,"column":17}},"38":{"start":{"line":81,"column":20},"end":{"line":81,"column":43}},"39":{"start":{"line":85,"column":20},"end":{"line":85,"column":39}},"40":{"start":{"line":86,"column":20},"end":{"line":86,"column":33}},"41":{"start":{"line":90,"column":12},"end":{"line":94,"column":13}},"42":{"start":{"line":92,"column":16},"end":{"line":92,"column":35}},"43":{"start":{"line":93,"column":16},"end":{"line":93,"column":30}},"44":{"start":{"line":98,"column":4},"end":{"line":129,"column":5}},"45":{"start":{"line":100,"column":8},"end":{"line":128,"column":11}},"46":{"start":{"line":102,"column":12},"end":{"line":102,"column":40}},"47":{"start":{"line":102,"column":23},"end":{"line":102,"column":38}},"48":{"start":{"line":104,"column":12},"end":{"line":113,"column":13}},"49":{"start":{"line":106,"column":16},"end":{"line":108,"column":72}},"50":{"start":{"line":108,"column":52},"end":{"line":108,"column":68}},"51":{"start":{"line":112,"column":16},"end":{"line":112,"column":30}},"52":{"start":{"line":115,"column":12},"end":{"line":115,"column":46}},"53":{"start":{"line":117,"column":12},"end":{"line":125,"column":13}},"54":{"start":{"line":119,"column":16},"end":{"line":119,"column":31}},"55":{"start":{"line":120,"column":16},"end":{"line":123,"column":18}},"56":{"start":{"line":122,"column":20},"end":{"line":122,"column":36}},"57":{"start":{"line":124,"column":16},"end":{"line":124,"column":50}},"58":{"start":{"line":127,"column":12},"end":{"line":127,"column":26}},"59":{"start":{"line":131,"column":4},"end":{"line":134,"column":5}},"60":{"start":{"line":133,"column":8},"end":{"line":133,"column":30}},"61":{"start":{"line":136,"column":4},"end":{"line":139,"column":5}},"62":{"start":{"line":138,"column":8},"end":{"line":138,"column":33}},"63":{"start":{"line":141,"column":4},"end":{"line":141,"column":35}},"64":{"start":{"line":144,"column":0},"end":{"line":144,"column":55}},"65":{"start":{"line":146,"column":0},"end":{"line":176,"column":2}},"66":{"start":{"line":148,"column":4},"end":{"line":148,"column":19}},"67":{"start":{"line":150,"column":4},"end":{"line":165,"column":5}},"68":{"start":{"line":152,"column":8},"end":{"line":152,"column":18}},"69":{"start":{"line":153,"column":8},"end":{"line":153,"column":18}},"70":{"start":{"line":157,"column":8},"end":{"line":157,"column":26}},"71":{"start":{"line":158,"column":8},"end":{"line":164,"column":10}},"72":{"start":{"line":160,"column":12},"end":{"line":163,"column":13}},"73":{"start":{"line":162,"column":16},"end":{"line":162,"column":46}},"74":{"start":{"line":167,"column":4},"end":{"line":170,"column":5}},"75":{"start":{"line":169,"column":8},"end":{"line":169,"column":41}},"76":{"start":{"line":172,"column":4},"end":{"line":175,"column":11}},"77":{"start":{"line":174,"column":8},"end":{"line":174,"column":33}},"78":{"start":{"line":178,"column":0},"end":{"line":231,"column":2}},"79":{"start":{"line":180,"column":4},"end":{"line":180,"column":19}},"80":{"start":{"line":182,"column":4},"end":{"line":230,"column":7}},"81":{"start":{"line":184,"column":8},"end":{"line":187,"column":9}},"82":{"start":{"line":186,"column":12},"end":{"line":186,"column":59}},"83":{"start":{"line":189,"column":8},"end":{"line":212,"column":9}},"84":{"start":{"line":191,"column":12},"end":{"line":194,"column":13}},"85":{"start":{"line":193,"column":16},"end":{"line":193,"column":63}},"86":{"start":{"line":196,"column":12},"end":{"line":199,"column":13}},"87":{"start":{"line":198,"column":16},"end":{"line":198,"column":66}},"88":{"start":{"line":201,"column":12},"end":{"line":209,"column":15}},"89":{"start":{"line":203,"column":16},"end":{"line":206,"column":17}},"90":{"start":{"line":205,"column":20},"end":{"line":205,"column":45}},"91":{"start":{"line":208,"column":16},"end":{"line":208,"column":21}},"92":{"start":{"line":211,"column":12},"end":{"line":211,"column":17}},"93":{"start":{"line":214,"column":8},"end":{"line":225,"column":9}},"94":{"start":{"line":216,"column":12},"end":{"line":222,"column":13}},"95":{"start":{"line":218,"column":16},"end":{"line":221,"column":19}},"96":{"start":{"line":220,"column":20},"end":{"line":220,"column":38}},"97":{"start":{"line":224,"column":12},"end":{"line":224,"column":22}},"98":{"start":{"line":227,"column":8},"end":{"line":229,"column":54}},"99":{"start":{"line":229,"column":42},"end":{"line":229,"column":50}},"100":{"start":{"line":233,"column":0},"end":{"line":253,"column":2}},"101":{"start":{"line":235,"column":4},"end":{"line":238,"column":5}},"102":{"start":{"line":237,"column":8},"end":{"line":237,"column":38}},"103":{"start":{"line":240,"column":4},"end":{"line":240,"column":38}},"104":{"start":{"line":242,"column":4},"end":{"line":245,"column":5}},"105":{"start":{"line":244,"column":8},"end":{"line":244,"column":23}},"106":{"start":{"line":247,"column":4},"end":{"line":247,"column":19}},"107":{"start":{"line":249,"column":4},"end":{"line":252,"column":36}},"108":{"start":{"line":251,"column":8},"end":{"line":251,"column":33}},"109":{"start":{"line":255,"column":0},"end":{"line":269,"column":2}},"110":{"start":{"line":257,"column":4},"end":{"line":257,"column":56}},"111":{"start":{"line":257,"column":21},"end":{"line":257,"column":54}},"112":{"start":{"line":259,"column":4},"end":{"line":268,"column":11}},"113":{"start":{"line":264,"column":12},"end":{"line":264,"column":40}},"114":{"start":{"line":264,"column":23},"end":{"line":264,"column":38}},"115":{"start":{"line":265,"column":12},"end":{"line":265,"column":70}},"116":{"start":{"line":265,"column":46},"end":{"line":265,"column":68}},"117":{"start":{"line":266,"column":12},"end":{"line":266,"column":39}},"118":{"start":{"line":267,"column":12},"end":{"line":267,"column":63}},"119":{"start":{"line":271,"column":0},"end":{"line":280,"column":2}},"120":{"start":{"line":273,"column":4},"end":{"line":273,"column":56}},"121":{"start":{"line":273,"column":21},"end":{"line":273,"column":54}},"122":{"start":{"line":275,"column":4},"end":{"line":279,"column":7}},"123":{"start":{"line":277,"column":8},"end":{"line":277,"column":76}},"124":{"start":{"line":277,"column":19},"end":{"line":277,"column":74}},"125":{"start":{"line":278,"column":8},"end":{"line":278,"column":55}},"126":{"start":{"line":282,"column":0},"end":{"line":291,"column":2}},"127":{"start":{"line":284,"column":4},"end":{"line":284,"column":56}},"128":{"start":{"line":284,"column":21},"end":{"line":284,"column":54}},"129":{"start":{"line":286,"column":4},"end":{"line":290,"column":7}},"130":{"start":{"line":288,"column":8},"end":{"line":288,"column":76}},"131":{"start":{"line":288,"column":19},"end":{"line":288,"column":74}},"132":{"start":{"line":289,"column":8},"end":{"line":289,"column":42}},"133":{"start":{"line":293,"column":0},"end":{"line":315,"column":2}},"134":{"start":{"line":295,"column":4},"end":{"line":295,"column":56}},"135":{"start":{"line":295,"column":21},"end":{"line":295,"column":54}},"136":{"start":{"line":297,"column":4},"end":{"line":314,"column":7}},"137":{"start":{"line":299,"column":8},"end":{"line":299,"column":36}},"138":{"start":{"line":299,"column":19},"end":{"line":299,"column":34}},"139":{"start":{"line":301,"column":8},"end":{"line":301,"column":30}},"140":{"start":{"line":303,"column":8},"end":{"line":311,"column":9}},"141":{"start":{"line":305,"column":12},"end":{"line":305,"column":34}},"142":{"start":{"line":307,"column":12},"end":{"line":310,"column":13}},"143":{"start":{"line":309,"column":16},"end":{"line":309,"column":31}},"144":{"start":{"line":313,"column":8},"end":{"line":313,"column":23}},"145":{"start":{"line":317,"column":0},"end":{"line":367,"column":2}},"146":{"start":{"line":319,"column":4},"end":{"line":319,"column":56}},"147":{"start":{"line":319,"column":21},"end":{"line":319,"column":54}},"148":{"start":{"line":321,"column":4},"end":{"line":323,"column":67}},"149":{"start":{"line":330,"column":4},"end":{"line":366,"column":7}},"150":{"start":{"line":332,"column":8},"end":{"line":332,"column":36}},"151":{"start":{"line":332,"column":19},"end":{"line":332,"column":34}},"152":{"start":{"line":334,"column":8},"end":{"line":334,"column":30}},"153":{"start":{"line":336,"column":8},"end":{"line":343,"column":9}},"154":{"start":{"line":338,"column":12},"end":{"line":338,"column":68}},"155":{"start":{"line":338,"column":45},"end":{"line":338,"column":66}},"156":{"start":{"line":342,"column":12},"end":{"line":342,"column":37}},"157":{"start":{"line":345,"column":8},"end":{"line":345,"column":59}},"158":{"start":{"line":345,"column":24},"end":{"line":345,"column":57}},"159":{"start":{"line":347,"column":8},"end":{"line":365,"column":11}},"160":{"start":{"line":351,"column":12},"end":{"line":362,"column":13}},"161":{"start":{"line":353,"column":16},"end":{"line":359,"column":17}},"162":{"start":{"line":355,"column":20},"end":{"line":358,"column":52}},"163":{"start":{"line":357,"column":24},"end":{"line":357,"column":58}},"164":{"start":{"line":361,"column":16},"end":{"line":361,"column":31}},"165":{"start":{"line":364,"column":12},"end":{"line":364,"column":41}},"166":{"start":{"line":369,"column":0},"end":{"line":381,"column":2}},"167":{"start":{"line":371,"column":4},"end":{"line":371,"column":56}},"168":{"start":{"line":371,"column":21},"end":{"line":371,"column":54}},"169":{"start":{"line":373,"column":4},"end":{"line":373,"column":19}},"170":{"start":{"line":375,"column":4},"end":{"line":380,"column":7}},"171":{"start":{"line":377,"column":8},"end":{"line":377,"column":70}},"172":{"start":{"line":377,"column":19},"end":{"line":377,"column":68}},"173":{"start":{"line":378,"column":8},"end":{"line":378,"column":59}},"174":{"start":{"line":378,"column":24},"end":{"line":378,"column":57}},"175":{"start":{"line":379,"column":8},"end":{"line":379,"column":32}},"176":{"start":{"line":383,"column":0},"end":{"line":412,"column":2}},"177":{"start":{"line":385,"column":4},"end":{"line":385,"column":19}},"178":{"start":{"line":387,"column":4},"end":{"line":387,"column":26}},"179":{"start":{"line":389,"column":4},"end":{"line":411,"column":11}},"180":{"start":{"line":391,"column":8},"end":{"line":395,"column":9}},"181":{"start":{"line":393,"column":12},"end":{"line":393,"column":31}},"182":{"start":{"line":394,"column":12},"end":{"line":394,"column":30}},"183":{"start":{"line":397,"column":8},"end":{"line":402,"column":9}},"184":{"start":{"line":399,"column":12},"end":{"line":399,"column":63}},"185":{"start":{"line":400,"column":12},"end":{"line":400,"column":28}},"186":{"start":{"line":401,"column":12},"end":{"line":401,"column":36}},"187":{"start":{"line":404,"column":8},"end":{"line":408,"column":9}},"188":{"start":{"line":406,"column":12},"end":{"line":406,"column":31}},"189":{"start":{"line":407,"column":12},"end":{"line":407,"column":29}},"190":{"start":{"line":410,"column":8},"end":{"line":410,"column":13}},"191":{"start":{"line":414,"column":0},"end":{"line":436,"column":2}},"192":{"start":{"line":416,"column":4},"end":{"line":416,"column":49}},"193":{"start":{"line":416,"column":29},"end":{"line":416,"column":46}},"194":{"start":{"line":418,"column":4},"end":{"line":418,"column":19}},"195":{"start":{"line":420,"column":4},"end":{"line":435,"column":7}},"196":{"start":{"line":422,"column":8},"end":{"line":422,"column":59}},"197":{"start":{"line":422,"column":24},"end":{"line":422,"column":57}},"198":{"start":{"line":424,"column":8},"end":{"line":434,"column":11}},"199":{"start":{"line":426,"column":12},"end":{"line":431,"column":13}},"200":{"start":{"line":430,"column":16},"end":{"line":430,"column":31}},"201":{"start":{"line":432,"column":12},"end":{"line":432,"column":27}},"202":{"start":{"line":433,"column":12},"end":{"line":433,"column":17}},"203":{"start":{"line":438,"column":0},"end":{"line":456,"column":2}},"204":{"start":{"line":440,"column":4},"end":{"line":440,"column":56}},"205":{"start":{"line":440,"column":21},"end":{"line":440,"column":54}},"206":{"start":{"line":442,"column":4},"end":{"line":449,"column":6}},"207":{"start":{"line":451,"column":4},"end":{"line":455,"column":7}},"208":{"start":{"line":453,"column":8},"end":{"line":453,"column":65}},"209":{"start":{"line":453,"column":48},"end":{"line":453,"column":63}},"210":{"start":{"line":454,"column":8},"end":{"line":454,"column":13}},"211":{"start":{"line":458,"column":0},"end":{"line":480,"column":2}},"212":{"start":{"line":460,"column":4},"end":{"line":460,"column":49}},"213":{"start":{"line":460,"column":29},"end":{"line":460,"column":46}},"214":{"start":{"line":462,"column":4},"end":{"line":462,"column":19}},"215":{"start":{"line":464,"column":4},"end":{"line":479,"column":7}},"216":{"start":{"line":466,"column":8},"end":{"line":466,"column":59}},"217":{"start":{"line":466,"column":24},"end":{"line":466,"column":57}},"218":{"start":{"line":468,"column":8},"end":{"line":478,"column":11}},"219":{"start":{"line":470,"column":12},"end":{"line":475,"column":13}},"220":{"start":{"line":474,"column":16},"end":{"line":474,"column":31}},"221":{"start":{"line":476,"column":12},"end":{"line":476,"column":27}},"222":{"start":{"line":477,"column":12},"end":{"line":477,"column":17}},"223":{"start":{"line":482,"column":0},"end":{"line":486,"column":2}},"224":{"start":{"line":484,"column":4},"end":{"line":484,"column":49}},"225":{"start":{"line":484,"column":29},"end":{"line":484,"column":46}},"226":{"start":{"line":485,"column":4},"end":{"line":485,"column":33}},"227":{"start":{"line":488,"column":0},"end":{"line":518,"column":2}},"228":{"start":{"line":490,"column":4},"end":{"line":496,"column":85}},"229":{"start":{"line":498,"column":4},"end":{"line":517,"column":7}},"230":{"start":{"line":500,"column":8},"end":{"line":500,"column":63}},"231":{"start":{"line":500,"column":46},"end":{"line":500,"column":61}},"232":{"start":{"line":504,"column":8},"end":{"line":516,"column":11}},"233":{"start":{"line":508,"column":12},"end":{"line":508,"column":67}},"234":{"start":{"line":508,"column":50},"end":{"line":508,"column":65}},"235":{"start":{"line":510,"column":12},"end":{"line":515,"column":15}},"236":{"start":{"line":513,"column":16},"end":{"line":513,"column":44}},"237":{"start":{"line":513,"column":27},"end":{"line":513,"column":42}},"238":{"start":{"line":514,"column":16},"end":{"line":514,"column":106}}},"branchMap":{"1":{"line":33,"type":"if","locations":[{"start":{"line":33,"column":8},"end":{"line":33,"column":8}},{"start":{"line":33,"column":8},"end":{"line":33,"column":8}}]},"2":{"line":37,"type":"if","locations":[{"start":{"line":37,"column":12},"end":{"line":37,"column":12}},{"start":{"line":37,"column":12},"end":{"line":37,"column":12}}]},"3":{"line":47,"type":"if","locations":[{"start":{"line":47,"column":16},"end":{"line":47,"column":16}},{"start":{"line":47,"column":16},"end":{"line":47,"column":16}}]},"4":{"line":52,"type":"if","locations":[{"start":{"line":52,"column":16},"end":{"line":52,"column":16}},{"start":{"line":52,"column":16},"end":{"line":52,"column":16}}]},"5":{"line":64,"type":"if","locations":[{"start":{"line":64,"column":20},"end":{"line":64,"column":20}},{"start":{"line":64,"column":20},"end":{"line":64,"column":20}}]},"6":{"line":75,"type":"if","locations":[{"start":{"line":75,"column":16},"end":{"line":75,"column":16}},{"start":{"line":75,"column":16},"end":{"line":75,"column":16}}]},"7":{"line":79,"type":"if","locations":[{"start":{"line":79,"column":16},"end":{"line":79,"column":16}},{"start":{"line":79,"column":16},"end":{"line":79,"column":16}}]},"8":{"line":90,"type":"if","locations":[{"start":{"line":90,"column":12},"end":{"line":90,"column":12}},{"start":{"line":90,"column":12},"end":{"line":90,"column":12}}]},"9":{"line":102,"type":"if","locations":[{"start":{"line":102,"column":12},"end":{"line":102,"column":12}},{"start":{"line":102,"column":12},"end":{"line":102,"column":12}}]},"10":{"line":117,"type":"if","locations":[{"start":{"line":117,"column":12},"end":{"line":117,"column":12}},{"start":{"line":117,"column":12},"end":{"line":117,"column":12}}]},"11":{"line":131,"type":"if","locations":[{"start":{"line":131,"column":4},"end":{"line":131,"column":4}},{"start":{"line":131,"column":4},"end":{"line":131,"column":4}}]},"12":{"line":136,"type":"if","locations":[{"start":{"line":136,"column":4},"end":{"line":136,"column":4}},{"start":{"line":136,"column":4},"end":{"line":136,"column":4}}]},"13":{"line":150,"type":"if","locations":[{"start":{"line":150,"column":4},"end":{"line":150,"column":4}},{"start":{"line":150,"column":4},"end":{"line":150,"column":4}}]},"14":{"line":157,"type":"binary-expr","locations":[{"start":{"line":157,"column":15},"end":{"line":157,"column":19}},{"start":{"line":157,"column":23},"end":{"line":157,"column":25}}]},"15":{"line":158,"type":"binary-expr","locations":[{"start":{"line":158,"column":13},"end":{"line":158,"column":15}},{"start":{"line":158,"column":19},"end":{"line":164,"column":9}}]},"16":{"line":160,"type":"if","locations":[{"start":{"line":160,"column":12},"end":{"line":160,"column":12}},{"start":{"line":160,"column":12},"end":{"line":160,"column":12}}]},"17":{"line":160,"type":"binary-expr","locations":[{"start":{"line":160,"column":16},"end":{"line":160,"column":19}},{"start":{"line":160,"column":23},"end":{"line":160,"column":42}}]},"18":{"line":167,"type":"if","locations":[{"start":{"line":167,"column":4},"end":{"line":167,"column":4}},{"start":{"line":167,"column":4},"end":{"line":167,"column":4}}]},"19":{"line":184,"type":"if","locations":[{"start":{"line":184,"column":8},"end":{"line":184,"column":8}},{"start":{"line":184,"column":8},"end":{"line":184,"column":8}}]},"20":{"line":191,"type":"if","locations":[{"start":{"line":191,"column":12},"end":{"line":191,"column":12}},{"start":{"line":191,"column":12},"end":{"line":191,"column":12}}]},"21":{"line":196,"type":"if","locations":[{"start":{"line":196,"column":12},"end":{"line":196,"column":12}},{"start":{"line":196,"column":12},"end":{"line":196,"column":12}}]},"22":{"line":203,"type":"if","locations":[{"start":{"line":203,"column":16},"end":{"line":203,"column":16}},{"start":{"line":203,"column":16},"end":{"line":203,"column":16}}]},"23":{"line":216,"type":"if","locations":[{"start":{"line":216,"column":12},"end":{"line":216,"column":12}},{"start":{"line":216,"column":12},"end":{"line":216,"column":12}}]},"24":{"line":220,"type":"binary-expr","locations":[{"start":{"line":220,"column":25},"end":{"line":220,"column":28}},{"start":{"line":220,"column":32},"end":{"line":220,"column":36}}]},"25":{"line":235,"type":"if","locations":[{"start":{"line":235,"column":4},"end":{"line":235,"column":4}},{"start":{"line":235,"column":4},"end":{"line":235,"column":4}}]},"26":{"line":242,"type":"if","locations":[{"start":{"line":242,"column":4},"end":{"line":242,"column":4}},{"start":{"line":242,"column":4},"end":{"line":242,"column":4}}]},"27":{"line":257,"type":"if","locations":[{"start":{"line":257,"column":4},"end":{"line":257,"column":4}},{"start":{"line":257,"column":4},"end":{"line":257,"column":4}}]},"28":{"line":264,"type":"if","locations":[{"start":{"line":264,"column":12},"end":{"line":264,"column":12}},{"start":{"line":264,"column":12},"end":{"line":264,"column":12}}]},"29":{"line":265,"type":"if","locations":[{"start":{"line":265,"column":12},"end":{"line":265,"column":12}},{"start":{"line":265,"column":12},"end":{"line":265,"column":12}}]},"30":{"line":273,"type":"if","locations":[{"start":{"line":273,"column":4},"end":{"line":273,"column":4}},{"start":{"line":273,"column":4},"end":{"line":273,"column":4}}]},"31":{"line":277,"type":"if","locations":[{"start":{"line":277,"column":8},"end":{"line":277,"column":8}},{"start":{"line":277,"column":8},"end":{"line":277,"column":8}}]},"32":{"line":277,"type":"cond-expr","locations":[{"start":{"line":277,"column":56},"end":{"line":277,"column":60}},{"start":{"line":277,"column":63},"end":{"line":277,"column":66}}]},"33":{"line":284,"type":"if","locations":[{"start":{"line":284,"column":4},"end":{"line":284,"column":4}},{"start":{"line":284,"column":4},"end":{"line":284,"column":4}}]},"34":{"line":288,"type":"if","locations":[{"start":{"line":288,"column":8},"end":{"line":288,"column":8}},{"start":{"line":288,"column":8},"end":{"line":288,"column":8}}]},"35":{"line":288,"type":"cond-expr","locations":[{"start":{"line":288,"column":56},"end":{"line":288,"column":60}},{"start":{"line":288,"column":63},"end":{"line":288,"column":66}}]},"36":{"line":295,"type":"if","locations":[{"start":{"line":295,"column":4},"end":{"line":295,"column":4}},{"start":{"line":295,"column":4},"end":{"line":295,"column":4}}]},"37":{"line":299,"type":"if","locations":[{"start":{"line":299,"column":8},"end":{"line":299,"column":8}},{"start":{"line":299,"column":8},"end":{"line":299,"column":8}}]},"38":{"line":307,"type":"if","locations":[{"start":{"line":307,"column":12},"end":{"line":307,"column":12}},{"start":{"line":307,"column":12},"end":{"line":307,"column":12}}]},"39":{"line":319,"type":"if","locations":[{"start":{"line":319,"column":4},"end":{"line":319,"column":4}},{"start":{"line":319,"column":4},"end":{"line":319,"column":4}}]},"40":{"line":332,"type":"if","locations":[{"start":{"line":332,"column":8},"end":{"line":332,"column":8}},{"start":{"line":332,"column":8},"end":{"line":332,"column":8}}]},"41":{"line":336,"type":"if","locations":[{"start":{"line":336,"column":8},"end":{"line":336,"column":8}},{"start":{"line":336,"column":8},"end":{"line":336,"column":8}}]},"42":{"line":338,"type":"if","locations":[{"start":{"line":338,"column":12},"end":{"line":338,"column":12}},{"start":{"line":338,"column":12},"end":{"line":338,"column":12}}]},"43":{"line":345,"type":"if","locations":[{"start":{"line":345,"column":8},"end":{"line":345,"column":8}},{"start":{"line":345,"column":8},"end":{"line":345,"column":8}}]},"44":{"line":351,"type":"if","locations":[{"start":{"line":351,"column":12},"end":{"line":351,"column":12}},{"start":{"line":351,"column":12},"end":{"line":351,"column":12}}]},"45":{"line":353,"type":"if","locations":[{"start":{"line":353,"column":16},"end":{"line":353,"column":16}},{"start":{"line":353,"column":16},"end":{"line":353,"column":16}}]},"46":{"line":371,"type":"if","locations":[{"start":{"line":371,"column":4},"end":{"line":371,"column":4}},{"start":{"line":371,"column":4},"end":{"line":371,"column":4}}]},"47":{"line":377,"type":"if","locations":[{"start":{"line":377,"column":8},"end":{"line":377,"column":8}},{"start":{"line":377,"column":8},"end":{"line":377,"column":8}}]},"48":{"line":377,"type":"cond-expr","locations":[{"start":{"line":377,"column":56},"end":{"line":377,"column":60}},{"start":{"line":377,"column":63},"end":{"line":377,"column":66}}]},"49":{"line":378,"type":"if","locations":[{"start":{"line":378,"column":8},"end":{"line":378,"column":8}},{"start":{"line":378,"column":8},"end":{"line":378,"column":8}}]},"50":{"line":391,"type":"if","locations":[{"start":{"line":391,"column":8},"end":{"line":391,"column":8}},{"start":{"line":391,"column":8},"end":{"line":391,"column":8}}]},"51":{"line":397,"type":"if","locations":[{"start":{"line":397,"column":8},"end":{"line":397,"column":8}},{"start":{"line":397,"column":8},"end":{"line":397,"column":8}}]},"52":{"line":397,"type":"binary-expr","locations":[{"start":{"line":397,"column":12},"end":{"line":397,"column":20}},{"start":{"line":397,"column":24},"end":{"line":397,"column":40}}]},"53":{"line":404,"type":"if","locations":[{"start":{"line":404,"column":8},"end":{"line":404,"column":8}},{"start":{"line":404,"column":8},"end":{"line":404,"column":8}}]},"54":{"line":416,"type":"binary-expr","locations":[{"start":{"line":416,"column":9},"end":{"line":416,"column":11}},{"start":{"line":416,"column":15},"end":{"line":416,"column":48}}]},"55":{"line":422,"type":"if","locations":[{"start":{"line":422,"column":8},"end":{"line":422,"column":8}},{"start":{"line":422,"column":8},"end":{"line":422,"column":8}}]},"56":{"line":426,"type":"if","locations":[{"start":{"line":426,"column":12},"end":{"line":426,"column":12}},{"start":{"line":426,"column":12},"end":{"line":426,"column":12}}]},"57":{"line":426,"type":"binary-expr","locations":[{"start":{"line":426,"column":16},"end":{"line":426,"column":19}},{"start":{"line":427,"column":17},"end":{"line":427,"column":52}},{"start":{"line":428,"column":17},"end":{"line":428,"column":51}}]},"58":{"line":440,"type":"if","locations":[{"start":{"line":440,"column":4},"end":{"line":440,"column":4}},{"start":{"line":440,"column":4},"end":{"line":440,"column":4}}]},"59":{"line":453,"type":"if","locations":[{"start":{"line":453,"column":8},"end":{"line":453,"column":8}},{"start":{"line":453,"column":8},"end":{"line":453,"column":8}}]},"60":{"line":453,"type":"binary-expr","locations":[{"start":{"line":453,"column":12},"end":{"line":453,"column":15}},{"start":{"line":453,"column":20},"end":{"line":453,"column":43}}]},"61":{"line":460,"type":"binary-expr","locations":[{"start":{"line":460,"column":9},"end":{"line":460,"column":11}},{"start":{"line":460,"column":15},"end":{"line":460,"column":48}}]},"62":{"line":466,"type":"if","locations":[{"start":{"line":466,"column":8},"end":{"line":466,"column":8}},{"start":{"line":466,"column":8},"end":{"line":466,"column":8}}]},"63":{"line":470,"type":"if","locations":[{"start":{"line":470,"column":12},"end":{"line":470,"column":12}},{"start":{"line":470,"column":12},"end":{"line":470,"column":12}}]},"64":{"line":470,"type":"binary-expr","locations":[{"start":{"line":470,"column":16},"end":{"line":470,"column":19}},{"start":{"line":471,"column":17},"end":{"line":471,"column":52}},{"start":{"line":472,"column":17},"end":{"line":472,"column":51}}]},"65":{"line":484,"type":"binary-expr","locations":[{"start":{"line":484,"column":9},"end":{"line":484,"column":11}},{"start":{"line":484,"column":15},"end":{"line":484,"column":48}}]},"66":{"line":490,"type":"binary-expr","locations":[{"start":{"line":490,"column":18},"end":{"line":490,"column":32}},{"start":{"line":490,"column":36},"end":{"line":490,"column":46}}]},"67":{"line":491,"type":"binary-expr","locations":[{"start":{"line":491,"column":17},"end":{"line":491,"column":30}},{"start":{"line":491,"column":34},"end":{"line":491,"column":72}}]},"68":{"line":494,"type":"cond-expr","locations":[{"start":{"line":495,"column":28},"end":{"line":495,"column":35}},{"start":{"line":496,"column":28},"end":{"line":496,"column":84}}]},"69":{"line":496,"type":"binary-expr","locations":[{"start":{"line":496,"column":52},"end":{"line":496,"column":70}},{"start":{"line":496,"column":74},"end":{"line":496,"column":83}}]},"70":{"line":500,"type":"if","locations":[{"start":{"line":500,"column":8},"end":{"line":500,"column":8}},{"start":{"line":500,"column":8},"end":{"line":500,"column":8}}]},"71":{"line":500,"type":"binary-expr","locations":[{"start":{"line":500,"column":12},"end":{"line":500,"column":15}},{"start":{"line":500,"column":20},"end":{"line":500,"column":41}}]},"72":{"line":508,"type":"if","locations":[{"start":{"line":508,"column":12},"end":{"line":508,"column":12}},{"start":{"line":508,"column":12},"end":{"line":508,"column":12}}]},"73":{"line":508,"type":"binary-expr","locations":[{"start":{"line":508,"column":16},"end":{"line":508,"column":19}},{"start":{"line":508,"column":24},"end":{"line":508,"column":45}}]},"74":{"line":513,"type":"if","locations":[{"start":{"line":513,"column":16},"end":{"line":513,"column":16}},{"start":{"line":513,"column":16},"end":{"line":513,"column":16}}]}}},"/home/david/Private/hub/common/pub-keystore/couchdb/index.js":{"path":"/home/david/Private/hub/common/pub-keystore/couchdb/index.js","s":{"1":1,"2":1,"3":865,"4":1,"5":736,"6":865,"7":318,"8":1,"9":866,"10":866,"11":866,"12":433,"13":866,"14":866,"15":866,"16":866,"17":866,"18":216,"19":2850,"20":2850,"21":2850,"22":866,"23":866,"24":866,"25":650,"26":650,"27":0,"28":650,"29":38,"30":612,"31":216,"32":216,"33":675,"34":47,"35":628,"36":628,"37":628,"38":628,"39":628,"40":628,"41":628,"42":628,"43":628,"44":216,"45":216,"46":216,"47":228,"48":216,"49":12,"50":12,"51":12,"52":0,"53":12,"54":12,"55":12,"56":12,"57":0,"58":0,"59":216,"60":216,"61":216,"62":216,"63":1,"64":1,"65":1417,"66":25,"67":1392,"68":1392,"69":0,"70":1392,"71":552,"72":840,"73":840,"74":1,"75":192,"76":0,"77":192,"78":192,"79":24,"80":168,"81":168,"82":1176,"83":1176,"84":840,"85":168,"86":1,"87":888,"88":24,"89":864,"90":864,"91":24,"92":840,"93":1,"94":1152,"95":24,"96":1128,"97":1128,"98":288,"99":840,"100":1,"101":720,"102":0,"103":720,"104":720,"105":720,"106":0,"107":720,"108":720,"109":176,"110":0,"111":544,"112":720,"113":0,"114":720,"115":720,"116":88,"117":88,"118":88,"119":0,"120":632,"121":1,"122":352,"123":0,"124":352,"125":352,"126":352,"127":176,"128":176,"129":0,"130":176,"131":1,"132":901,"133":216,"134":216,"135":216,"136":901,"137":216,"138":216,"139":0,"140":0,"141":216,"142":216,"143":901,"144":1,"145":901,"146":36,"147":865,"148":865,"149":865,"150":865,"151":1,"152":865,"153":0,"154":865,"155":865,"156":865,"157":1,"158":482,"159":0,"160":482,"161":482,"162":482,"163":1,"164":481,"165":0,"166":481,"167":481,"168":0,"169":481,"170":0,"171":481,"172":481,"173":0,"174":481,"175":0,"176":481,"177":1,"178":36,"179":0,"180":36,"181":36,"182":36,"183":0,"184":36,"185":36,"186":0,"187":36,"188":1,"189":144,"190":144,"191":1,"192":0,"193":0,"194":0,"195":0,"196":0,"197":1,"198":866},"b":{"1":[433,433],"2":[866,650],"3":[866,650],"4":[216,650],"5":[866,576],"6":[650,216],"7":[0,650],"8":[38,612],"9":[47,628],"10":[628,0],"11":[628,0],"12":[216,12],"13":[12,0],"14":[0,12],"15":[12,0],"16":[12,0],"17":[216,0],"18":[25,1392],"19":[0,1392],"20":[552,840],"21":[0,192],"22":[24,168],"23":[840,336],"24":[24,864],"25":[24,840],"26":[24,0],"27":[24,1128],"28":[288,840],"29":[288,0],"30":[0,720],"31":[0,720],"32":[176,544],"33":[0,176],"34":[0,720],"35":[88,632],"36":[88,0],"37":[0,352],"38":[176,176],"39":[176,0],"40":[0,176],"41":[216,685],"42":[216,685],"43":[901,216],"44":[0,216],"45":[36,865],"46":[865,0],"47":[0,482],"48":[1,481],"49":[482,457],"50":[0,481],"51":[0,481],"52":[481,148],"53":[0,481],"54":[0,481],"55":[481,148],"56":[0,481],"57":[36,0],"58":[0,36],"59":[0,36],"60":[36,12,12,12],"61":[144,0],"62":[0,0]},"f":{"1":865,"2":736,"3":866,"4":2850,"5":650,"6":675,"7":216,"8":228,"9":216,"10":1417,"11":1392,"12":192,"13":192,"14":888,"15":864,"16":1152,"17":1128,"18":720,"19":720,"20":720,"21":88,"22":352,"23":352,"24":901,"25":0,"26":901,"27":865,"28":0,"29":865,"30":482,"31":482,"32":481,"33":481,"34":36,"35":0,"36":36,"37":36,"38":144,"39":0,"40":0,"41":866},"fnMap":{"1":{"name":"(anonymous_1)","line":11,"loc":{"start":{"line":11,"column":36},"end":{"line":12,"column":0}}},"2":{"name":"end","line":15,"loc":{"start":{"line":15,"column":4},"end":{"line":16,"column":4}}},"3":{"name":"PubKeyStoreCouchDB","line":26,"loc":{"start":{"line":26,"column":0},"end":{"line":27,"column":0}}},"4":{"name":"(anonymous_4)","line":49,"loc":{"start":{"line":49,"column":29},"end":{"line":50,"column":8}}},"5":{"name":"(anonymous_5)","line":62,"loc":{"start":{"line":62,"column":31},"end":{"line":63,"column":8}}},"6":{"name":"(anonymous_6)","line":76,"loc":{"start":{"line":76,"column":28},"end":{"line":77,"column":4}}},"7":{"name":"(anonymous_7)","line":104,"loc":{"start":{"line":104,"column":27},"end":{"line":105,"column":4}}},"8":{"name":"(anonymous_8)","line":109,"loc":{"start":{"line":109,"column":27},"end":{"line":110,"column":4}}},"9":{"name":"(anonymous_9)","line":140,"loc":{"start":{"line":140,"column":29},"end":{"line":141,"column":4}}},"10":{"name":"(anonymous_10)","line":152,"loc":{"start":{"line":152,"column":56},"end":{"line":153,"column":0}}},"11":{"name":"(anonymous_11)","line":159,"loc":{"start":{"line":159,"column":7},"end":{"line":160,"column":4}}},"12":{"name":"(anonymous_12)","line":168,"loc":{"start":{"line":168,"column":40},"end":{"line":169,"column":0}}},"13":{"name":"(anonymous_13)","line":172,"loc":{"start":{"line":172,"column":17},"end":{"line":173,"column":4}}},"14":{"name":"(anonymous_14)","line":192,"loc":{"start":{"line":192,"column":45},"end":{"line":193,"column":0}}},"15":{"name":"(anonymous_15)","line":196,"loc":{"start":{"line":196,"column":22},"end":{"line":197,"column":4}}},"16":{"name":"(anonymous_16)","line":203,"loc":{"start":{"line":203,"column":50},"end":{"line":204,"column":0}}},"17":{"name":"(anonymous_17)","line":207,"loc":{"start":{"line":207,"column":22},"end":{"line":208,"column":4}}},"18":{"name":"(anonymous_18)","line":214,"loc":{"start":{"line":214,"column":43},"end":{"line":215,"column":0}}},"19":{"name":"(anonymous_19)","line":227,"loc":{"start":{"line":227,"column":36},"end":{"line":228,"column":4}}},"20":{"name":"(anonymous_20)","line":244,"loc":{"start":{"line":244,"column":31},"end":{"line":245,"column":8}}},"21":{"name":"(anonymous_21)","line":252,"loc":{"start":{"line":252,"column":38},"end":{"line":253,"column":20}}},"22":{"name":"(anonymous_22)","line":266,"loc":{"start":{"line":266,"column":46},"end":{"line":267,"column":0}}},"23":{"name":"(anonymous_23)","line":272,"loc":{"start":{"line":272,"column":22},"end":{"line":273,"column":4}}},"24":{"name":"(anonymous_24)","line":280,"loc":{"start":{"line":280,"column":37},"end":{"line":281,"column":0}}},"25":{"name":"(anonymous_25)","line":294,"loc":{"start":{"line":294,"column":45},"end":{"line":294,"column":57}}},"26":{"name":"(anonymous_26)","line":303,"loc":{"start":{"line":303,"column":43},"end":{"line":304,"column":0}}},"27":{"name":"(anonymous_27)","line":314,"loc":{"start":{"line":314,"column":37},"end":{"line":315,"column":0}}},"28":{"name":"(anonymous_28)","line":316,"loc":{"start":{"line":316,"column":15},"end":{"line":316,"column":27}}},"29":{"name":"(anonymous_29)","line":320,"loc":{"start":{"line":320,"column":15},"end":{"line":321,"column":4}}},"30":{"name":"(anonymous_30)","line":326,"loc":{"start":{"line":326,"column":38},"end":{"line":327,"column":0}}},"31":{"name":"(anonymous_31)","line":332,"loc":{"start":{"line":332,"column":20},"end":{"line":333,"column":4}}},"32":{"name":"(anonymous_32)","line":342,"loc":{"start":{"line":342,"column":11},"end":{"line":343,"column":8}}},"33":{"name":"(anonymous_33)","line":354,"loc":{"start":{"line":354,"column":15},"end":{"line":355,"column":12}}},"34":{"name":"(anonymous_34)","line":365,"loc":{"start":{"line":365,"column":39},"end":{"line":366,"column":0}}},"35":{"name":"(anonymous_35)","line":367,"loc":{"start":{"line":367,"column":15},"end":{"line":367,"column":27}}},"36":{"name":"(anonymous_36)","line":371,"loc":{"start":{"line":371,"column":15},"end":{"line":372,"column":4}}},"37":{"name":"(anonymous_37)","line":375,"loc":{"start":{"line":375,"column":24},"end":{"line":376,"column":8}}},"38":{"name":"(anonymous_38)","line":389,"loc":{"start":{"line":389,"column":38},"end":{"line":390,"column":0}}},"39":{"name":"(anonymous_39)","line":394,"loc":{"start":{"line":394,"column":41},"end":{"line":395,"column":0}}},"40":{"name":"(anonymous_40)","line":401,"loc":{"start":{"line":401,"column":28},"end":{"line":402,"column":4}}},"41":{"name":"(anonymous_41)","line":409,"loc":{"start":{"line":409,"column":17},"end":{"line":410,"column":0}}}},"statementMap":{"1":{"start":{"line":4,"column":0},"end":{"line":8,"column":33}},"2":{"start":{"line":11,"column":0},"end":{"line":24,"column":2}},"3":{"start":{"line":13,"column":4},"end":{"line":13,"column":13}},"4":{"start":{"line":15,"column":4},"end":{"line":18,"column":5}},"5":{"start":{"line":17,"column":8},"end":{"line":17,"column":21}},"6":{"start":{"line":20,"column":4},"end":{"line":23,"column":5}},"7":{"start":{"line":22,"column":8},"end":{"line":22,"column":46}},"8":{"start":{"line":26,"column":0},"end":{"line":148,"column":1}},"9":{"start":{"line":28,"column":4},"end":{"line":28,"column":35}},"10":{"start":{"line":30,"column":4},"end":{"line":33,"column":28}},"11":{"start":{"line":35,"column":4},"end":{"line":38,"column":5}},"12":{"start":{"line":37,"column":8},"end":{"line":37,"column":72}},"13":{"start":{"line":40,"column":4},"end":{"line":40,"column":56}},"14":{"start":{"line":41,"column":4},"end":{"line":41,"column":42}},"15":{"start":{"line":42,"column":4},"end":{"line":43,"column":71}},"16":{"start":{"line":45,"column":4},"end":{"line":45,"column":38}},"17":{"start":{"line":47,"column":4},"end":{"line":55,"column":5}},"18":{"start":{"line":49,"column":8},"end":{"line":54,"column":10}},"19":{"start":{"line":51,"column":12},"end":{"line":51,"column":37}},"20":{"start":{"line":52,"column":12},"end":{"line":52,"column":46}},"21":{"start":{"line":53,"column":12},"end":{"line":53,"column":62}},"22":{"start":{"line":57,"column":4},"end":{"line":57,"column":48}},"23":{"start":{"line":58,"column":4},"end":{"line":58,"column":49}},"24":{"start":{"line":60,"column":4},"end":{"line":68,"column":5}},"25":{"start":{"line":62,"column":8},"end":{"line":67,"column":11}},"26":{"start":{"line":64,"column":12},"end":{"line":64,"column":45}},"27":{"start":{"line":64,"column":23},"end":{"line":64,"column":43}},"28":{"start":{"line":65,"column":12},"end":{"line":65,"column":68}},"29":{"start":{"line":65,"column":27},"end":{"line":65,"column":66}},"30":{"start":{"line":66,"column":12},"end":{"line":66,"column":26}},"31":{"start":{"line":70,"column":4},"end":{"line":74,"column":7}},"32":{"start":{"line":76,"column":4},"end":{"line":102,"column":7}},"33":{"start":{"line":78,"column":8},"end":{"line":81,"column":9}},"34":{"start":{"line":80,"column":12},"end":{"line":80,"column":19}},"35":{"start":{"line":83,"column":8},"end":{"line":86,"column":9}},"36":{"start":{"line":85,"column":12},"end":{"line":85,"column":51}},"37":{"start":{"line":88,"column":8},"end":{"line":88,"column":57}},"38":{"start":{"line":90,"column":8},"end":{"line":99,"column":9}},"39":{"start":{"line":92,"column":12},"end":{"line":92,"column":30}},"40":{"start":{"line":93,"column":12},"end":{"line":93,"column":28}},"41":{"start":{"line":95,"column":12},"end":{"line":98,"column":13}},"42":{"start":{"line":97,"column":16},"end":{"line":97,"column":27}},"43":{"start":{"line":101,"column":8},"end":{"line":101,"column":61}},"44":{"start":{"line":104,"column":4},"end":{"line":107,"column":7}},"45":{"start":{"line":106,"column":8},"end":{"line":106,"column":25}},"46":{"start":{"line":109,"column":4},"end":{"line":138,"column":7}},"47":{"start":{"line":111,"column":8},"end":{"line":111,"column":35}},"48":{"start":{"line":111,"column":26},"end":{"line":111,"column":33}},"49":{"start":{"line":113,"column":8},"end":{"line":113,"column":30}},"50":{"start":{"line":115,"column":8},"end":{"line":127,"column":9}},"51":{"start":{"line":117,"column":12},"end":{"line":126,"column":13}},"52":{"start":{"line":120,"column":16},"end":{"line":120,"column":42}},"53":{"start":{"line":122,"column":17},"end":{"line":126,"column":13}},"54":{"start":{"line":125,"column":16},"end":{"line":125,"column":40}},"55":{"start":{"line":129,"column":8},"end":{"line":137,"column":9}},"56":{"start":{"line":131,"column":12},"end":{"line":131,"column":35}},"57":{"start":{"line":135,"column":12},"end":{"line":135,"column":31}},"58":{"start":{"line":136,"column":12},"end":{"line":136,"column":25}},"59":{"start":{"line":140,"column":4},"end":{"line":147,"column":7}},"60":{"start":{"line":142,"column":8},"end":{"line":146,"column":9}},"61":{"start":{"line":144,"column":12},"end":{"line":144,"column":31}},"62":{"start":{"line":145,"column":12},"end":{"line":145,"column":26}},"63":{"start":{"line":150,"column":0},"end":{"line":150,"column":55}},"64":{"start":{"line":152,"column":0},"end":{"line":166,"column":2}},"65":{"start":{"line":154,"column":4},"end":{"line":154,"column":56}},"66":{"start":{"line":154,"column":21},"end":{"line":154,"column":54}},"67":{"start":{"line":156,"column":4},"end":{"line":165,"column":7}},"68":{"start":{"line":161,"column":8},"end":{"line":161,"column":36}},"69":{"start":{"line":161,"column":19},"end":{"line":161,"column":34}},"70":{"start":{"line":162,"column":8},"end":{"line":162,"column":56}},"71":{"start":{"line":162,"column":32},"end":{"line":162,"column":54}},"72":{"start":{"line":163,"column":8},"end":{"line":163,"column":26}},"73":{"start":{"line":164,"column":8},"end":{"line":164,"column":62}},"74":{"start":{"line":168,"column":0},"end":{"line":190,"column":2}},"75":{"start":{"line":170,"column":4},"end":{"line":170,"column":56}},"76":{"start":{"line":170,"column":21},"end":{"line":170,"column":54}},"77":{"start":{"line":172,"column":4},"end":{"line":189,"column":7}},"78":{"start":{"line":174,"column":8},"end":{"line":174,"column":36}},"79":{"start":{"line":174,"column":19},"end":{"line":174,"column":34}},"80":{"start":{"line":176,"column":8},"end":{"line":176,"column":30}},"81":{"start":{"line":178,"column":8},"end":{"line":186,"column":9}},"82":{"start":{"line":180,"column":12},"end":{"line":180,"column":29}},"83":{"start":{"line":182,"column":12},"end":{"line":185,"column":13}},"84":{"start":{"line":184,"column":16},"end":{"line":184,"column":31}},"85":{"start":{"line":188,"column":8},"end":{"line":188,"column":23}},"86":{"start":{"line":192,"column":0},"end":{"line":201,"column":2}},"87":{"start":{"line":194,"column":4},"end":{"line":194,"column":56}},"88":{"start":{"line":194,"column":21},"end":{"line":194,"column":54}},"89":{"start":{"line":196,"column":4},"end":{"line":200,"column":7}},"90":{"start":{"line":198,"column":8},"end":{"line":198,"column":77}},"91":{"start":{"line":198,"column":19},"end":{"line":198,"column":75}},"92":{"start":{"line":199,"column":8},"end":{"line":199,"column":42}},"93":{"start":{"line":203,"column":0},"end":{"line":212,"column":2}},"94":{"start":{"line":205,"column":4},"end":{"line":205,"column":56}},"95":{"start":{"line":205,"column":21},"end":{"line":205,"column":54}},"96":{"start":{"line":207,"column":4},"end":{"line":211,"column":7}},"97":{"start":{"line":209,"column":8},"end":{"line":209,"column":77}},"98":{"start":{"line":209,"column":19},"end":{"line":209,"column":75}},"99":{"start":{"line":210,"column":8},"end":{"line":210,"column":55}},"100":{"start":{"line":214,"column":0},"end":{"line":264,"column":2}},"101":{"start":{"line":216,"column":4},"end":{"line":216,"column":56}},"102":{"start":{"line":216,"column":21},"end":{"line":216,"column":54}},"103":{"start":{"line":218,"column":4},"end":{"line":220,"column":57}},"104":{"start":{"line":227,"column":4},"end":{"line":263,"column":7}},"105":{"start":{"line":229,"column":8},"end":{"line":229,"column":36}},"106":{"start":{"line":229,"column":19},"end":{"line":229,"column":34}},"107":{"start":{"line":231,"column":8},"end":{"line":231,"column":30}},"108":{"start":{"line":233,"column":8},"end":{"line":240,"column":9}},"109":{"start":{"line":235,"column":12},"end":{"line":235,"column":68}},"110":{"start":{"line":235,"column":45},"end":{"line":235,"column":66}},"111":{"start":{"line":239,"column":12},"end":{"line":239,"column":37}},"112":{"start":{"line":242,"column":8},"end":{"line":242,"column":59}},"113":{"start":{"line":242,"column":24},"end":{"line":242,"column":57}},"114":{"start":{"line":244,"column":8},"end":{"line":262,"column":11}},"115":{"start":{"line":248,"column":12},"end":{"line":259,"column":13}},"116":{"start":{"line":250,"column":16},"end":{"line":256,"column":17}},"117":{"start":{"line":252,"column":20},"end":{"line":255,"column":52}},"118":{"start":{"line":254,"column":24},"end":{"line":254,"column":58}},"119":{"start":{"line":258,"column":16},"end":{"line":258,"column":31}},"120":{"start":{"line":261,"column":12},"end":{"line":261,"column":41}},"121":{"start":{"line":266,"column":0},"end":{"line":278,"column":2}},"122":{"start":{"line":268,"column":4},"end":{"line":268,"column":56}},"123":{"start":{"line":268,"column":21},"end":{"line":268,"column":54}},"124":{"start":{"line":270,"column":4},"end":{"line":270,"column":19}},"125":{"start":{"line":272,"column":4},"end":{"line":277,"column":7}},"126":{"start":{"line":274,"column":8},"end":{"line":274,"column":71}},"127":{"start":{"line":274,"column":19},"end":{"line":274,"column":69}},"128":{"start":{"line":275,"column":8},"end":{"line":275,"column":59}},"129":{"start":{"line":275,"column":24},"end":{"line":275,"column":57}},"130":{"start":{"line":276,"column":8},"end":{"line":276,"column":42}},"131":{"start":{"line":280,"column":0},"end":{"line":301,"column":2}},"132":{"start":{"line":282,"column":4},"end":{"line":287,"column":5}},"133":{"start":{"line":284,"column":8},"end":{"line":284,"column":30}},"134":{"start":{"line":285,"column":8},"end":{"line":285,"column":26}},"135":{"start":{"line":286,"column":8},"end":{"line":286,"column":20}},"136":{"start":{"line":289,"column":4},"end":{"line":298,"column":5}},"137":{"start":{"line":291,"column":8},"end":{"line":291,"column":28}},"138":{"start":{"line":292,"column":8},"end":{"line":295,"column":9}},"139":{"start":{"line":294,"column":12},"end":{"line":294,"column":81}},"140":{"start":{"line":294,"column":59},"end":{"line":294,"column":76}},"141":{"start":{"line":296,"column":8},"end":{"line":296,"column":58}},"142":{"start":{"line":297,"column":8},"end":{"line":297,"column":27}},"143":{"start":{"line":300,"column":4},"end":{"line":300,"column":9}},"144":{"start":{"line":303,"column":0},"end":{"line":312,"column":2}},"145":{"start":{"line":305,"column":4},"end":{"line":305,"column":58}},"146":{"start":{"line":305,"column":23},"end":{"line":305,"column":56}},"147":{"start":{"line":307,"column":4},"end":{"line":307,"column":23}},"148":{"start":{"line":308,"column":4},"end":{"line":308,"column":22}},"149":{"start":{"line":309,"column":4},"end":{"line":309,"column":20}},"150":{"start":{"line":311,"column":4},"end":{"line":311,"column":9}},"151":{"start":{"line":314,"column":0},"end":{"line":324,"column":2}},"152":{"start":{"line":316,"column":4},"end":{"line":316,"column":49}},"153":{"start":{"line":316,"column":29},"end":{"line":316,"column":46}},"154":{"start":{"line":318,"column":4},"end":{"line":318,"column":19}},"155":{"start":{"line":320,"column":4},"end":{"line":323,"column":7}},"156":{"start":{"line":322,"column":8},"end":{"line":322,"column":28}},"157":{"start":{"line":326,"column":0},"end":{"line":363,"column":2}},"158":{"start":{"line":328,"column":4},"end":{"line":328,"column":56}},"159":{"start":{"line":328,"column":21},"end":{"line":328,"column":54}},"160":{"start":{"line":330,"column":4},"end":{"line":330,"column":19}},"161":{"start":{"line":332,"column":4},"end":{"line":362,"column":7}},"162":{"start":{"line":334,"column":8},"end":{"line":334,"column":69}},"163":{"start":{"line":334,"column":52},"end":{"line":334,"column":67}},"164":{"start":{"line":335,"column":8},"end":{"line":335,"column":59}},"165":{"start":{"line":335,"column":24},"end":{"line":335,"column":57}},"166":{"start":{"line":338,"column":8},"end":{"line":360,"column":11}},"167":{"start":{"line":344,"column":12},"end":{"line":344,"column":70}},"168":{"start":{"line":344,"column":53},"end":{"line":344,"column":68}},"169":{"start":{"line":345,"column":12},"end":{"line":345,"column":63}},"170":{"start":{"line":345,"column":28},"end":{"line":345,"column":61}},"171":{"start":{"line":347,"column":12},"end":{"line":359,"column":15}},"172":{"start":{"line":356,"column":16},"end":{"line":356,"column":74}},"173":{"start":{"line":356,"column":57},"end":{"line":356,"column":72}},"174":{"start":{"line":357,"column":16},"end":{"line":357,"column":67}},"175":{"start":{"line":357,"column":32},"end":{"line":357,"column":65}},"176":{"start":{"line":358,"column":16},"end":{"line":358,"column":21}},"177":{"start":{"line":365,"column":0},"end":{"line":387,"column":2}},"178":{"start":{"line":367,"column":4},"end":{"line":367,"column":49}},"179":{"start":{"line":367,"column":29},"end":{"line":367,"column":46}},"180":{"start":{"line":369,"column":4},"end":{"line":369,"column":19}},"181":{"start":{"line":371,"column":4},"end":{"line":386,"column":7}},"182":{"start":{"line":373,"column":8},"end":{"line":373,"column":59}},"183":{"start":{"line":373,"column":24},"end":{"line":373,"column":57}},"184":{"start":{"line":375,"column":8},"end":{"line":385,"column":11}},"185":{"start":{"line":377,"column":12},"end":{"line":383,"column":13}},"186":{"start":{"line":382,"column":16},"end":{"line":382,"column":31}},"187":{"start":{"line":384,"column":12},"end":{"line":384,"column":32}},"188":{"start":{"line":389,"column":0},"end":{"line":392,"column":2}},"189":{"start":{"line":391,"column":4},"end":{"line":391,"column":21}},"190":{"start":{"line":391,"column":14},"end":{"line":391,"column":19}},"191":{"start":{"line":394,"column":0},"end":{"line":407,"column":2}},"192":{"start":{"line":396,"column":4},"end":{"line":399,"column":5}},"193":{"start":{"line":398,"column":8},"end":{"line":398,"column":18}},"194":{"start":{"line":401,"column":4},"end":{"line":404,"column":7}},"195":{"start":{"line":403,"column":8},"end":{"line":403,"column":13}},"196":{"start":{"line":406,"column":4},"end":{"line":406,"column":9}},"197":{"start":{"line":409,"column":0},"end":{"line":412,"column":2}},"198":{"start":{"line":411,"column":4},"end":{"line":411,"column":46}}},"branchMap":{"1":{"line":35,"type":"if","locations":[{"start":{"line":35,"column":4},"end":{"line":35,"column":4}},{"start":{"line":35,"column":4},"end":{"line":35,"column":4}}]},"2":{"line":40,"type":"binary-expr","locations":[{"start":{"line":40,"column":19},"end":{"line":40,"column":33}},{"start":{"line":40,"column":37},"end":{"line":40,"column":55}}]},"3":{"line":41,"type":"binary-expr","locations":[{"start":{"line":41,"column":19},"end":{"line":41,"column":33}},{"start":{"line":41,"column":37},"end":{"line":41,"column":41}}]},"4":{"line":47,"type":"if","locations":[{"start":{"line":47,"column":4},"end":{"line":47,"column":4}},{"start":{"line":47,"column":4},"end":{"line":47,"column":4}}]},"5":{"line":57,"type":"binary-expr","locations":[{"start":{"line":57,"column":19},"end":{"line":57,"column":33}},{"start":{"line":57,"column":37},"end":{"line":57,"column":47}}]},"6":{"line":60,"type":"if","locations":[{"start":{"line":60,"column":4},"end":{"line":60,"column":4}},{"start":{"line":60,"column":4},"end":{"line":60,"column":4}}]},"7":{"line":64,"type":"if","locations":[{"start":{"line":64,"column":12},"end":{"line":64,"column":12}},{"start":{"line":64,"column":12},"end":{"line":64,"column":12}}]},"8":{"line":65,"type":"if","locations":[{"start":{"line":65,"column":12},"end":{"line":65,"column":12}},{"start":{"line":65,"column":12},"end":{"line":65,"column":12}}]},"9":{"line":78,"type":"if","locations":[{"start":{"line":78,"column":8},"end":{"line":78,"column":8}},{"start":{"line":78,"column":8},"end":{"line":78,"column":8}}]},"10":{"line":83,"type":"if","locations":[{"start":{"line":83,"column":8},"end":{"line":83,"column":8}},{"start":{"line":83,"column":8},"end":{"line":83,"column":8}}]},"11":{"line":95,"type":"if","locations":[{"start":{"line":95,"column":12},"end":{"line":95,"column":12}},{"start":{"line":95,"column":12},"end":{"line":95,"column":12}}]},"12":{"line":111,"type":"if","locations":[{"start":{"line":111,"column":8},"end":{"line":111,"column":8}},{"start":{"line":111,"column":8},"end":{"line":111,"column":8}}]},"13":{"line":115,"type":"if","locations":[{"start":{"line":115,"column":8},"end":{"line":115,"column":8}},{"start":{"line":115,"column":8},"end":{"line":115,"column":8}}]},"14":{"line":117,"type":"if","locations":[{"start":{"line":117,"column":12},"end":{"line":117,"column":12}},{"start":{"line":117,"column":12},"end":{"line":117,"column":12}}]},"15":{"line":122,"type":"if","locations":[{"start":{"line":122,"column":17},"end":{"line":122,"column":17}},{"start":{"line":122,"column":17},"end":{"line":122,"column":17}}]},"16":{"line":129,"type":"if","locations":[{"start":{"line":129,"column":8},"end":{"line":129,"column":8}},{"start":{"line":129,"column":8},"end":{"line":129,"column":8}}]},"17":{"line":142,"type":"if","locations":[{"start":{"line":142,"column":8},"end":{"line":142,"column":8}},{"start":{"line":142,"column":8},"end":{"line":142,"column":8}}]},"18":{"line":154,"type":"if","locations":[{"start":{"line":154,"column":4},"end":{"line":154,"column":4}},{"start":{"line":154,"column":4},"end":{"line":154,"column":4}}]},"19":{"line":161,"type":"if","locations":[{"start":{"line":161,"column":8},"end":{"line":161,"column":8}},{"start":{"line":161,"column":8},"end":{"line":161,"column":8}}]},"20":{"line":162,"type":"if","locations":[{"start":{"line":162,"column":8},"end":{"line":162,"column":8}},{"start":{"line":162,"column":8},"end":{"line":162,"column":8}}]},"21":{"line":170,"type":"if","locations":[{"start":{"line":170,"column":4},"end":{"line":170,"column":4}},{"start":{"line":170,"column":4},"end":{"line":170,"column":4}}]},"22":{"line":174,"type":"if","locations":[{"start":{"line":174,"column":8},"end":{"line":174,"column":8}},{"start":{"line":174,"column":8},"end":{"line":174,"column":8}}]},"23":{"line":182,"type":"if","locations":[{"start":{"line":182,"column":12},"end":{"line":182,"column":12}},{"start":{"line":182,"column":12},"end":{"line":182,"column":12}}]},"24":{"line":194,"type":"if","locations":[{"start":{"line":194,"column":4},"end":{"line":194,"column":4}},{"start":{"line":194,"column":4},"end":{"line":194,"column":4}}]},"25":{"line":198,"type":"if","locations":[{"start":{"line":198,"column":8},"end":{"line":198,"column":8}},{"start":{"line":198,"column":8},"end":{"line":198,"column":8}}]},"26":{"line":198,"type":"cond-expr","locations":[{"start":{"line":198,"column":57},"end":{"line":198,"column":61}},{"start":{"line":198,"column":64},"end":{"line":198,"column":67}}]},"27":{"line":205,"type":"if","locations":[{"start":{"line":205,"column":4},"end":{"line":205,"column":4}},{"start":{"line":205,"column":4},"end":{"line":205,"column":4}}]},"28":{"line":209,"type":"if","locations":[{"start":{"line":209,"column":8},"end":{"line":209,"column":8}},{"start":{"line":209,"column":8},"end":{"line":209,"column":8}}]},"29":{"line":209,"type":"cond-expr","locations":[{"start":{"line":209,"column":57},"end":{"line":209,"column":61}},{"start":{"line":209,"column":64},"end":{"line":209,"column":67}}]},"30":{"line":216,"type":"if","locations":[{"start":{"line":216,"column":4},"end":{"line":216,"column":4}},{"start":{"line":216,"column":4},"end":{"line":216,"column":4}}]},"31":{"line":229,"type":"if","locations":[{"start":{"line":229,"column":8},"end":{"line":229,"column":8}},{"start":{"line":229,"column":8},"end":{"line":229,"column":8}}]},"32":{"line":233,"type":"if","locations":[{"start":{"line":233,"column":8},"end":{"line":233,"column":8}},{"start":{"line":233,"column":8},"end":{"line":233,"column":8}}]},"33":{"line":235,"type":"if","locations":[{"start":{"line":235,"column":12},"end":{"line":235,"column":12}},{"start":{"line":235,"column":12},"end":{"line":235,"column":12}}]},"34":{"line":242,"type":"if","locations":[{"start":{"line":242,"column":8},"end":{"line":242,"column":8}},{"start":{"line":242,"column":8},"end":{"line":242,"column":8}}]},"35":{"line":248,"type":"if","locations":[{"start":{"line":248,"column":12},"end":{"line":248,"column":12}},{"start":{"line":248,"column":12},"end":{"line":248,"column":12}}]},"36":{"line":250,"type":"if","locations":[{"start":{"line":250,"column":16},"end":{"line":250,"column":16}},{"start":{"line":250,"column":16},"end":{"line":250,"column":16}}]},"37":{"line":268,"type":"if","locations":[{"start":{"line":268,"column":4},"end":{"line":268,"column":4}},{"start":{"line":268,"column":4},"end":{"line":268,"column":4}}]},"38":{"line":274,"type":"if","locations":[{"start":{"line":274,"column":8},"end":{"line":274,"column":8}},{"start":{"line":274,"column":8},"end":{"line":274,"column":8}}]},"39":{"line":274,"type":"cond-expr","locations":[{"start":{"line":274,"column":57},"end":{"line":274,"column":61}},{"start":{"line":274,"column":64},"end":{"line":274,"column":67}}]},"40":{"line":275,"type":"if","locations":[{"start":{"line":275,"column":8},"end":{"line":275,"column":8}},{"start":{"line":275,"column":8},"end":{"line":275,"column":8}}]},"41":{"line":282,"type":"if","locations":[{"start":{"line":282,"column":4},"end":{"line":282,"column":4}},{"start":{"line":282,"column":4},"end":{"line":282,"column":4}}]},"42":{"line":289,"type":"if","locations":[{"start":{"line":289,"column":4},"end":{"line":289,"column":4}},{"start":{"line":289,"column":4},"end":{"line":289,"column":4}}]},"43":{"line":289,"type":"binary-expr","locations":[{"start":{"line":289,"column":8},"end":{"line":289,"column":19}},{"start":{"line":289,"column":23},"end":{"line":289,"column":40}}]},"44":{"line":292,"type":"if","locations":[{"start":{"line":292,"column":8},"end":{"line":292,"column":8}},{"start":{"line":292,"column":8},"end":{"line":292,"column":8}}]},"45":{"line":305,"type":"if","locations":[{"start":{"line":305,"column":4},"end":{"line":305,"column":4}},{"start":{"line":305,"column":4},"end":{"line":305,"column":4}}]},"46":{"line":316,"type":"binary-expr","locations":[{"start":{"line":316,"column":9},"end":{"line":316,"column":11}},{"start":{"line":316,"column":15},"end":{"line":316,"column":48}}]},"47":{"line":328,"type":"if","locations":[{"start":{"line":328,"column":4},"end":{"line":328,"column":4}},{"start":{"line":328,"column":4},"end":{"line":328,"column":4}}]},"48":{"line":334,"type":"if","locations":[{"start":{"line":334,"column":8},"end":{"line":334,"column":8}},{"start":{"line":334,"column":8},"end":{"line":334,"column":8}}]},"49":{"line":334,"type":"binary-expr","locations":[{"start":{"line":334,"column":12},"end":{"line":334,"column":15}},{"start":{"line":334,"column":20},"end":{"line":334,"column":47}}]},"50":{"line":335,"type":"if","locations":[{"start":{"line":335,"column":8},"end":{"line":335,"column":8}},{"start":{"line":335,"column":8},"end":{"line":335,"column":8}}]},"51":{"line":344,"type":"if","locations":[{"start":{"line":344,"column":12},"end":{"line":344,"column":12}},{"start":{"line":344,"column":12},"end":{"line":344,"column":12}}]},"52":{"line":344,"type":"binary-expr","locations":[{"start":{"line":344,"column":16},"end":{"line":344,"column":19}},{"start":{"line":344,"column":24},"end":{"line":344,"column":48}}]},"53":{"line":345,"type":"if","locations":[{"start":{"line":345,"column":12},"end":{"line":345,"column":12}},{"start":{"line":345,"column":12},"end":{"line":345,"column":12}}]},"54":{"line":356,"type":"if","locations":[{"start":{"line":356,"column":16},"end":{"line":356,"column":16}},{"start":{"line":356,"column":16},"end":{"line":356,"column":16}}]},"55":{"line":356,"type":"binary-expr","locations":[{"start":{"line":356,"column":20},"end":{"line":356,"column":23}},{"start":{"line":356,"column":28},"end":{"line":356,"column":52}}]},"56":{"line":357,"type":"if","locations":[{"start":{"line":357,"column":16},"end":{"line":357,"column":16}},{"start":{"line":357,"column":16},"end":{"line":357,"column":16}}]},"57":{"line":367,"type":"binary-expr","locations":[{"start":{"line":367,"column":9},"end":{"line":367,"column":11}},{"start":{"line":367,"column":15},"end":{"line":367,"column":48}}]},"58":{"line":373,"type":"if","locations":[{"start":{"line":373,"column":8},"end":{"line":373,"column":8}},{"start":{"line":373,"column":8},"end":{"line":373,"column":8}}]},"59":{"line":377,"type":"if","locations":[{"start":{"line":377,"column":12},"end":{"line":377,"column":12}},{"start":{"line":377,"column":12},"end":{"line":377,"column":12}}]},"60":{"line":377,"type":"binary-expr","locations":[{"start":{"line":377,"column":16},"end":{"line":377,"column":19}},{"start":{"line":378,"column":18},"end":{"line":378,"column":43}},{"start":{"line":379,"column":19},"end":{"line":379,"column":46}},{"start":{"line":380,"column":19},"end":{"line":380,"column":43}}]},"61":{"line":391,"type":"if","locations":[{"start":{"line":391,"column":4},"end":{"line":391,"column":4}},{"start":{"line":391,"column":4},"end":{"line":391,"column":4}}]},"62":{"line":396,"type":"if","locations":[{"start":{"line":396,"column":4},"end":{"line":396,"column":4}},{"start":{"line":396,"column":4},"end":{"line":396,"column":4}}]}}}}