TN:
SF:index.js
FN:6,(anonymous_0)
FN:37,(anonymous_1)
FN:46,(anonymous_2)
FNF:3
FNH:3
FNDA:3634,(anonymous_0)
FNDA:3633,(anonymous_1)
FNDA:1689,(anonymous_2)
DA:4,1933
DA:6,1933
DA:9,3634
DA:14,1962
DA:15,1962
DA:19,1671
DA:20,1671
DA:23,1
DA:28,3633
DA:30,3633
DA:34,0
DA:37,3633
DA:39,3633
DA:41,3633
DA:42,3633
DA:44,3633
DA:46,1689
DA:48,1689
DA:50,15
DA:54,1674
DA:60,1944
LF:21
LH:20
BRDA:9,0,0,835
BRDA:9,0,1,1399
BRDA:9,0,2,1962
BRDA:9,0,3,1108
BRDA:9,0,4,1671
BRDA:9,0,5,1
BRDA:39,1,0,3633
BRDA:39,1,1,0
BRDA:44,2,0,1689
BRDA:44,2,1,1944
BRDA:48,3,0,15
BRDA:48,3,1,1674
BRDA:48,4,0,1689
BRDA:48,4,1,15
BRF:14
BRH:13
end_of_record
TN:
SF:couchdb/index.js
FN:13,PubKeyStoreCouchDB
FN:46,(anonymous_1)
FN:63,(anonymous_2)
FN:91,(anonymous_3)
FN:96,(anonymous_4)
FN:137,(anonymous_5)
FN:151,(anonymous_6)
FN:163,(anonymous_7)
FN:172,(anonymous_8)
FN:176,(anonymous_9)
FN:196,(anonymous_10)
FN:205,(anonymous_11)
FN:212,(anonymous_12)
FN:221,(anonymous_13)
FN:228,(anonymous_14)
FN:236,(anonymous_15)
FN:251,(anonymous_16)
FN:263,(anonymous_17)
FN:280,(anonymous_18)
FN:288,(anonymous_19)
FN:302,(anonymous_20)
FN:304,(anonymous_21)
FN:315,(anonymous_22)
FN:323,(anonymous_23)
FN:344,(anonymous_24)
FN:354,(anonymous_25)
FN:356,(anonymous_26)
FN:360,(anonymous_27)
FN:366,(anonymous_28)
FN:368,(anonymous_29)
FN:374,(anonymous_30)
FN:384,(anonymous_31)
FN:396,(anonymous_32)
FN:407,(anonymous_33)
FN:409,(anonymous_34)
FN:413,(anonymous_35)
FN:417,(anonymous_36)
FN:428,(anonymous_37)
FN:433,(anonymous_38)
FN:440,(anonymous_39)
FN:447,(anonymous_40)
FN:455,(anonymous_41)
FNF:42
FNH:36
FNDA:564,PubKeyStoreCouchDB
FNDA:424,(anonymous_1)
FNDA:224,(anonymous_2)
FNDA:140,(anonymous_3)
FNDA:140,(anonymous_4)
FNDA:140,(anonymous_5)
FNDA:1034,(anonymous_6)
FNDA:465,(anonymous_7)
FNDA:64,(anonymous_8)
FNDA:64,(anonymous_9)
FNDA:856,(anonymous_10)
FNDA:288,(anonymous_11)
FNDA:945,(anonymous_12)
FNDA:377,(anonymous_13)
FNDA:237,(anonymous_14)
FNDA:0,(anonymous_15)
FNDA:3,(anonymous_16)
FNDA:226,(anonymous_17)
FNDA:226,(anonymous_18)
FNDA:44,(anonymous_19)
FNDA:97,(anonymous_20)
FNDA:0,(anonymous_21)
FNDA:89,(anonymous_22)
FNDA:579,(anonymous_23)
FNDA:579,(anonymous_24)
FNDA:563,(anonymous_25)
FNDA:0,(anonymous_26)
FNDA:563,(anonymous_27)
FNDA:302,(anonymous_28)
FNDA:0,(anonymous_29)
FNDA:302,(anonymous_30)
FNDA:301,(anonymous_31)
FNDA:301,(anonymous_32)
FNDA:16,(anonymous_33)
FNDA:0,(anonymous_34)
FNDA:16,(anonymous_35)
FNDA:16,(anonymous_36)
FNDA:36,(anonymous_37)
FNDA:36,(anonymous_38)
FNDA:0,(anonymous_39)
FNDA:32,(anonymous_40)
FNDA:564,(anonymous_41)
DA:4,1
DA:5,1
DA:6,1
DA:7,1
DA:8,1
DA:9,1
DA:10,1
DA:11,1
DA:15,564
DA:17,564
DA:18,564
DA:20,564
DA:22,564
DA:23,564
DA:25,564
DA:41,564
DA:42,564
DA:44,564
DA:46,424
DA:48,424
DA:50,15
DA:53,409
DA:57,140
DA:63,140
DA:65,224
DA:67,0
DA:70,224
DA:72,0
DA:75,224
DA:77,224
DA:79,224
DA:80,224
DA:82,224
DA:84,224
DA:88,224
DA:91,140
DA:93,140
DA:96,140
DA:98,140
DA:101,140
DA:102,140
DA:103,140
DA:105,140
DA:107,140
DA:110,0
DA:112,0
DA:114,0
DA:117,0
DA:119,0
DA:122,0
DA:126,0
DA:128,0
DA:132,0
DA:133,0
DA:137,140
DA:139,140
DA:141,140
DA:142,140
DA:146,140
DA:149,1
DA:151,1
DA:153,1034
DA:155,1025
DA:157,560
DA:160,465
DA:165,465
DA:166,465
DA:167,281
DA:168,281
DA:172,1
DA:174,64
DA:176,64
DA:178,64
DA:180,56
DA:182,56
DA:184,392
DA:186,392
DA:188,280
DA:192,56
DA:196,1
DA:198,856
DA:200,848
DA:202,560
DA:205,288
DA:207,288
DA:208,280
DA:212,1
DA:214,945
DA:216,937
DA:218,560
DA:221,377
DA:223,377
DA:224,281
DA:228,1
DA:230,237
DA:232,236
DA:233,236
DA:235,237
DA:236,237
DA:238,237
DA:240,237
DA:242,8
DA:245,229
DA:246,229
DA:247,229
DA:249,229
DA:251,3
DA:253,3
DA:254,2
DA:263,226
DA:265,226
DA:267,226
DA:269,226
DA:271,45
DA:275,181
DA:278,226
DA:280,226
DA:284,226
DA:286,44
DA:288,44
DA:290,44
DA:294,0
DA:297,182
DA:302,1
DA:304,97
DA:306,97
DA:308,97
DA:310,8
DA:313,89
DA:315,89
DA:317,89
DA:318,45
DA:319,45
DA:323,1
DA:325,579
DA:327,140
DA:328,140
DA:329,140
DA:332,579
DA:333,579
DA:335,140
DA:336,140
DA:337,140
DA:338,140
DA:341,439
DA:344,1
DA:346,579
DA:348,567
DA:349,567
DA:351,567
DA:354,1
DA:356,563
DA:358,563
DA:360,563
DA:362,563
DA:366,1
DA:368,302
DA:370,302
DA:372,302
DA:374,302
DA:376,302
DA:377,301
DA:380,301
DA:386,301
DA:387,301
DA:389,301
DA:398,301
DA:399,301
DA:400,301
DA:407,1
DA:409,16
DA:411,16
DA:413,16
DA:415,16
DA:417,16
DA:419,16
DA:421,0
DA:423,16
DA:428,1
DA:430,36
DA:433,1
DA:435,36
DA:437,36
DA:440,36
DA:442,36
DA:444,4
DA:447,32
DA:449,32
DA:452,32
DA:455,1
DA:457,564
LF:191
LH:177
BRDA:22,0,0,564
BRDA:22,0,1,564
BRDA:23,1,0,564
BRDA:23,1,1,564
BRDA:29,2,0,563
BRDA:29,2,1,1
BRDA:36,3,0,564
BRDA:36,3,1,564
BRDA:41,4,0,564
BRDA:41,4,1,560
BRDA:44,5,0,424
BRDA:44,5,1,140
BRDA:48,6,0,15
BRDA:48,6,1,409
BRDA:48,7,0,424
BRDA:48,7,1,15
BRDA:65,8,0,0
BRDA:65,8,1,224
BRDA:70,9,0,0
BRDA:70,9,1,224
BRDA:82,10,0,224
BRDA:82,10,1,0
BRDA:98,11,0,140
BRDA:98,11,1,0
BRDA:103,12,0,140
BRDA:103,12,1,0
BRDA:112,13,0,0
BRDA:112,13,1,0
BRDA:114,14,0,0
BRDA:114,14,1,0
BRDA:119,15,0,0
BRDA:119,15,1,0
BRDA:126,16,0,0
BRDA:126,16,1,0
BRDA:139,17,0,140
BRDA:139,17,1,0
BRDA:153,18,0,9
BRDA:153,18,1,1025
BRDA:155,19,0,560
BRDA:155,19,1,465
BRDA:155,20,0,1025
BRDA:155,20,1,745
BRDA:165,21,0,0
BRDA:165,21,1,465
BRDA:166,22,0,184
BRDA:166,22,1,281
BRDA:174,23,0,0
BRDA:174,23,1,64
BRDA:178,24,0,8
BRDA:178,24,1,56
BRDA:186,25,0,280
BRDA:186,25,1,112
BRDA:198,26,0,8
BRDA:198,26,1,848
BRDA:200,27,0,560
BRDA:200,27,1,288
BRDA:200,28,0,848
BRDA:200,28,1,568
BRDA:207,29,0,8
BRDA:207,29,1,280
BRDA:207,30,0,8
BRDA:207,30,1,0
BRDA:214,31,0,8
BRDA:214,31,1,937
BRDA:216,32,0,560
BRDA:216,32,1,377
BRDA:216,33,0,937
BRDA:216,33,1,937
BRDA:223,34,0,96
BRDA:223,34,1,281
BRDA:223,35,0,96
BRDA:223,35,1,0
BRDA:230,36,0,236
BRDA:230,36,1,1
BRDA:235,37,0,237
BRDA:235,37,1,0
BRDA:236,38,0,237
BRDA:236,38,1,0
BRDA:238,39,0,0
BRDA:238,39,1,237
BRDA:240,40,0,8
BRDA:240,40,1,229
BRDA:240,41,0,237
BRDA:240,41,1,233
BRDA:249,42,0,3
BRDA:249,42,1,226
BRDA:249,43,0,229
BRDA:249,43,1,4
BRDA:253,44,0,1
BRDA:253,44,1,2
BRDA:265,45,0,0
BRDA:265,45,1,226
BRDA:269,46,0,45
BRDA:269,46,1,181
BRDA:271,47,0,0
BRDA:271,47,1,45
BRDA:278,48,0,0
BRDA:278,48,1,226
BRDA:284,49,0,44
BRDA:284,49,1,182
BRDA:286,50,0,44
BRDA:286,50,1,0
BRDA:304,51,0,97
BRDA:304,51,1,0
BRDA:306,52,0,0
BRDA:306,52,1,97
BRDA:308,53,0,8
BRDA:308,53,1,89
BRDA:308,54,0,97
BRDA:308,54,1,93
BRDA:317,55,0,44
BRDA:317,55,1,45
BRDA:317,56,0,44
BRDA:317,56,1,0
BRDA:318,57,0,0
BRDA:318,57,1,45
BRDA:325,58,0,140
BRDA:325,58,1,439
BRDA:333,59,0,140
BRDA:333,59,1,439
BRDA:346,60,0,12
BRDA:346,60,1,567
BRDA:356,61,0,563
BRDA:356,61,1,0
BRDA:368,62,0,302
BRDA:368,62,1,0
BRDA:370,63,0,0
BRDA:370,63,1,302
BRDA:376,64,0,1
BRDA:376,64,1,301
BRDA:376,65,0,302
BRDA:376,65,1,294
BRDA:377,66,0,0
BRDA:377,66,1,301
BRDA:386,67,0,0
BRDA:386,67,1,301
BRDA:386,68,0,301
BRDA:386,68,1,293
BRDA:387,69,0,0
BRDA:387,69,1,301
BRDA:398,70,0,0
BRDA:398,70,1,301
BRDA:398,71,0,301
BRDA:398,71,1,293
BRDA:399,72,0,0
BRDA:399,72,1,301
BRDA:409,73,0,16
BRDA:409,73,1,0
BRDA:415,74,0,0
BRDA:415,74,1,16
BRDA:419,75,0,0
BRDA:419,75,1,16
BRDA:419,76,0,16
BRDA:419,76,1,4
BRDA:430,77,0,36
BRDA:430,77,1,0
BRDA:435,78,0,36
BRDA:435,78,1,0
BRDA:440,79,0,36
BRDA:440,79,1,0
BRDA:442,80,0,4
BRDA:442,80,1,32
BRF:162
BRH:119
end_of_record
TN:
SF:in-mem/index.js
FN:7,(anonymous_0)
FN:15,(anonymous_1)
FN:24,(anonymous_2)
FN:29,(anonymous_3)
FN:40,(anonymous_4)
FN:41,(anonymous_5)
FN:53,(anonymous_6)
FN:54,(anonymous_7)
FN:65,(anonymous_8)
FN:66,(anonymous_9)
FN:77,(anonymous_10)
FN:78,(anonymous_11)
FN:89,(anonymous_12)
FN:90,(anonymous_13)
FN:97,(anonymous_14)
FN:103,(anonymous_15)
FN:135,(anonymous_16)
FN:136,(anonymous_17)
FN:152,(anonymous_18)
FN:153,(anonymous_19)
FN:160,(anonymous_20)
FN:161,(anonymous_21)
FN:170,(anonymous_22)
FN:172,(anonymous_23)
FN:176,(anonymous_24)
FN:180,(anonymous_25)
FN:186,(anonymous_26)
FNF:27
FNH:18
FNDA:7,(anonymous_0)
FNDA:563,(anonymous_1)
FNDA:224,(anonymous_2)
FNDA:136,(anonymous_3)
FNDA:579,(anonymous_4)
FNDA:0,(anonymous_5)
FNDA:945,(anonymous_6)
FNDA:0,(anonymous_7)
FNDA:1034,(anonymous_8)
FNDA:0,(anonymous_9)
FNDA:856,(anonymous_10)
FNDA:0,(anonymous_11)
FNDA:64,(anonymous_12)
FNDA:0,(anonymous_13)
FNDA:193,(anonymous_14)
FNDA:0,(anonymous_15)
FNDA:97,(anonymous_16)
FNDA:0,(anonymous_17)
FNDA:301,(anonymous_18)
FNDA:0,(anonymous_19)
FNDA:16,(anonymous_20)
FNDA:0,(anonymous_21)
FNDA:104,(anonymous_22)
FNDA:104,(anonymous_23)
FNDA:4,(anonymous_24)
FNDA:36,(anonymous_25)
FNDA:563,(anonymous_26)
DA:3,1
DA:4,1
DA:8,7
DA:9,7
DA:10,7
DA:16,563
DA:17,563
DA:18,556
DA:20,7
DA:22,563
DA:23,563
DA:24,140
DA:25,224
DA:27,140
DA:29,563
DA:30,136
DA:31,104
DA:34,563
DA:35,563
DA:36,563
DA:37,563
DA:41,579
DA:42,579
DA:43,16
DA:45,563
DA:46,140
DA:48,563
DA:49,563
DA:50,563
DA:54,945
DA:55,945
DA:56,8
DA:58,937
DA:59,937
DA:60,656
DA:62,281
DA:66,1034
DA:67,1034
DA:68,9
DA:70,1025
DA:71,1025
DA:72,744
DA:74,281
DA:78,856
DA:79,856
DA:80,8
DA:82,848
DA:83,848
DA:84,568
DA:86,280
DA:90,64
DA:91,64
DA:92,0
DA:94,64
DA:98,193
DA:99,192
DA:100,192
DA:102,193
DA:103,193
DA:104,193
DA:105,0
DA:107,193
DA:108,8
DA:110,185
DA:111,185
DA:112,185
DA:113,185
DA:114,138
DA:115,1
DA:116,1
DA:117,1
DA:118,1
DA:120,137
DA:121,137
DA:122,137
DA:123,137
DA:124,137
DA:125,137
DA:126,137
DA:128,47
DA:129,47
DA:130,47
DA:131,47
DA:132,47
DA:136,97
DA:137,97
DA:138,0
DA:140,97
DA:141,8
DA:143,89
DA:144,89
DA:145,45
DA:146,45
DA:147,45
DA:149,89
DA:153,301
DA:154,301
DA:155,0
DA:157,301
DA:161,16
DA:162,16
DA:163,4
DA:165,12
DA:166,12
DA:167,12
DA:171,104
DA:172,104
DA:173,104
DA:174,0
DA:176,104
DA:177,104
DA:181,36
DA:182,36
DA:186,1
DA:187,563
LF:115
LH:110
BRDA:17,0,0,556
BRDA:17,0,1,7
BRDA:23,1,0,140
BRDA:23,1,1,423
BRDA:30,2,0,104
BRDA:30,2,1,32
BRDA:41,3,0,579
BRDA:41,3,1,0
BRDA:42,4,0,16
BRDA:42,4,1,563
BRDA:45,5,0,140
BRDA:45,5,1,423
BRDA:54,6,0,945
BRDA:54,6,1,0
BRDA:55,7,0,8
BRDA:55,7,1,937
BRDA:59,8,0,656
BRDA:59,8,1,281
BRDA:66,9,0,1034
BRDA:66,9,1,0
BRDA:67,10,0,9
BRDA:67,10,1,1025
BRDA:71,11,0,744
BRDA:71,11,1,281
BRDA:78,12,0,856
BRDA:78,12,1,0
BRDA:79,13,0,8
BRDA:79,13,1,848
BRDA:83,14,0,568
BRDA:83,14,1,280
BRDA:90,15,0,64
BRDA:90,15,1,0
BRDA:91,16,0,0
BRDA:91,16,1,64
BRDA:98,17,0,192
BRDA:98,17,1,1
BRDA:102,18,0,193
BRDA:102,18,1,0
BRDA:103,19,0,193
BRDA:103,19,1,0
BRDA:104,20,0,0
BRDA:104,20,1,193
BRDA:107,21,0,8
BRDA:107,21,1,185
BRDA:107,22,0,193
BRDA:107,22,1,189
BRDA:113,23,0,138
BRDA:113,23,1,47
BRDA:114,24,0,1
BRDA:114,24,1,137
BRDA:114,25,0,138
BRDA:114,25,1,2
BRDA:136,26,0,97
BRDA:136,26,1,0
BRDA:137,27,0,0
BRDA:137,27,1,97
BRDA:140,28,0,8
BRDA:140,28,1,89
BRDA:140,29,0,97
BRDA:140,29,1,93
BRDA:144,30,0,45
BRDA:144,30,1,44
BRDA:153,31,0,301
BRDA:153,31,1,0
BRDA:154,32,0,0
BRDA:154,32,1,301
BRDA:161,33,0,16
BRDA:161,33,1,0
BRDA:162,34,0,4
BRDA:162,34,1,12
BRDA:171,35,0,104
BRDA:171,35,1,0
BRDA:172,36,0,104
BRDA:172,36,1,104
BRDA:173,37,0,0
BRDA:173,37,1,104
BRDA:182,38,0,36
BRDA:182,38,1,36
BRF:78
BRH:62
end_of_record
TN:
SF:pouchdb/index.js
FN:15,PubKeyStorePouchDB
FN:25,(anonymous_1)
FN:31,do_changes
FN:35,(anonymous_3)
FN:45,(anonymous_4)
FN:73,(anonymous_5)
FN:98,after_replicate
FN:100,(anonymous_7)
FN:108,(anonymous_8)
FN:120,(anonymous_9)
FN:146,(anonymous_10)
FN:158,(anonymous_11)
FN:172,(anonymous_12)
FN:178,(anonymous_13)
FN:183,done
FN:195,(anonymous_15)
FN:208,done2
FN:212,(anonymous_17)
FN:223,(anonymous_18)
FN:226,(anonymous_19)
FN:242,(anonymous_20)
FN:248,(anonymous_21)
FN:260,(anonymous_22)
FN:269,(anonymous_23)
FN:278,(anonymous_24)
FN:285,(anonymous_25)
FN:294,(anonymous_26)
FN:301,(anonymous_27)
FN:305,(anonymous_28)
FN:325,(anonymous_29)
FN:333,(anonymous_30)
FN:348,(anonymous_31)
FN:360,(anonymous_32)
FN:377,(anonymous_33)
FN:385,(anonymous_34)
FN:399,(anonymous_35)
FN:401,(anonymous_36)
FN:412,(anonymous_37)
FN:420,(anonymous_38)
FN:426,(anonymous_39)
FN:451,(anonymous_40)
FN:453,(anonymous_41)
FN:457,(anonymous_42)
FN:461,(anonymous_43)
FN:476,(anonymous_44)
FN:478,(anonymous_45)
FN:491,(anonymous_46)
FN:498,(anonymous_47)
FN:500,(anonymous_48)
FN:504,(anonymous_49)
FN:508,(anonymous_50)
FN:523,(anonymous_51)
FN:525,(anonymous_52)
FN:529,(anonymous_53)
FN:539,(anonymous_54)
FN:549,(anonymous_55)
FNF:56
FNH:48
FNDA:835,PubKeyStorePouchDB
FNDA:931,(anonymous_1)
FNDA:835,do_changes
FNDA:278,(anonymous_3)
FNDA:185,(anonymous_4)
FNDA:0,(anonymous_5)
FNDA:555,after_replicate
FNDA:555,(anonymous_7)
FNDA:73,(anonymous_8)
FNDA:0,(anonymous_9)
FNDA:76,(anonymous_10)
FNDA:73,(anonymous_11)
FNDA:76,(anonymous_12)
FNDA:142,(anonymous_13)
FNDA:142,done
FNDA:4,(anonymous_15)
FNDA:142,done2
FNDA:140,(anonymous_17)
FNDA:76,(anonymous_18)
FNDA:66,(anonymous_19)
FNDA:66,(anonymous_20)
FNDA:1031,(anonymous_21)
FNDA:466,(anonymous_22)
FNDA:941,(anonymous_23)
FNDA:377,(anonymous_24)
FNDA:852,(anonymous_25)
FNDA:288,(anonymous_26)
FNDA:64,(anonymous_27)
FNDA:64,(anonymous_28)
FNDA:151,(anonymous_29)
FNDA:0,(anonymous_30)
FNDA:3,(anonymous_31)
FNDA:140,(anonymous_32)
FNDA:139,(anonymous_33)
FNDA:0,(anonymous_34)
FNDA:97,(anonymous_35)
FNDA:0,(anonymous_36)
FNDA:89,(anonymous_37)
FNDA:855,(anonymous_38)
FNDA:855,(anonymous_39)
FNDA:835,(anonymous_40)
FNDA:0,(anonymous_41)
FNDA:835,(anonymous_42)
FNDA:819,(anonymous_43)
FNDA:293,(anonymous_44)
FNDA:0,(anonymous_45)
FNDA:293,(anonymous_46)
FNDA:20,(anonymous_47)
FNDA:0,(anonymous_48)
FNDA:20,(anonymous_49)
FNDA:20,(anonymous_50)
FNDA:37,(anonymous_51)
FNDA:1,(anonymous_52)
FNDA:835,(anonymous_53)
FNDA:835,(anonymous_54)
FNDA:835,(anonymous_55)
DA:4,829
DA:5,829
DA:6,829
DA:7,829
DA:8,829
DA:9,829
DA:10,829
DA:11,829
DA:12,829
DA:13,829
DA:17,835
DA:19,835
DA:20,835
DA:21,835
DA:22,835
DA:23,835
DA:24,835
DA:25,931
DA:26,835
DA:28,835
DA:29,835
DA:33,835
DA:35,278
DA:37,278
DA:39,278
DA:45,278
DA:47,185
DA:49,4
DA:52,181
DA:54,0
DA:57,181
DA:59,181
DA:61,181
DA:62,181
DA:64,181
DA:66,181
DA:70,181
DA:73,278
DA:75,0
DA:77,0
DA:79,0
DA:81,0
DA:85,0
DA:86,0
DA:90,278
DA:92,278
DA:93,278
DA:100,555
DA:102,555
DA:104,555
DA:106,555
DA:108,73
DA:112,0
DA:115,555
DA:117,555
DA:119,0
DA:120,0
DA:122,0
DA:124,0
DA:127,555
DA:131,835
DA:133,280
DA:136,555
DA:138,552
DA:141,3
DA:144,829
DA:146,829
DA:148,76
DA:150,76
DA:152,3
DA:153,3
DA:157,73
DA:158,73
DA:160,73
DA:162,0
DA:167,76
DA:169,0
DA:172,76
DA:174,76
DA:178,829
DA:180,142
DA:181,142
DA:185,142
DA:187,66
DA:190,76
DA:192,0
DA:195,76
DA:197,4
DA:199,0
DA:202,4
DA:205,76
DA:210,142
DA:212,140
DA:214,140
DA:218,2
DA:221,142
DA:223,76
DA:226,829
DA:228,66
DA:230,0
DA:233,66
DA:235,66
DA:237,0
DA:240,66
DA:242,66
DA:244,66
DA:248,829
DA:250,1031
DA:252,1026
DA:254,560
DA:257,466
DA:262,466
DA:263,466
DA:264,282
DA:265,282
DA:269,829
DA:271,941
DA:273,937
DA:275,560
DA:278,377
DA:280,377
DA:281,281
DA:285,829
DA:287,852
DA:289,848
DA:291,560
DA:294,288
DA:296,288
DA:297,280
DA:301,829
DA:303,64
DA:305,64
DA:307,64
DA:309,64
DA:311,64
DA:313,344
DA:315,344
DA:317,280
DA:321,64
DA:325,829
DA:327,151
DA:329,150
DA:330,150
DA:332,151
DA:333,151
DA:335,151
DA:337,151
DA:339,8
DA:342,143
DA:343,143
DA:344,143
DA:346,143
DA:348,3
DA:350,3
DA:351,2
DA:360,140
DA:362,140
DA:364,139
DA:366,139
DA:368,45
DA:372,94
DA:375,139
DA:377,139
DA:381,139
DA:383,0
DA:385,0
DA:387,0
DA:391,0
DA:394,139
DA:399,829
DA:401,97
DA:403,97
DA:405,97
DA:407,8
DA:410,89
DA:412,89
DA:414,89
DA:415,45
DA:416,45
DA:420,829
DA:422,855
DA:424,855
DA:426,855
DA:428,855
DA:430,555
DA:431,555
DA:434,855
DA:436,0
DA:437,0
DA:438,0
DA:441,855
DA:443,278
DA:444,278
DA:447,855
DA:451,829
DA:453,835
DA:455,835
DA:457,835
DA:459,835
DA:461,819
DA:463,819
DA:468,0
DA:470,819
DA:471,819
DA:476,829
DA:478,293
DA:480,293
DA:482,293
DA:491,293
DA:493,293
DA:494,293
DA:498,829
DA:500,20
DA:502,20
DA:504,20
DA:506,20
DA:508,20
DA:510,20
DA:515,0
DA:517,20
DA:518,20
DA:523,829
DA:525,37
DA:526,37
DA:529,829
DA:531,835
DA:532,835
DA:533,835
DA:534,835
DA:535,835
DA:539,835
DA:541,835
DA:545,835
DA:551,835
DA:553,835
LF:235
LH:208
BRDA:33,0,0,557
BRDA:33,0,1,278
BRDA:37,1,0,0
BRDA:37,1,1,278
BRDA:47,2,0,4
BRDA:47,2,1,181
BRDA:52,3,0,0
BRDA:52,3,1,181
BRDA:64,4,0,181
BRDA:64,4,1,0
BRDA:75,5,0,0
BRDA:75,5,1,0
BRDA:79,6,0,0
BRDA:79,6,1,0
BRDA:90,7,0,278
BRDA:90,7,1,0
BRDA:102,8,0,0
BRDA:102,8,1,555
BRDA:117,9,0,0
BRDA:117,9,1,555
BRDA:131,10,0,280
BRDA:131,10,1,555
BRDA:136,11,0,552
BRDA:136,11,1,3
BRDA:150,12,0,3
BRDA:150,12,1,73
BRDA:157,13,0,73
BRDA:157,13,1,73
BRDA:158,14,0,73
BRDA:158,14,1,73
BRDA:160,15,0,0
BRDA:160,15,1,73
BRDA:160,16,0,73
BRDA:160,16,1,0
BRDA:167,17,0,0
BRDA:167,17,1,76
BRDA:185,18,0,66
BRDA:185,18,1,76
BRDA:190,19,0,0
BRDA:190,19,1,76
BRDA:197,20,0,0
BRDA:197,20,1,4
BRDA:210,21,0,140
BRDA:210,21,1,2
BRDA:214,22,0,140
BRDA:214,22,1,74
BRDA:228,23,0,0
BRDA:228,23,1,66
BRDA:235,24,0,0
BRDA:235,24,1,66
BRDA:250,25,0,5
BRDA:250,25,1,1026
BRDA:252,26,0,560
BRDA:252,26,1,466
BRDA:252,27,0,1026
BRDA:252,27,1,466
BRDA:262,28,0,0
BRDA:262,28,1,466
BRDA:263,29,0,184
BRDA:263,29,1,282
BRDA:271,30,0,4
BRDA:271,30,1,937
BRDA:273,31,0,560
BRDA:273,31,1,377
BRDA:273,32,0,937
BRDA:273,32,1,377
BRDA:280,33,0,96
BRDA:280,33,1,281
BRDA:280,34,0,96
BRDA:280,34,1,0
BRDA:287,35,0,4
BRDA:287,35,1,848
BRDA:289,36,0,560
BRDA:289,36,1,288
BRDA:289,37,0,848
BRDA:289,37,1,288
BRDA:296,38,0,8
BRDA:296,38,1,280
BRDA:296,39,0,8
BRDA:296,39,1,0
BRDA:303,40,0,0
BRDA:303,40,1,64
BRDA:307,41,0,0
BRDA:307,41,1,64
BRDA:315,42,0,280
BRDA:315,42,1,64
BRDA:327,43,0,150
BRDA:327,43,1,1
BRDA:332,44,0,151
BRDA:332,44,1,0
BRDA:333,45,0,151
BRDA:333,45,1,0
BRDA:335,46,0,0
BRDA:335,46,1,151
BRDA:337,47,0,8
BRDA:337,47,1,143
BRDA:337,48,0,151
BRDA:337,48,1,143
BRDA:346,49,0,3
BRDA:346,49,1,140
BRDA:346,50,0,143
BRDA:346,50,1,4
BRDA:350,51,0,1
BRDA:350,51,1,2
BRDA:362,52,0,1
BRDA:362,52,1,139
BRDA:366,53,0,45
BRDA:366,53,1,94
BRDA:368,54,0,0
BRDA:368,54,1,45
BRDA:375,55,0,0
BRDA:375,55,1,139
BRDA:381,56,0,0
BRDA:381,56,1,139
BRDA:383,57,0,0
BRDA:383,57,1,0
BRDA:401,58,0,97
BRDA:401,58,1,0
BRDA:403,59,0,0
BRDA:403,59,1,97
BRDA:405,60,0,8
BRDA:405,60,1,89
BRDA:405,61,0,97
BRDA:405,61,1,89
BRDA:414,62,0,44
BRDA:414,62,1,45
BRDA:414,63,0,44
BRDA:414,63,1,0
BRDA:415,64,0,0
BRDA:415,64,1,45
BRDA:428,65,0,555
BRDA:428,65,1,300
BRDA:434,66,0,0
BRDA:434,66,1,855
BRDA:434,67,0,855
BRDA:434,67,1,0
BRDA:441,68,0,278
BRDA:441,68,1,577
BRDA:453,69,0,835
BRDA:453,69,1,0
BRDA:459,70,0,16
BRDA:459,70,1,819
BRDA:463,71,0,0
BRDA:463,71,1,819
BRDA:463,72,0,819
BRDA:463,72,1,1
BRDA:463,72,2,1
BRDA:463,72,3,0
BRDA:478,73,0,293
BRDA:478,73,1,0
BRDA:480,74,0,0
BRDA:480,74,1,293
BRDA:493,75,0,0
BRDA:493,75,1,293
BRDA:493,76,0,293
BRDA:493,76,1,283
BRDA:500,77,0,20
BRDA:500,77,1,0
BRDA:506,78,0,0
BRDA:506,78,1,20
BRDA:510,79,0,0
BRDA:510,79,1,20
BRDA:510,80,0,20
BRDA:510,80,1,4
BRDA:510,80,2,4
BRDA:510,80,3,4
BRDA:525,81,0,37
BRDA:525,81,1,1
BRDA:531,82,0,835
BRDA:531,82,1,832
BRDA:532,83,0,835
BRDA:532,83,1,7
BRDA:535,84,0,280
BRDA:535,84,1,555
BRDA:537,85,0,555
BRDA:537,85,1,279
BRDA:541,86,0,0
BRDA:541,86,1,835
BRDA:541,87,0,835
BRDA:541,87,1,833
BRDA:551,88,0,0
BRDA:551,88,1,835
BRDA:551,89,0,835
BRDA:551,89,1,832
BRF:184
BRH:137
end_of_record
TN:
SF:sql/index.js
FN:11,(anonymous_0)
FN:28,(anonymous_1)
FN:36,(anonymous_2)
FN:42,(anonymous_3)
FN:50,(anonymous_4)
FN:62,(anonymous_5)
FN:73,(anonymous_6)
FN:82,(anonymous_7)
FN:82,(anonymous_8)
FN:82,(anonymous_9)
FN:85,(anonymous_10)
FN:86,(anonymous_11)
FN:89,(anonymous_12)
FN:90,(anonymous_13)
FN:91,(anonymous_14)
FN:102,(anonymous_15)
FN:117,(anonymous_16)
FN:118,(anonymous_17)
FN:120,(anonymous_18)
FN:124,(anonymous_19)
FN:135,(anonymous_20)
FN:143,(anonymous_21)
FN:144,(anonymous_22)
FN:148,(anonymous_23)
FN:157,(anonymous_24)
FN:159,(anonymous_25)
FN:160,(anonymous_26)
FN:164,(anonymous_27)
FN:171,(anonymous_28)
FN:182,(anonymous_29)
FN:183,(anonymous_30)
FN:187,(anonymous_31)
FN:196,(anonymous_32)
FN:197,(anonymous_33)
FN:201,(anonymous_34)
FN:202,(anonymous_35)
FN:207,(anonymous_36)
FN:214,(anonymous_37)
FN:220,(anonymous_38)
FN:221,(anonymous_39)
FN:225,(anonymous_40)
FN:238,(anonymous_41)
FN:242,(anonymous_42)
FN:251,(anonymous_43)
FN:256,(anonymous_44)
FN:257,(anonymous_45)
FN:261,(anonymous_46)
FN:274,(anonymous_47)
FN:279,(anonymous_48)
FN:280,(anonymous_49)
FN:286,(anonymous_50)
FN:289,(anonymous_51)
FN:293,(anonymous_52)
FN:297,(anonymous_53)
FN:302,(anonymous_54)
FN:303,(anonymous_55)
FN:306,(anonymous_56)
FN:317,(anonymous_57)
FN:318,(anonymous_58)
FN:320,(anonymous_59)
FN:324,(anonymous_60)
FN:329,(anonymous_61)
FN:331,(anonymous_62)
FN:345,(anonymous_63)
FN:358,(anonymous_64)
FN:360,(anonymous_65)
FN:369,(anonymous_66)
FN:376,(anonymous_67)
FN:381,(anonymous_68)
FN:388,(anonymous_69)
FN:393,(anonymous_70)
FN:400,(anonymous_71)
FN:406,(anonymous_72)
FNF:73
FNH:71
FNDA:1672,(anonymous_0)
FNDA:13623,(anonymous_1)
FNDA:1672,(anonymous_2)
FNDA:1108,(anonymous_3)
FNDA:563,(anonymous_4)
FNDA:1671,(anonymous_5)
FNDA:417,(anonymous_6)
FNDA:1,(anonymous_7)
FNDA:1,(anonymous_8)
FNDA:1671,(anonymous_9)
FNDA:709,(anonymous_10)
FNDA:219,(anonymous_11)
FNDA:490,(anonymous_12)
FNDA:73,(anonymous_13)
FNDA:73,(anonymous_14)
FNDA:73,(anonymous_15)
FNDA:1700,(anonymous_16)
FNDA:1671,(anonymous_17)
FNDA:1671,(anonymous_18)
FNDA:1671,(anonymous_19)
FNDA:1671,(anonymous_20)
FNDA:1890,(anonymous_21)
FNDA:1874,(anonymous_22)
FNDA:1874,(anonymous_23)
FNDA:2068,(anonymous_24)
FNDA:2050,(anonymous_25)
FNDA:2050,(anonymous_26)
FNDA:2050,(anonymous_27)
FNDA:914,(anonymous_28)
FNDA:1712,(anonymous_29)
FNDA:1696,(anonymous_30)
FNDA:1696,(anonymous_31)
FNDA:128,(anonymous_32)
FNDA:128,(anonymous_33)
FNDA:128,(anonymous_34)
FNDA:560,(anonymous_35)
FNDA:464,(anonymous_36)
FNDA:0,(anonymous_37)
FNDA:448,(anonymous_38)
FNDA:448,(anonymous_39)
FNDA:448,(anonymous_40)
FNDA:384,(anonymous_41)
FNDA:380,(anonymous_42)
FNDA:204,(anonymous_43)
FNDA:188,(anonymous_44)
FNDA:188,(anonymous_45)
FNDA:188,(anonymous_46)
FNDA:875,(anonymous_47)
FNDA:40,(anonymous_48)
FNDA:28,(anonymous_49)
FNDA:72,(anonymous_50)
FNDA:0,(anonymous_51)
FNDA:64,(anonymous_52)
FNDA:72,(anonymous_53)
FNDA:7923,(anonymous_54)
FNDA:7923,(anonymous_55)
FNDA:2,(anonymous_56)
FNDA:2686,(anonymous_57)
FNDA:2688,(anonymous_58)
FNDA:75,(anonymous_59)
FNDA:75,(anonymous_60)
FNDA:2611,(anonymous_61)
FNDA:2613,(anonymous_62)
FNDA:2704,(anonymous_63)
FNDA:2686,(anonymous_64)
FNDA:2686,(anonymous_65)
FNDA:5948,(anonymous_66)
FNDA:2953,(anonymous_67)
FNDA:201,(anonymous_68)
FNDA:98,(anonymous_69)
FNDA:7971,(anonymous_70)
FNDA:3931,(anonymous_71)
FNDA:1672,(anonymous_72)
DA:3,1105
DA:4,1105
DA:5,1105
DA:6,1105
DA:7,1105
DA:8,1105
DA:12,1672
DA:14,1672
DA:20,1672
DA:28,1672
DA:29,13623
DA:30,91
DA:32,13532
DA:35,1672
DA:38,1672
DA:40,1108
DA:42,1108
DA:43,1108
DA:44,1108
DA:45,1108
DA:46,1108
DA:49,563
DA:50,563
DA:51,563
DA:52,563
DA:53,563
DA:54,563
DA:57,1
DA:58,1
DA:63,1671
DA:64,1671
DA:66,1671
DA:67,1254
DA:70,417
DA:74,417
DA:75,373
DA:77,417
DA:78,417
DA:79,417
DA:82,1671
DA:86,709
DA:90,490
DA:91,73
DA:92,73
DA:93,73
DA:94,73
DA:95,65
DA:96,65
DA:98,73
DA:99,73
DA:104,73
DA:105,73
DA:106,449
DA:107,449
DA:109,73
DA:118,1700
DA:119,1671
DA:121,1671
DA:122,1671
DA:125,1671
DA:127,1108
DA:128,1108
DA:131,563
DA:132,563
DA:136,1671
DA:137,1671
DA:144,1890
DA:145,1874
DA:149,1874
DA:150,1312
DA:152,562
DA:158,2068
DA:159,2068
DA:160,2050
DA:161,2050
DA:165,2050
DA:166,1136
DA:168,914
DA:172,914
DA:173,352
DA:175,562
DA:183,1712
DA:184,1696
DA:188,1696
DA:189,1136
DA:191,560
DA:197,128
DA:198,128
DA:202,560
DA:208,464
DA:210,462
DA:211,462
DA:213,464
DA:214,464
DA:215,464
DA:216,16
DA:218,448
DA:219,448
DA:220,448
DA:221,448
DA:222,448
DA:226,448
DA:230,2
DA:231,2
DA:232,2
DA:233,2
DA:235,446
DA:239,384
DA:243,380
DA:252,204
DA:253,16
DA:255,188
DA:256,188
DA:257,188
DA:258,188
DA:262,188
DA:263,88
DA:265,100
DA:276,875
DA:280,40
DA:281,28
DA:288,72
DA:289,72
DA:290,72
DA:291,8
DA:293,64
DA:294,64
DA:299,72
DA:303,7923
DA:304,7923
DA:305,89
DA:306,2
DA:310,87
DA:313,7834
DA:318,2686
DA:319,2688
DA:320,75
DA:321,75
DA:324,75
DA:329,2613
DA:331,2613
DA:332,2613
DA:342,2686
DA:348,2704
DA:350,1341
DA:351,1341
DA:354,1363
DA:355,1363
DA:358,2704
DA:359,2686
DA:360,2686
DA:370,5948
DA:372,2944
DA:373,2944
DA:376,3004
DA:377,3004
DA:382,201
DA:384,103
DA:385,103
DA:388,98
DA:389,98
DA:394,7971
DA:396,4036
DA:397,4036
DA:400,3935
DA:401,3935
DA:406,1105
DA:407,1672
LF:168
LH:168
BRDA:29,0,0,91
BRDA:29,0,1,13532
BRDA:38,1,0,1108
BRDA:38,1,1,563
BRDA:38,1,2,1
BRDA:66,2,0,1254
BRDA:66,2,1,417
BRDA:74,3,0,373
BRDA:74,3,1,44
BRDA:86,4,0,219
BRDA:86,4,1,219
BRDA:94,5,0,65
BRDA:94,5,1,8
BRDA:104,6,0,73
BRDA:104,6,1,0
BRDA:125,7,0,1108
BRDA:125,7,1,563
BRDA:149,8,0,1312
BRDA:149,8,1,562
BRDA:149,9,0,1874
BRDA:149,9,1,738
BRDA:165,10,0,1136
BRDA:165,10,1,914
BRDA:172,11,0,352
BRDA:172,11,1,562
BRDA:172,12,0,914
BRDA:172,12,1,738
BRDA:188,13,0,1136
BRDA:188,13,1,560
BRDA:188,14,0,1696
BRDA:188,14,1,560
BRDA:208,15,0,462
BRDA:208,15,1,2
BRDA:213,16,0,464
BRDA:213,16,1,0
BRDA:214,17,0,464
BRDA:214,17,1,0
BRDA:215,18,0,16
BRDA:215,18,1,448
BRDA:215,19,0,464
BRDA:215,19,1,452
BRDA:226,20,0,2
BRDA:226,20,1,446
BRDA:226,21,0,448
BRDA:226,21,1,8
BRDA:226,21,2,6
BRDA:226,21,3,4
BRDA:252,22,0,16
BRDA:252,22,1,188
BRDA:252,23,0,204
BRDA:252,23,1,192
BRDA:262,24,0,88
BRDA:262,24,1,100
BRDA:262,25,0,188
BRDA:262,25,1,188
BRDA:276,26,0,875
BRDA:276,26,1,875
BRDA:288,27,0,72
BRDA:288,27,1,72
BRDA:289,28,0,72
BRDA:289,28,1,0
BRDA:290,29,0,8
BRDA:290,29,1,64
BRDA:299,30,0,72
BRDA:299,30,1,72
BRDA:304,31,0,89
BRDA:304,31,1,7834
BRDA:304,32,0,7923
BRDA:304,32,1,155
BRDA:305,33,0,2
BRDA:305,33,1,87
BRDA:319,34,0,75
BRDA:319,34,1,2613
BRDA:324,35,0,75
BRDA:324,35,1,75
BRDA:335,36,0,1301
BRDA:335,36,1,1312
BRDA:348,37,0,1341
BRDA:348,37,1,1363
BRDA:370,38,0,2944
BRDA:370,38,1,3004
BRDA:382,39,0,103
BRDA:382,39,1,98
BRDA:394,40,0,4036
BRDA:394,40,1,3935
BRF:85
BRH:81
end_of_record
