TN:
SF:index.js
FN:6,module.exports
FNF:1
FNH:1
FNDA:1702,module.exports
DA:1,1
DA:2,1
DA:3,1
DA:4,1
DA:5,1
DA:6,1
DA:7,1702
DA:8,1702
DA:9,1702
DA:10,1702
DA:11,1702
DA:12,1702
DA:13,1702
DA:14,1134
DA:15,1134
DA:16,1702
DA:17,1702
DA:18,1702
DA:19,567
DA:20,567
DA:21,1702
DA:22,1702
DA:23,1
DA:24,1702
DA:25,1701
DA:26,1701
DA:27,1701
DA:28,1701
DA:29,1701
DA:30,1701
DA:31,1701
DA:32,1702
DA:33,0
DA:34,0
DA:35,0
DA:36,1701
DA:37,1701
DA:38,1701
DA:39,1701
DA:40,1701
DA:41,1701
DA:42,1701
DA:43,1701
DA:44,1701
DA:45,1701
DA:46,861
DA:47,861
DA:48,861
DA:49,861
DA:50,15
DA:51,15
DA:52,846
DA:53,846
DA:54,846
DA:55,846
DA:56,861
DA:57,861
DA:58,1701
DA:59,840
DA:60,840
DA:61,1701
DA:62,1
LF:62
LH:59
BRDA:1,0,0,1
BRDA:6,1,0,1702
BRDA:11,2,0,7
BRDA:12,3,0,571
BRDA:13,4,0,1134
BRDA:17,5,0,4
BRDA:18,6,0,567
BRDA:22,7,0,1
BRDA:25,8,0,1701
BRDA:32,9,0,0
BRDA:36,10,0,1701
BRDA:37,11,0,1701
BRDA:45,12,0,861
BRDA:59,13,0,840
BRDA:46,14,0,861
BRDA:48,15,0,15
BRDA:49,16,0,15
BRDA:52,17,0,846
BRF:18
BRH:17
end_of_record
TN:
SF:couchdb/index.js
FN:14,PubKeyStoreCouchDB
FN:62,PubKeyStoreCouchDB._db.changesReader.request
FN:140,PubKeyStoreCouchDB.get_pub_key_by_issuer_id
FN:161,PubKeyStoreCouchDB.get_uris
FN:185,PubKeyStoreCouchDB.get_issuer_id
FN:201,PubKeyStoreCouchDB.get_pub_key_by_uri
FN:217,PubKeyStoreCouchDB.add_pub_key
FN:225,cb
FN:291,PubKeyStoreCouchDB.remove_pub_key
FN:293,cb
FN:312,PubKeyStoreCouchDB._stop
FN:324,PubKeyStoreCouchDB._close_nano
FN:334,PubKeyStoreCouchDB.close
FN:336,cb
FN:346,PubKeyStoreCouchDB.create
FN:348,cb
FN:387,PubKeyStoreCouchDB.destroy
FN:389,cb
FN:408,PubKeyStoreCouchDB.deploy
FN:413,PubKeyStoreCouchDB.replicate
FN:420,cb
FN:435,module.exports
FNF:22
FNH:16
FNDA:564,PubKeyStoreCouchDB
FNDA:253,PubKeyStoreCouchDB._db.changesReader.request
FNDA:1034,PubKeyStoreCouchDB.get_pub_key_by_issuer_id
FNDA:64,PubKeyStoreCouchDB.get_uris
FNDA:856,PubKeyStoreCouchDB.get_issuer_id
FNDA:945,PubKeyStoreCouchDB.get_pub_key_by_uri
FNDA:237,PubKeyStoreCouchDB.add_pub_key
FNDA:0,cb
FNDA:97,PubKeyStoreCouchDB.remove_pub_key
FNDA:0,cb
FNDA:579,PubKeyStoreCouchDB._stop
FNDA:579,PubKeyStoreCouchDB._close_nano
FNDA:563,PubKeyStoreCouchDB.close
FNDA:0,cb
FNDA:302,PubKeyStoreCouchDB.create
FNDA:0,cb
FNDA:16,PubKeyStoreCouchDB.destroy
FNDA:0,cb
FNDA:36,PubKeyStoreCouchDB.deploy
FNDA:36,PubKeyStoreCouchDB.replicate
FNDA:0,cb
FNDA:564,module.exports
DA:1,1
DA:2,1
DA:3,1
DA:4,1
DA:5,1
DA:6,1
DA:7,1
DA:8,1
DA:9,1
DA:10,1
DA:11,1
DA:12,1
DA:13,1
DA:14,564
DA:15,564
DA:16,564
DA:17,564
DA:18,564
DA:19,564
DA:20,564
DA:21,564
DA:22,564
DA:23,564
DA:24,564
DA:25,564
DA:26,564
DA:27,564
DA:28,563
DA:29,563
DA:30,564
DA:31,564
DA:32,564
DA:33,564
DA:34,564
DA:35,564
DA:36,564
DA:37,564
DA:38,564
DA:39,564
DA:40,564
DA:41,564
DA:42,564
DA:43,564
DA:44,564
DA:45,564
DA:46,564
DA:47,564
DA:48,564
DA:49,424
DA:50,424
DA:51,424
DA:52,424
DA:53,15
DA:54,15
DA:55,409
DA:56,409
DA:57,424
DA:58,424
DA:59,140
DA:60,140
DA:61,140
DA:62,140
DA:63,253
DA:64,253
DA:65,253
DA:66,253
DA:67,140
DA:68,140
DA:69,140
DA:70,140
DA:71,140
DA:72,140
DA:73,140
DA:74,140
DA:75,224
DA:76,224
DA:77,224
DA:78,0
DA:79,0
DA:80,224
DA:81,224
DA:82,224
DA:83,0
DA:84,0
DA:85,224
DA:86,224
DA:87,224
DA:88,224
DA:89,224
DA:90,224
DA:91,224
DA:92,224
DA:93,224
DA:94,224
DA:95,224
DA:96,224
DA:97,224
DA:98,224
DA:99,224
DA:100,140
DA:101,140
DA:102,140
DA:103,6
DA:104,6
DA:105,6
DA:106,6
DA:107,6
DA:108,0
DA:109,0
DA:110,0
DA:111,0
DA:112,6
DA:113,6
DA:114,0
DA:115,0
DA:116,0
DA:117,0
DA:118,0
DA:119,0
DA:120,0
DA:121,0
DA:122,0
DA:123,0
DA:124,0
DA:125,0
DA:126,140
DA:127,140
DA:128,140
DA:129,140
DA:130,140
DA:131,140
DA:132,140
DA:133,140
DA:134,140
DA:135,140
DA:136,564
DA:137,1
DA:138,1
DA:139,1
DA:140,1
DA:141,1034
DA:142,1034
DA:143,1025
DA:144,1034
DA:145,1034
DA:146,560
DA:147,560
DA:148,465
DA:149,465
DA:150,465
DA:151,465
DA:152,465
DA:153,465
DA:154,465
DA:155,465
DA:156,281
DA:157,281
DA:158,465
DA:159,1
DA:160,1
DA:161,1
DA:162,64
DA:163,64
DA:164,64
DA:165,64
DA:166,64
DA:167,64
DA:168,56
DA:169,56
DA:170,56
DA:171,56
DA:172,64
DA:173,392
DA:174,392
DA:175,392
DA:176,392
DA:177,280
DA:178,280
DA:179,392
DA:180,56
DA:181,56
DA:182,64
DA:183,1
DA:184,1
DA:185,1
DA:186,856
DA:187,856
DA:188,848
DA:189,856
DA:190,856
DA:191,560
DA:192,560
DA:193,288
DA:194,288
DA:195,288
DA:196,288
DA:197,280
DA:198,288
DA:199,1
DA:200,1
DA:201,1
DA:202,945
DA:203,945
DA:204,937
DA:205,945
DA:206,945
DA:207,560
DA:208,560
DA:209,377
DA:210,377
DA:211,377
DA:212,377
DA:213,281
DA:214,377
DA:215,1
DA:216,1
DA:217,1
DA:218,237
DA:219,237
DA:220,237
DA:221,236
DA:222,236
DA:223,236
DA:224,237
DA:225,237
DA:226,237
DA:227,237
DA:228,237
DA:229,237
DA:230,237
DA:231,8
DA:232,8
DA:233,229
DA:234,229
DA:235,229
DA:236,229
DA:237,229
DA:238,237
DA:239,237
DA:240,3
DA:241,3
DA:242,3
DA:243,2
DA:244,3
DA:245,237
DA:246,226
DA:247,226
DA:248,226
DA:249,226
DA:250,226
DA:251,226
DA:252,226
DA:253,226
DA:254,226
DA:255,226
DA:256,226
DA:257,226
DA:258,226
DA:259,226
DA:260,45
DA:261,45
DA:262,181
DA:263,181
DA:264,181
DA:265,181
DA:266,226
DA:267,226
DA:268,226
DA:269,226
DA:270,226
DA:271,226
DA:272,226
DA:273,226
DA:274,226
DA:275,44
DA:276,44
DA:277,44
DA:278,44
DA:279,44
DA:280,44
DA:281,44
DA:282,0
DA:283,0
DA:284,0
DA:285,182
DA:286,182
DA:287,226
DA:288,226
DA:289,1
DA:290,1
DA:291,1
DA:292,97
DA:293,97
DA:294,97
DA:295,97
DA:296,97
DA:297,97
DA:298,97
DA:299,8
DA:300,8
DA:301,89
DA:302,89
DA:303,89
DA:304,89
DA:305,89
DA:306,89
DA:307,89
DA:308,45
DA:309,89
DA:310,1
DA:311,1
DA:312,1
DA:313,579
DA:314,579
DA:315,579
DA:316,134
DA:317,134
DA:318,134
DA:319,134
DA:320,445
DA:321,445
DA:322,1
DA:323,1
DA:324,1
DA:325,579
DA:326,579
DA:327,567
DA:328,567
DA:329,567
DA:330,567
DA:331,567
DA:332,1
DA:333,1
DA:334,1
DA:335,563
DA:336,563
DA:337,563
DA:338,563
DA:339,563
DA:340,563
DA:341,563
DA:342,563
DA:343,563
DA:344,1
DA:345,1
DA:346,1
DA:347,302
DA:348,302
DA:349,302
DA:350,302
DA:351,302
DA:352,302
DA:353,302
DA:354,302
DA:355,302
DA:356,302
DA:357,302
DA:358,301
DA:359,301
DA:360,301
DA:361,301
DA:362,301
DA:363,301
DA:364,301
DA:365,301
DA:366,301
DA:367,301
DA:368,301
DA:369,301
DA:370,301
DA:371,301
DA:372,301
DA:373,301
DA:374,301
DA:375,301
DA:376,301
DA:377,301
DA:378,301
DA:379,301
DA:380,301
DA:381,301
DA:382,301
DA:383,301
DA:384,302
DA:385,1
DA:386,1
DA:387,1
DA:388,16
DA:389,16
DA:390,16
DA:391,16
DA:392,16
DA:393,16
DA:394,16
DA:395,16
DA:396,16
DA:397,16
DA:398,16
DA:399,16
DA:400,16
DA:401,0
DA:402,0
DA:403,16
DA:404,16
DA:405,16
DA:406,1
DA:407,1
DA:408,1
DA:409,36
DA:410,36
DA:411,1
DA:412,1
DA:413,1
DA:414,36
DA:415,36
DA:416,36
DA:417,36
DA:418,36
DA:419,36
DA:420,36
DA:421,36
DA:422,36
DA:423,36
DA:424,4
DA:425,4
DA:426,32
DA:427,32
DA:428,32
DA:429,32
DA:430,32
DA:431,32
DA:432,32
DA:433,1
DA:434,1
DA:435,1
DA:436,564
DA:437,564
DA:438,1
LF:438
LH:413
BRDA:1,0,0,1
BRDA:14,1,0,564
BRDA:27,2,0,563
BRDA:30,3,0,1
BRDA:44,4,0,560
BRDA:48,5,0,424
BRDA:59,6,0,140
BRDA:49,7,0,424
BRDA:51,8,0,15
BRDA:52,9,0,15
BRDA:55,10,0,409
BRDA:62,11,0,253
BRDA:65,12,0,253
BRDA:74,13,0,224
BRDA:77,14,0,0
BRDA:82,15,0,0
BRDA:102,16,0,6
BRDA:108,17,0,0
BRDA:113,18,0,0
BRDA:128,19,0,140
BRDA:140,20,0,1034
BRDA:142,21,0,9
BRDA:143,22,0,1025
BRDA:144,23,0,745
BRDA:145,24,0,560
BRDA:148,25,0,465
BRDA:152,26,0,465
BRDA:154,27,0,0
BRDA:155,28,0,184
BRDA:156,29,0,281
BRDA:161,30,0,64
BRDA:163,31,0,0
BRDA:165,32,0,64
BRDA:167,33,0,8
BRDA:168,34,0,56
BRDA:172,35,0,392
BRDA:176,36,0,280
BRDA:180,37,0,56
BRDA:185,38,0,856
BRDA:187,39,0,8
BRDA:188,40,0,848
BRDA:189,41,0,568
BRDA:190,42,0,560
BRDA:193,43,0,288
BRDA:194,44,0,288
BRDA:196,45,0,8
BRDA:196,46,0,0
BRDA:197,47,0,280
BRDA:201,48,0,945
BRDA:203,49,0,8
BRDA:204,50,0,937
BRDA:206,51,0,560
BRDA:209,52,0,377
BRDA:210,53,0,377
BRDA:212,54,0,96
BRDA:212,55,0,0
BRDA:213,56,0,281
BRDA:217,57,0,237
BRDA:220,58,0,236
BRDA:224,59,0,0
BRDA:225,60,0,0
BRDA:227,61,0,0
BRDA:229,62,0,233
BRDA:230,63,0,8
BRDA:233,64,0,229
BRDA:238,65,0,4
BRDA:239,66,0,3
BRDA:245,67,0,226
BRDA:240,68,0,3
BRDA:242,69,0,1
BRDA:243,70,0,2
BRDA:252,71,0,226
BRDA:254,72,0,0
BRDA:259,73,0,45
BRDA:260,74,0,0
BRDA:262,75,0,181
BRDA:267,76,0,0
BRDA:269,77,0,226
BRDA:274,78,0,44
BRDA:282,79,0,0
BRDA:285,80,0,182
BRDA:277,81,0,44
BRDA:291,82,0,97
BRDA:293,83,0,0
BRDA:295,84,0,0
BRDA:297,85,0,93
BRDA:298,86,0,8
BRDA:301,87,0,89
BRDA:304,88,0,89
BRDA:306,89,0,44
BRDA:306,90,0,0
BRDA:307,91,0,45
BRDA:307,92,0,0
BRDA:308,93,0,45
BRDA:312,94,0,579
BRDA:314,95,0,140
BRDA:315,96,0,134
BRDA:320,97,0,445
BRDA:324,98,0,579
BRDA:326,99,0,12
BRDA:327,100,0,567
BRDA:334,101,0,563
BRDA:336,102,0,0
BRDA:340,103,0,563
BRDA:346,104,0,302
BRDA:348,105,0,0
BRDA:350,106,0,0
BRDA:354,107,0,302
BRDA:356,108,0,294
BRDA:356,109,0,1
BRDA:357,110,0,301
BRDA:357,111,0,0
BRDA:358,112,0,301
BRDA:364,113,0,301
BRDA:366,114,0,293
BRDA:366,115,0,0
BRDA:367,116,0,0
BRDA:376,117,0,301
BRDA:378,118,0,293
BRDA:378,119,0,0
BRDA:379,120,0,0
BRDA:387,121,0,16
BRDA:389,122,0,0
BRDA:393,123,0,16
BRDA:395,124,0,0
BRDA:397,125,0,16
BRDA:399,126,0,4
BRDA:400,127,0,0
BRDA:408,128,0,36
BRDA:413,129,0,36
BRDA:420,130,0,0
BRDA:423,131,0,4
BRDA:426,132,0,32
BRDA:427,133,0,32
BRDA:435,134,0,564
BRF:135
BRH:104
end_of_record
TN:
SF:in-mem/index.js
FN:7,KeyState
FN:15,PubKeyStoreMemory
FN:24,PubKeyStoreMemory._change_listener
FN:29,PubKeyStoreMemory._deploy_listener
FN:40,close
FN:41,cb
FN:53,get_pub_key_by_uri
FN:54,cb
FN:65,get_pub_key_by_issuer_id
FN:66,cb
FN:77,get_issuer_id
FN:78,cb
FN:89,get_uris
FN:90,cb
FN:97,add_pub_key
FN:103,cb
FN:135,remove_pub_key
FN:136,cb
FN:152,create
FN:153,cb
FN:160,destroy
FN:161,cb
FN:170,replicate
FN:172,cb
FN:180,deploy
FN:186,module.exports
FNF:26
FNH:17
FNDA:7,KeyState
FNDA:563,PubKeyStoreMemory
FNDA:224,PubKeyStoreMemory._change_listener
FNDA:136,PubKeyStoreMemory._deploy_listener
FNDA:579,close
FNDA:0,cb
FNDA:945,get_pub_key_by_uri
FNDA:0,cb
FNDA:1034,get_pub_key_by_issuer_id
FNDA:0,cb
FNDA:856,get_issuer_id
FNDA:0,cb
FNDA:64,get_uris
FNDA:0,cb
FNDA:193,add_pub_key
FNDA:0,cb
FNDA:97,remove_pub_key
FNDA:0,cb
FNDA:301,create
FNDA:0,cb
FNDA:16,destroy
FNDA:0,cb
FNDA:104,replicate
FNDA:104,cb
FNDA:36,deploy
FNDA:563,module.exports
DA:1,1
DA:2,1
DA:3,1
DA:4,1
DA:5,1
DA:6,1
DA:7,1
DA:8,7
DA:9,7
DA:10,7
DA:11,7
DA:12,1
DA:13,1
DA:14,1
DA:15,1
DA:16,563
DA:17,563
DA:18,556
DA:19,563
DA:20,7
DA:21,7
DA:22,563
DA:23,563
DA:24,140
DA:25,224
DA:26,140
DA:27,140
DA:28,140
DA:29,563
DA:30,136
DA:31,104
DA:32,104
DA:33,563
DA:34,563
DA:35,563
DA:36,563
DA:37,563
DA:38,563
DA:39,1
DA:40,1
DA:41,579
DA:42,579
DA:43,16
DA:44,16
DA:45,579
DA:46,140
DA:47,140
DA:48,563
DA:49,563
DA:50,563
DA:51,579
DA:52,1
DA:53,1
DA:54,945
DA:55,945
DA:56,8
DA:57,8
DA:58,937
DA:59,945
DA:60,656
DA:61,656
DA:62,281
DA:63,945
DA:64,1
DA:65,1
DA:66,1034
DA:67,1034
DA:68,9
DA:69,9
DA:70,1025
DA:71,1034
DA:72,744
DA:73,744
DA:74,281
DA:75,1034
DA:76,1
DA:77,1
DA:78,856
DA:79,856
DA:80,8
DA:81,8
DA:82,848
DA:83,856
DA:84,568
DA:85,568
DA:86,280
DA:87,856
DA:88,1
DA:89,1
DA:90,64
DA:91,64
DA:92,0
DA:93,0
DA:94,64
DA:95,64
DA:96,1
DA:97,1
DA:98,193
DA:99,192
DA:100,192
DA:101,192
DA:102,193
DA:103,193
DA:104,193
DA:105,0
DA:106,0
DA:107,193
DA:108,8
DA:109,8
DA:110,185
DA:111,185
DA:112,185
DA:113,193
DA:114,138
DA:115,1
DA:116,1
DA:117,1
DA:118,1
DA:119,1
DA:120,137
DA:121,137
DA:122,137
DA:123,137
DA:124,137
DA:125,137
DA:126,137
DA:127,137
DA:128,47
DA:129,47
DA:130,47
DA:131,47
DA:132,47
DA:133,1
DA:134,1
DA:135,1
DA:136,97
DA:137,97
DA:138,0
DA:139,0
DA:140,97
DA:141,8
DA:142,8
DA:143,89
DA:144,97
DA:145,45
DA:146,45
DA:147,45
DA:148,45
DA:149,89
DA:150,97
DA:151,1
DA:152,1
DA:153,301
DA:154,301
DA:155,0
DA:156,0
DA:157,301
DA:158,301
DA:159,1
DA:160,1
DA:161,16
DA:162,16
DA:163,4
DA:164,4
DA:165,12
DA:166,12
DA:167,12
DA:168,16
DA:169,1
DA:170,1
DA:171,104
DA:172,104
DA:173,104
DA:174,0
DA:175,0
DA:176,104
DA:177,104
DA:178,104
DA:179,1
DA:180,1
DA:181,36
DA:182,36
DA:183,36
DA:184,1
DA:185,1
DA:186,1
DA:187,563
DA:188,1
LF:188
LH:178
BRDA:1,0,0,1
BRDA:7,1,0,7
BRDA:15,2,0,563
BRDA:17,3,0,556
BRDA:19,4,0,7
BRDA:23,5,0,140
BRDA:24,6,0,224
BRDA:29,7,0,136
BRDA:30,8,0,104
BRDA:40,9,0,579
BRDA:41,10,0,0
BRDA:42,11,0,16
BRDA:45,12,0,563
BRDA:45,13,0,140
BRDA:48,14,0,563
BRDA:53,15,0,945
BRDA:54,16,0,0
BRDA:55,17,0,8
BRDA:58,18,0,937
BRDA:59,19,0,656
BRDA:62,20,0,281
BRDA:65,21,0,1034
BRDA:66,22,0,0
BRDA:67,23,0,9
BRDA:70,24,0,1025
BRDA:71,25,0,744
BRDA:74,26,0,281
BRDA:77,27,0,856
BRDA:78,28,0,0
BRDA:79,29,0,8
BRDA:82,30,0,848
BRDA:83,31,0,568
BRDA:86,32,0,280
BRDA:89,33,0,64
BRDA:90,34,0,0
BRDA:91,35,0,0
BRDA:97,36,0,193
BRDA:98,37,0,192
BRDA:102,38,0,0
BRDA:103,39,0,0
BRDA:104,40,0,0
BRDA:107,41,0,189
BRDA:107,42,0,8
BRDA:110,43,0,185
BRDA:113,44,0,138
BRDA:114,45,0,2
BRDA:114,46,0,1
BRDA:120,47,0,137
BRDA:128,48,0,47
BRDA:135,49,0,97
BRDA:136,50,0,0
BRDA:137,51,0,0
BRDA:140,52,0,93
BRDA:140,53,0,8
BRDA:143,54,0,89
BRDA:144,55,0,45
BRDA:149,56,0,89
BRDA:152,57,0,301
BRDA:153,58,0,0
BRDA:154,59,0,0
BRDA:160,60,0,16
BRDA:161,61,0,0
BRDA:162,62,0,4
BRDA:165,63,0,12
BRDA:170,64,0,104
BRDA:171,65,0,0
BRDA:173,66,0,0
BRDA:172,67,0,104
BRDA:176,68,0,4
BRDA:180,69,0,36
BRDA:186,70,0,563
BRF:71
BRH:55
end_of_record
TN:
SF:pouchdb/index.js
FN:15,PubKeyStorePouchDB
FN:31,do_changes
FN:98,after_replicate
FN:120,ths._sig_handler
FN:146,PubKeyStorePouchDB.replicate
FN:158,cb
FN:178,PubKeyStorePouchDB._replicate
FN:183,done
FN:208,done2
FN:226,PubKeyStorePouchDB._replicate_try_again
FN:248,PubKeyStorePouchDB.get_pub_key_by_issuer_id
FN:269,PubKeyStorePouchDB.get_pub_key_by_uri
FN:285,PubKeyStorePouchDB.get_issuer_id
FN:301,PubKeyStorePouchDB.get_uris
FN:325,PubKeyStorePouchDB.add_pub_key
FN:333,cb
FN:399,PubKeyStorePouchDB.remove_pub_key
FN:401,cb
FN:420,PubKeyStorePouchDB._stop
FN:452,PubKeyStorePouchDB.close
FN:454,cb
FN:477,PubKeyStorePouchDB.create
FN:479,cb
FN:499,PubKeyStorePouchDB.destroy
FN:524,PubKeyStorePouchDB.deploy
FN:526,cb
FN:530,module.exports
FNF:27
FNH:18
FNDA:7,PubKeyStorePouchDB
FNDA:7,do_changes
FNDA:3,after_replicate
FNDA:0,ths._sig_handler
FNDA:4,PubKeyStorePouchDB.replicate
FNDA:1,cb
FNDA:4,PubKeyStorePouchDB._replicate
FNDA:4,done
FNDA:4,done2
FNDA:0,PubKeyStorePouchDB._replicate_try_again
FNDA:3,PubKeyStorePouchDB.get_pub_key_by_issuer_id
FNDA:1,PubKeyStorePouchDB.get_pub_key_by_uri
FNDA:0,PubKeyStorePouchDB.get_issuer_id
FNDA:0,PubKeyStorePouchDB.get_uris
FNDA:7,PubKeyStorePouchDB.add_pub_key
FNDA:0,cb
FNDA:1,PubKeyStorePouchDB.remove_pub_key
FNDA:0,cb
FNDA:7,PubKeyStorePouchDB._stop
FNDA:7,PubKeyStorePouchDB.close
FNDA:0,cb
FNDA:9,PubKeyStorePouchDB.create
FNDA:0,cb
FNDA:0,PubKeyStorePouchDB.destroy
FNDA:1,PubKeyStorePouchDB.deploy
FNDA:1,cb
FNDA:7,module.exports
DA:1,1
DA:2,1
DA:3,1
DA:4,1
DA:5,1
DA:6,1
DA:7,1
DA:8,1
DA:9,1
DA:10,1
DA:11,1
DA:12,1
DA:13,1
DA:14,1
DA:15,7
DA:16,7
DA:17,7
DA:18,7
DA:19,7
DA:20,7
DA:21,7
DA:22,7
DA:23,7
DA:24,7
DA:25,7
DA:26,7
DA:27,7
DA:28,7
DA:29,7
DA:30,7
DA:31,7
DA:32,7
DA:33,7
DA:34,2
DA:35,2
DA:36,2
DA:37,2
DA:38,2
DA:39,2
DA:40,2
DA:41,2
DA:42,2
DA:43,2
DA:44,2
DA:45,2
DA:46,1
DA:47,1
DA:48,1
DA:49,0
DA:50,0
DA:51,1
DA:52,1
DA:53,1
DA:54,0
DA:55,0
DA:56,1
DA:57,1
DA:58,1
DA:59,1
DA:60,1
DA:61,1
DA:62,1
DA:63,1
DA:64,1
DA:65,1
DA:66,1
DA:67,1
DA:68,1
DA:69,1
DA:70,1
DA:71,2
DA:72,2
DA:73,2
DA:74,0
DA:75,0
DA:76,0
DA:77,0
DA:78,0
DA:79,0
DA:80,0
DA:81,0
DA:82,0
DA:83,0
DA:84,0
DA:85,0
DA:86,0
DA:87,0
DA:88,2
DA:89,2
DA:90,2
DA:91,2
DA:92,2
DA:93,2
DA:94,2
DA:95,2
DA:96,7
DA:97,7
DA:98,7
DA:99,3
DA:100,3
DA:101,3
DA:102,3
DA:103,3
DA:104,3
DA:105,3
DA:106,3
DA:107,3
DA:108,3
DA:109,3
DA:110,3
DA:111,0
DA:112,0
DA:113,0
DA:114,3
DA:115,3
DA:116,3
DA:117,3
DA:118,3
DA:119,0
DA:120,0
DA:121,0
DA:122,0
DA:123,0
DA:124,0
DA:125,0
DA:126,3
DA:127,3
DA:128,3
DA:129,3
DA:130,7
DA:131,7
DA:132,7
DA:133,4
DA:134,4
DA:135,3
DA:136,3
DA:137,7
DA:138,0
DA:139,0
DA:140,3
DA:141,3
DA:142,7
DA:143,1
DA:144,1
DA:145,1
DA:146,1
DA:147,4
DA:148,4
DA:149,4
DA:150,4
DA:151,4
DA:152,3
DA:153,3
DA:154,3
DA:155,1
DA:156,1
DA:157,1
DA:158,1
DA:159,1
DA:160,1
DA:161,1
DA:162,0
DA:163,0
DA:164,1
DA:165,1
DA:166,4
DA:167,4
DA:168,4
DA:169,0
DA:170,0
DA:171,4
DA:172,4
DA:173,4
DA:174,4
DA:175,4
DA:176,1
DA:177,1
DA:178,1
DA:179,4
DA:180,4
DA:181,4
DA:182,4
DA:183,4
DA:184,4
DA:185,4
DA:186,4
DA:187,0
DA:188,0
DA:189,4
DA:190,4
DA:191,4
DA:192,0
DA:193,0
DA:194,4
DA:195,4
DA:196,0
DA:197,0
DA:198,0
DA:199,0
DA:200,0
DA:201,0
DA:202,0
DA:203,4
DA:204,4
DA:205,4
DA:206,4
DA:207,4
DA:208,4
DA:209,4
DA:210,4
DA:211,4
DA:212,2
DA:213,2
DA:214,2
DA:215,2
DA:216,2
DA:217,2
DA:218,2
DA:219,4
DA:220,4
DA:221,4
DA:222,4
DA:223,4
DA:224,1
DA:225,1
DA:226,1
DA:227,0
DA:228,0
DA:229,0
DA:230,0
DA:231,0
DA:232,0
DA:233,0
DA:234,0
DA:235,0
DA:236,0
DA:237,0
DA:238,0
DA:239,0
DA:240,0
DA:241,0
DA:242,0
DA:243,0
DA:244,0
DA:245,0
DA:246,1
DA:247,1
DA:248,1
DA:249,3
DA:250,3
DA:251,2
DA:252,3
DA:253,3
DA:254,0
DA:255,0
DA:256,2
DA:257,2
DA:258,2
DA:259,2
DA:260,2
DA:261,2
DA:262,2
DA:263,2
DA:264,2
DA:265,2
DA:266,2
DA:267,1
DA:268,1
DA:269,1
DA:270,1
DA:271,1
DA:272,1
DA:273,1
DA:274,1
DA:275,0
DA:276,0
DA:277,1
DA:278,1
DA:279,1
DA:280,1
DA:281,1
DA:282,1
DA:283,1
DA:284,1
DA:285,1
DA:286,0
DA:287,0
DA:288,0
DA:289,0
DA:290,0
DA:291,0
DA:292,0
DA:293,0
DA:294,0
DA:295,0
DA:296,0
DA:297,0
DA:298,0
DA:299,1
DA:300,1
DA:301,1
DA:302,0
DA:303,0
DA:304,0
DA:305,0
DA:306,0
DA:307,0
DA:308,0
DA:309,0
DA:310,0
DA:311,0
DA:312,0
DA:313,0
DA:314,0
DA:315,0
DA:316,0
DA:317,0
DA:318,0
DA:319,0
DA:320,0
DA:321,0
DA:322,0
DA:323,1
DA:324,1
DA:325,1
DA:326,7
DA:327,7
DA:328,7
DA:329,6
DA:330,6
DA:331,6
DA:332,7
DA:333,7
DA:334,7
DA:335,7
DA:336,7
DA:337,7
DA:338,7
DA:339,0
DA:340,0
DA:341,7
DA:342,7
DA:343,7
DA:344,7
DA:345,7
DA:346,7
DA:347,7
DA:348,3
DA:349,3
DA:350,3
DA:351,2
DA:352,3
DA:353,3
DA:354,4
DA:355,4
DA:356,4
DA:357,4
DA:358,4
DA:359,4
DA:360,4
DA:361,4
DA:362,4
DA:363,3
DA:364,3
DA:365,3
DA:366,3
DA:367,4
DA:368,1
DA:369,1
DA:370,2
DA:371,2
DA:372,2
DA:373,2
DA:374,3
DA:375,4
DA:376,3
DA:377,3
DA:378,3
DA:379,3
DA:380,3
DA:381,3
DA:382,3
DA:383,0
DA:384,0
DA:385,0
DA:386,0
DA:387,0
DA:388,0
DA:389,0
DA:390,0
DA:391,0
DA:392,0
DA:393,3
DA:394,3
DA:395,3
DA:396,4
DA:397,1
DA:398,1
DA:399,1
DA:400,1
DA:401,1
DA:402,1
DA:403,1
DA:404,1
DA:405,1
DA:406,1
DA:407,0
DA:408,0
DA:409,1
DA:410,1
DA:411,1
DA:412,1
DA:413,1
DA:414,1
DA:415,1
DA:416,1
DA:417,1
DA:418,1
DA:419,1
DA:420,1
DA:421,7
DA:422,7
DA:423,7
DA:424,7
DA:425,7
DA:426,7
DA:427,7
DA:428,7
DA:429,7
DA:430,3
DA:431,3
DA:432,3
DA:433,7
DA:434,7
DA:435,7
DA:436,0
DA:437,0
DA:438,0
DA:439,0
DA:440,7
DA:441,7
DA:442,7
DA:443,2
DA:444,2
DA:445,2
DA:446,2
DA:447,7
DA:448,7
DA:449,7
DA:450,1
DA:451,1
DA:452,1
DA:453,7
DA:454,7
DA:455,7
DA:456,7
DA:457,7
DA:458,7
DA:459,7
DA:460,7
DA:461,7
DA:462,7
DA:463,7
DA:464,7
DA:465,7
DA:466,7
DA:467,7
DA:468,7
DA:469,0
DA:470,0
DA:471,7
DA:472,7
DA:473,7
DA:474,7
DA:475,1
DA:476,1
DA:477,1
DA:478,9
DA:479,9
DA:480,9
DA:481,9
DA:482,9
DA:483,9
DA:484,9
DA:485,9
DA:486,9
DA:487,9
DA:488,9
DA:489,9
DA:490,9
DA:491,9
DA:492,9
DA:493,9
DA:494,9
DA:495,9
DA:496,9
DA:497,1
DA:498,1
DA:499,1
DA:500,0
DA:501,0
DA:502,0
DA:503,0
DA:504,0
DA:505,0
DA:506,0
DA:507,0
DA:508,0
DA:509,0
DA:510,0
DA:511,0
DA:512,0
DA:513,0
DA:514,0
DA:515,0
DA:516,0
DA:517,0
DA:518,0
DA:519,0
DA:520,0
DA:521,0
DA:522,1
DA:523,1
DA:524,1
DA:525,1
DA:526,1
DA:527,1
DA:528,1
DA:529,1
DA:530,1
DA:531,7
DA:532,7
DA:533,7
DA:534,7
DA:535,7
DA:536,7
DA:537,7
DA:538,7
DA:539,7
DA:540,7
DA:541,7
DA:542,7
DA:543,7
DA:544,7
DA:545,7
DA:546,7
DA:547,7
DA:548,7
DA:549,7
DA:550,7
DA:551,7
DA:552,7
DA:553,7
DA:554,7
DA:555,7
DA:556,7
DA:557,7
DA:558,7
DA:559,7
DA:560,7
DA:561,1
LF:561
LH:417
BRDA:1,0,0,1
BRDA:15,1,0,7
BRDA:132,2,0,4
BRDA:135,3,0,3
BRDA:137,4,0,0
BRDA:140,5,0,3
BRDA:25,6,0,11
BRDA:31,7,0,7
BRDA:33,8,0,5
BRDA:34,9,0,2
BRDA:35,10,0,2
BRDA:37,11,0,0
BRDA:45,12,0,1
BRDA:48,13,0,0
BRDA:53,14,0,0
BRDA:98,15,0,3
BRDA:100,16,0,3
BRDA:102,17,0,0
BRDA:110,18,0,0
BRDA:118,19,0,0
BRDA:108,20,0,1
BRDA:146,21,0,4
BRDA:151,22,0,3
BRDA:155,23,0,1
BRDA:168,24,0,0
BRDA:158,25,0,1
BRDA:160,26,0,0
BRDA:161,27,0,0
BRDA:172,28,0,4
BRDA:178,29,0,4
BRDA:183,30,0,4
BRDA:186,31,0,0
BRDA:191,32,0,0
BRDA:208,33,0,4
BRDA:211,34,0,2
BRDA:212,35,0,2
BRDA:223,36,0,4
BRDA:248,37,0,3
BRDA:250,38,0,1
BRDA:251,39,0,2
BRDA:253,40,0,0
BRDA:256,41,0,2
BRDA:260,42,0,2
BRDA:262,43,0,0
BRDA:263,44,0,0
BRDA:269,45,0,1
BRDA:271,46,0,0
BRDA:274,47,0,0
BRDA:278,48,0,1
BRDA:280,49,0,0
BRDA:325,50,0,7
BRDA:328,51,0,6
BRDA:332,52,0,0
BRDA:333,53,0,0
BRDA:335,54,0,0
BRDA:338,55,0,0
BRDA:346,56,0,4
BRDA:347,57,0,3
BRDA:354,58,0,4
BRDA:348,59,0,3
BRDA:350,60,0,1
BRDA:351,61,0,2
BRDA:360,62,0,4
BRDA:362,63,0,1
BRDA:363,64,0,3
BRDA:367,65,0,1
BRDA:368,66,0,0
BRDA:370,67,0,2
BRDA:374,68,0,3
BRDA:375,69,0,0
BRDA:376,70,0,3
BRDA:377,71,0,3
BRDA:382,72,0,0
BRDA:399,73,0,1
BRDA:401,74,0,0
BRDA:403,75,0,0
BRDA:406,76,0,0
BRDA:412,77,0,1
BRDA:414,78,0,0
BRDA:415,79,0,0
BRDA:420,80,0,7
BRDA:426,81,0,7
BRDA:429,82,0,3
BRDA:434,83,0,0
BRDA:435,84,0,0
BRDA:442,85,0,2
BRDA:452,86,0,7
BRDA:454,87,0,0
BRDA:458,88,0,7
BRDA:460,89,0,0
BRDA:462,90,0,7
BRDA:464,91,0,1
BRDA:465,92,0,1
BRDA:466,93,0,0
BRDA:468,94,0,0
BRDA:477,95,0,9
BRDA:479,96,0,0
BRDA:481,97,0,0
BRDA:492,98,0,9
BRDA:494,99,0,7
BRDA:494,100,0,0
BRDA:524,101,0,1
BRDA:526,102,0,1
BRDA:530,103,0,7
BRDA:532,104,0,4
BRDA:536,105,0,4
BRDA:537,106,0,3
BRDA:540,107,0,7
BRDA:542,108,0,5
BRDA:542,109,0,0
BRDA:550,110,0,7
BRDA:552,111,0,5
BRDA:552,112,0,0
BRF:113
BRH:72
end_of_record
TN:
SF:sql/index.js
FN:11,PubKeyStoreSQL
FN:36,PubKeyStoreSQL.waterfall._open
FN:85,_ifopen
FN:89,_check
FN:117,close
FN:124,waterfall._open
FN:143,get_pub_key_by_uri
FN:157,get_pub_key_by_issuer_id
FN:182,get_issuer_id
FN:196,get_uris
FN:207,add_pub_key
FN:214,cb
FN:251,remove_pub_key
FN:274,create
FN:279,destroy
FN:286,replicate
FN:289,cb
FN:297,deploy
FN:302,_busy
FN:317,_end_transaction
FN:318,f
FN:329,cb2
FN:345,_in_transaction
FN:369,_run
FN:381,_all
FN:393,_get
FN:406,module.exports
FNF:27
FNH:25
FNDA:568,PubKeyStoreSQL
FNDA:568,PubKeyStoreSQL.waterfall._open
FNDA:313,_ifopen
FNDA:184,_check
FNDA:580,close
FNDA:567,waterfall._open
FNDA:946,get_pub_key_by_uri
FNDA:1036,get_pub_key_by_issuer_id
FNDA:856,get_issuer_id
FNDA:64,get_uris
FNDA:292,add_pub_key
FNDA:0,cb
FNDA:107,remove_pub_key
FNDA:307,create
FNDA:16,destroy
FNDA:36,replicate
FNDA:0,cb
FNDA:36,deploy
FNDA:3417,_busy
FNDA:1409,_end_transaction
FNDA:1411,f
FNDA:1345,cb2
FNDA:1419,_in_transaction
FNDA:3169,_run
FNDA:107,_all
FNDA:4064,_get
FNDA:568,module.exports
DA:1,1
DA:2,1
DA:3,1
DA:4,1
DA:5,1
DA:6,1
DA:7,1
DA:8,1
DA:9,1
DA:10,1
DA:11,1
DA:12,568
DA:13,568
DA:14,568
DA:15,568
DA:16,568
DA:17,568
DA:18,568
DA:19,568
DA:20,568
DA:21,568
DA:22,568
DA:23,568
DA:24,568
DA:25,568
DA:26,568
DA:27,568
DA:28,568
DA:29,6746
DA:30,43
DA:31,43
DA:32,6703
DA:33,568
DA:34,568
DA:35,568
DA:36,568
DA:37,568
DA:38,568
DA:39,568
DA:40,4
DA:41,4
DA:42,4
DA:43,4
DA:44,4
DA:45,4
DA:46,4
DA:47,568
DA:48,568
DA:49,563
DA:50,563
DA:51,563
DA:52,563
DA:53,563
DA:54,563
DA:55,568
DA:56,568
DA:57,1
DA:58,1
DA:59,568
DA:60,568
DA:61,568
DA:62,568
DA:63,567
DA:64,567
DA:65,567
DA:66,567
DA:67,426
DA:68,426
DA:69,141
DA:70,141
DA:71,141
DA:72,141
DA:73,141
DA:74,141
DA:75,125
DA:76,125
DA:77,141
DA:78,141
DA:79,141
DA:80,141
DA:81,567
DA:82,568
DA:83,568
DA:84,1
DA:85,1
DA:86,313
DA:87,313
DA:88,1
DA:89,1
DA:90,184
DA:91,43
DA:92,43
DA:93,43
DA:94,43
DA:95,39
DA:96,39
DA:97,39
DA:98,43
DA:99,43
DA:100,43
DA:101,43
DA:102,43
DA:103,43
DA:104,43
DA:105,43
DA:106,225
DA:107,225
DA:108,225
DA:109,43
DA:110,43
DA:111,43
DA:112,43
DA:113,43
DA:114,184
DA:115,184
DA:116,1
DA:117,1
DA:118,580
DA:119,567
DA:120,567
DA:121,567
DA:122,567
DA:123,567
DA:124,567
DA:125,567
DA:126,567
DA:127,4
DA:128,4
DA:129,567
DA:130,567
DA:131,563
DA:132,563
DA:133,567
DA:134,567
DA:135,567
DA:136,567
DA:137,567
DA:138,567
DA:139,567
DA:140,580
DA:141,580
DA:142,1
DA:143,1
DA:144,946
DA:145,938
DA:146,938
DA:147,938
DA:148,938
DA:149,938
DA:150,656
DA:151,656
DA:152,282
DA:153,938
DA:154,946
DA:155,946
DA:156,1
DA:157,1
DA:158,1036
DA:159,1036
DA:160,1026
DA:161,1026
DA:162,1026
DA:163,1026
DA:164,1026
DA:165,1026
DA:166,568
DA:167,568
DA:168,458
DA:169,458
DA:170,458
DA:171,458
DA:172,458
DA:173,176
DA:174,176
DA:175,282
DA:176,458
DA:177,1026
DA:178,1026
DA:179,1036
DA:180,1036
DA:181,1
DA:182,1
DA:183,856
DA:184,848
DA:185,848
DA:186,848
DA:187,848
DA:188,848
DA:189,568
DA:190,568
DA:191,280
DA:192,848
DA:193,856
DA:194,856
DA:195,1
DA:196,1
DA:197,64
DA:198,64
DA:199,64
DA:200,64
DA:201,64
DA:202,64
DA:203,64
DA:204,64
DA:205,64
DA:206,1
DA:207,1
DA:208,292
DA:209,292
DA:210,290
DA:211,290
DA:212,290
DA:213,292
DA:214,292
DA:215,292
DA:216,8
DA:217,8
DA:218,284
DA:219,284
DA:220,284
DA:221,284
DA:222,284
DA:223,284
DA:224,284
DA:225,284
DA:226,284
DA:227,284
DA:228,284
DA:229,284
DA:230,2
DA:231,2
DA:232,2
DA:233,2
DA:234,2
DA:235,282
DA:236,282
DA:237,282
DA:238,282
DA:239,270
DA:240,270
DA:241,270
DA:242,270
DA:243,224
DA:244,270
DA:245,282
DA:246,284
DA:247,284
DA:248,284
DA:249,292
DA:250,1
DA:251,1
DA:252,107
DA:253,8
DA:254,8
DA:255,99
DA:256,99
DA:257,99
DA:258,99
DA:259,99
DA:260,99
DA:261,99
DA:262,99
DA:263,44
DA:264,44
DA:265,55
DA:266,55
DA:267,55
DA:268,55
DA:269,99
DA:270,99
DA:271,99
DA:272,107
DA:273,1
DA:274,1
DA:275,307
DA:276,307
DA:277,307
DA:278,1
DA:279,1
DA:280,16
DA:281,12
DA:282,16
DA:283,16
DA:284,16
DA:285,1
DA:286,1
DA:287,36
DA:288,36
DA:289,36
DA:290,36
DA:291,4
DA:292,4
DA:293,32
DA:294,32
DA:295,36
DA:296,1
DA:297,1
DA:298,36
DA:299,36
DA:300,36
DA:301,1
DA:302,1
DA:303,3417
DA:304,3417
DA:305,104
DA:306,2
DA:307,2
DA:308,2
DA:309,102
DA:310,102
DA:311,102
DA:312,3313
DA:313,3313
DA:314,3417
DA:315,3417
DA:316,1
DA:317,1
DA:318,1409
DA:319,1411
DA:320,64
DA:321,64
DA:322,64
DA:323,64
DA:324,64
DA:325,64
DA:326,64
DA:327,64
DA:328,1347
DA:329,1347
DA:330,1347
DA:331,1347
DA:332,1347
DA:333,1347
DA:334,1347
DA:335,1411
DA:336,9
DA:337,9
DA:338,1411
DA:339,1411
DA:340,1409
DA:341,1409
DA:342,1409
DA:343,1409
DA:344,1
DA:345,1
DA:346,1419
DA:347,1419
DA:348,1419
DA:349,1419
DA:350,9
DA:351,9
DA:352,1419
DA:353,1419
DA:354,1410
DA:355,1410
DA:356,1419
DA:357,1419
DA:358,1419
DA:359,1419
DA:360,1419
DA:361,1419
DA:362,1
DA:363,1
DA:364,1
DA:365,1
DA:366,1
DA:367,1
DA:368,1
DA:369,1
DA:370,3169
DA:371,3169
DA:372,24
DA:373,24
DA:374,3169
DA:375,3169
DA:376,3145
DA:377,3145
DA:378,3169
DA:379,3169
DA:380,1
DA:381,1
DA:382,107
DA:383,107
DA:384,1
DA:385,1
DA:386,107
DA:387,107
DA:388,106
DA:389,106
DA:390,107
DA:391,107
DA:392,1
DA:393,1
DA:394,4064
DA:395,4064
DA:396,16
DA:397,16
DA:398,4064
DA:399,4064
DA:400,4048
DA:401,4048
DA:402,4064
DA:403,4064
DA:404,1
DA:405,1
DA:406,1
DA:407,568
DA:408,1
LF:408
LH:408
BRDA:1,0,0,1
BRDA:11,1,0,568
BRDA:28,2,0,6746
BRDA:29,3,0,43
BRDA:32,4,0,6703
BRDA:36,5,0,568
BRDA:39,6,0,4
BRDA:48,7,0,563
BRDA:56,8,0,1
BRDA:42,9,0,4
BRDA:50,10,0,563
BRDA:62,11,0,567
BRDA:66,12,0,426
BRDA:69,13,0,141
BRDA:73,14,0,141
BRDA:74,15,0,125
BRDA:82,16,0,1
BRDA:82,17,0,1
BRDA:82,18,0,567
BRDA:85,19,0,313
BRDA:86,20,0,129
BRDA:89,21,0,184
BRDA:90,22,0,43
BRDA:91,23,0,43
BRDA:94,24,0,39
BRDA:102,25,0,43
BRDA:104,26,0,0
BRDA:105,27,0,225
BRDA:117,28,0,580
BRDA:118,29,0,567
BRDA:120,30,0,567
BRDA:124,31,0,567
BRDA:126,32,0,4
BRDA:130,33,0,563
BRDA:135,34,0,567
BRDA:143,35,0,946
BRDA:144,36,0,938
BRDA:148,37,0,938
BRDA:149,38,0,370
BRDA:149,39,0,656
BRDA:152,40,0,282
BRDA:157,41,0,1036
BRDA:159,42,0,1026
BRDA:160,43,0,1026
BRDA:164,44,0,1026
BRDA:165,45,0,568
BRDA:168,46,0,458
BRDA:171,47,0,458
BRDA:172,48,0,370
BRDA:172,49,0,176
BRDA:175,50,0,282
BRDA:182,51,0,856
BRDA:183,52,0,848
BRDA:187,53,0,848
BRDA:188,54,0,280
BRDA:188,55,0,568
BRDA:191,56,0,280
BRDA:196,57,0,64
BRDA:197,58,0,64
BRDA:201,59,0,64
BRDA:202,60,0,280
BRDA:207,61,0,292
BRDA:209,62,0,290
BRDA:213,63,0,0
BRDA:214,64,0,0
BRDA:215,65,0,288
BRDA:215,66,0,8
BRDA:218,67,0,284
BRDA:220,68,0,284
BRDA:221,69,0,284
BRDA:225,70,0,284
BRDA:226,71,0,8
BRDA:227,72,0,6
BRDA:228,73,0,4
BRDA:229,74,0,2
BRDA:235,75,0,282
BRDA:238,76,0,270
BRDA:242,77,0,224
BRDA:251,78,0,107
BRDA:252,79,0,103
BRDA:252,80,0,8
BRDA:255,81,0,99
BRDA:256,82,0,99
BRDA:257,83,0,99
BRDA:261,84,0,99
BRDA:262,85,0,44
BRDA:265,86,0,55
BRDA:274,87,0,307
BRDA:279,88,0,16
BRDA:280,89,0,12
BRDA:286,90,0,36
BRDA:289,91,0,0
BRDA:290,92,0,4
BRDA:293,93,0,32
BRDA:293,94,0,32
BRDA:297,95,0,36
BRDA:302,96,0,3417
BRDA:303,97,0,3417
BRDA:304,98,0,138
BRDA:304,99,0,104
BRDA:305,100,0,2
BRDA:309,101,0,102
BRDA:312,102,0,3313
BRDA:306,103,0,2
BRDA:317,104,0,1409
BRDA:318,105,0,1411
BRDA:319,106,0,64
BRDA:328,107,0,1347
BRDA:335,108,0,9
BRDA:338,109,0,1338
BRDA:320,110,0,64
BRDA:324,111,0,64
BRDA:329,112,0,1345
BRDA:331,113,0,1347
BRDA:345,114,0,1419
BRDA:349,115,0,9
BRDA:353,116,0,1410
BRDA:358,117,0,1409
BRDA:360,118,0,1409
BRDA:369,119,0,3169
BRDA:371,120,0,24
BRDA:375,121,0,3145
BRDA:376,122,0,3089
BRDA:381,123,0,107
BRDA:383,124,0,1
BRDA:387,125,0,106
BRDA:388,126,0,106
BRDA:393,127,0,4064
BRDA:395,128,0,16
BRDA:399,129,0,4048
BRDA:400,130,0,4002
BRDA:406,131,0,568
BRF:132
BRH:128
end_of_record
